[2026-01-22 21:38:32] local.ERROR: Class "App\Providers\AuthServiceProvider" not found {"exception":"[object] (Error(code: 0): Class \"App\\Providers\\AuthServiceProvider\" not found at C:\\Users\\User\\OneDrive\\Dokumentumok\\GitHub\\TaskManagerBackEnd\\vendor\\laravel\\framework\\src\\Illuminate\\Foundation\\ProviderRepository.php:206)
[stacktrace]
#0 C:\\Users\\User\\OneDrive\\Dokumentumok\\GitHub\\TaskManagerBackEnd\\vendor\\laravel\\framework\\src\\Illuminate\\Foundation\\ProviderRepository.php(142): Illuminate\\Foundation\\ProviderRepository->createProvider('App\\\\Providers\\\\A...')
#1 C:\\Users\\User\\OneDrive\\Dokumentumok\\GitHub\\TaskManagerBackEnd\\vendor\\laravel\\framework\\src\\Illuminate\\Foundation\\ProviderRepository.php(61): Illuminate\\Foundation\\ProviderRepository->compileManifest(Array)
#2 C:\\Users\\User\\OneDrive\\Dokumentumok\\GitHub\\TaskManagerBackEnd\\vendor\\laravel\\framework\\src\\Illuminate\\Foundation\\Application.php(871): Illuminate\\Foundation\\ProviderRepository->load(Array)
#3 C:\\Users\\User\\OneDrive\\Dokumentumok\\GitHub\\TaskManagerBackEnd\\vendor\\laravel\\framework\\src\\Illuminate\\Foundation\\Bootstrap\\RegisterProviders.php(37): Illuminate\\Foundation\\Application->registerConfiguredProviders()
#4 C:\\Users\\User\\OneDrive\\Dokumentumok\\GitHub\\TaskManagerBackEnd\\vendor\\laravel\\framework\\src\\Illuminate\\Foundation\\Application.php(342): Illuminate\\Foundation\\Bootstrap\\RegisterProviders->bootstrap(Object(Illuminate\\Foundation\\Application))
#5 C:\\Users\\User\\OneDrive\\Dokumentumok\\GitHub\\TaskManagerBackEnd\\vendor\\laravel\\framework\\src\\Illuminate\\Foundation\\Console\\Kernel.php(474): Illuminate\\Foundation\\Application->bootstrapWith(Array)
#6 C:\\Users\\User\\OneDrive\\Dokumentumok\\GitHub\\TaskManagerBackEnd\\vendor\\laravel\\framework\\src\\Illuminate\\Foundation\\Console\\Kernel.php(196): Illuminate\\Foundation\\Console\\Kernel->bootstrap()
#7 Command line code(1): Illuminate\\Foundation\\Console\\Kernel->handle(Object(Symfony\\Component\\Console\\Input\\ArgvInput), Object(Symfony\\Component\\Console\\Output\\ConsoleOutput))
#8 {main}
"} 
[2026-01-22 21:38:32] local.ERROR: __VSCODE_LARAVEL_STARTUP_ERROR__: Class "App\Providers\AuthServiceProvider" not found {"exception":"[object] (Error(code: 0): __VSCODE_LARAVEL_STARTUP_ERROR__: Class \"App\\Providers\\AuthServiceProvider\" not found at C:\\Users\\User\\OneDrive\\Dokumentumok\\GitHub\\TaskManagerBackEnd\\vendor\\_laravel_ide\\discover-6d96201ad95cad12367117063c707ebf.php:33)
[stacktrace]
#0 C:\\Users\\User\\OneDrive\\Dokumentumok\\GitHub\\TaskManagerBackEnd\\vendor\\_laravel_ide\\discover-6d96201ad95cad12367117063c707ebf.php(62): LaravelVsCode::startupError(Object(Error))
#1 {main}
"} 
[2026-01-22 21:38:32] local.ERROR: __VSCODE_LARAVEL_STARTUP_ERROR__: Class "App\Providers\AuthServiceProvider" not found {"exception":"[object] (Error(code: 0): __VSCODE_LARAVEL_STARTUP_ERROR__: Class \"App\\Providers\\AuthServiceProvider\" not found at C:\\Users\\User\\OneDrive\\Dokumentumok\\GitHub\\TaskManagerBackEnd\\vendor\\_laravel_ide\\discover-31b934f114eabc246b541addb8b458e3.php:33)
[stacktrace]
#0 C:\\Users\\User\\OneDrive\\Dokumentumok\\GitHub\\TaskManagerBackEnd\\vendor\\_laravel_ide\\discover-31b934f114eabc246b541addb8b458e3.php(62): LaravelVsCode::startupError(Object(Error))
#1 {main}
"} 
[2026-01-22 21:38:32] local.ERROR: __VSCODE_LARAVEL_STARTUP_ERROR__: Class "App\Providers\AuthServiceProvider" not found {"exception":"[object] (Error(code: 0): __VSCODE_LARAVEL_STARTUP_ERROR__: Class \"App\\Providers\\AuthServiceProvider\" not found at C:\\Users\\User\\OneDrive\\Dokumentumok\\GitHub\\TaskManagerBackEnd\\vendor\\_laravel_ide\\discover-5802e590a92e23606bb54d2909564178.php:33)
[stacktrace]
#0 C:\\Users\\User\\OneDrive\\Dokumentumok\\GitHub\\TaskManagerBackEnd\\vendor\\_laravel_ide\\discover-5802e590a92e23606bb54d2909564178.php(62): LaravelVsCode::startupError(Object(Error))
#1 {main}
"} 
[2026-01-22 21:38:32] local.ERROR: Uncaught ReflectionException: Class "view" does not exist in C:\Users\User\OneDrive\Dokumentumok\GitHub\TaskManagerBackEnd\vendor\laravel\framework\src\Illuminate\Container\Container.php:959
Stack trace:
#0 C:\Users\User\OneDrive\Dokumentumok\GitHub\TaskManagerBackEnd\vendor\laravel\framework\src\Illuminate\Container\Container.php(959): ReflectionClass->__construct('view')
#1 C:\Users\User\OneDrive\Dokumentumok\GitHub\TaskManagerBackEnd\vendor\laravel\framework\src\Illuminate\Container\Container.php(832): Illuminate\Container\Container->build('view')
#2 C:\Users\User\OneDrive\Dokumentumok\GitHub\TaskManagerBackEnd\vendor\laravel\framework\src\Illuminate\Foundation\Application.php(1078): Illuminate\Container\Container->resolve('view', Array, true)
#3 C:\Users\User\OneDrive\Dokumentumok\GitHub\TaskManagerBackEnd\vendor\laravel\framework\src\Illuminate\Container\Container.php(763): Illuminate\Foundation\Application->resolve('view', Array)
#4 C:\Users\User\OneDrive\Dokumentumok\GitHub\TaskManagerBackEnd\vendor\laravel\framework\src\Illuminate\Foundation\Application.php(1058): Illuminate\Container\Container->make('view', Array)
#5 C:\Users\User\OneDrive\Dokumentumok\GitHub\TaskManagerBackEnd\vendor\laravel\framework\src\Illuminate\Foundation\helpers.php(124): Illuminate\Foundation\Application->make('view', Array)
#6 Command line code(1): app('view')
#7 {main}

Next Illuminate\Contracts\Container\BindingResolutionException: Target class [view] does not exist. in C:\Users\User\OneDrive\Dokumentumok\GitHub\TaskManagerBackEnd\vendor\laravel\framework\src\Illuminate\Container\Container.php:961
Stack trace:
#0 C:\Users\User\OneDrive\Dokumentumok\GitHub\TaskManagerBackEnd\vendor\laravel\framework\src\Illuminate\Container\Container.php(832): Illuminate\Container\Container->build('view')
#1 C:\Users\User\OneDrive\Dokumentumok\GitHub\TaskManagerBackEnd\vendor\laravel\framework\src\Illuminate\Foundation\Application.php(1078): Illuminate\Container\Container->resolve('view', Array, true)
#2 C:\Users\User\OneDrive\Dokumentumok\GitHub\TaskManagerBackEnd\vendor\laravel\framework\src\Illuminate\Container\Container.php(763): Illuminate\Foundation\Application->resolve('view', Array)
#3 C:\Users\User\OneDrive\Dokumentumok\GitHub\TaskManagerBackEnd\vendor\laravel\framework\src\Illuminate\Foundation\Application.php(1058): Illuminate\Container\Container->make('view', Array)
#4 C:\Users\User\OneDrive\Dokumentumok\GitHub\TaskManagerBackEnd\vendor\laravel\framework\src\Illuminate\Foundation\helpers.php(124): Illuminate\Foundation\Application->make('view', Array)
#5 Command line code(1): app('view')
#6 {main}
  thrown {"exception":"[object] (Symfony\\Component\\ErrorHandler\\Error\\FatalError(code: 0): Uncaught ReflectionException: Class \"view\" does not exist in C:\\Users\\User\\OneDrive\\Dokumentumok\\GitHub\\TaskManagerBackEnd\\vendor\\laravel\\framework\\src\\Illuminate\\Container\\Container.php:959
Stack trace:
#0 C:\\Users\\User\\OneDrive\\Dokumentumok\\GitHub\\TaskManagerBackEnd\\vendor\\laravel\\framework\\src\\Illuminate\\Container\\Container.php(959): ReflectionClass->__construct('view')
#1 C:\\Users\\User\\OneDrive\\Dokumentumok\\GitHub\\TaskManagerBackEnd\\vendor\\laravel\\framework\\src\\Illuminate\\Container\\Container.php(832): Illuminate\\Container\\Container->build('view')
#2 C:\\Users\\User\\OneDrive\\Dokumentumok\\GitHub\\TaskManagerBackEnd\\vendor\\laravel\\framework\\src\\Illuminate\\Foundation\\Application.php(1078): Illuminate\\Container\\Container->resolve('view', Array, true)
#3 C:\\Users\\User\\OneDrive\\Dokumentumok\\GitHub\\TaskManagerBackEnd\\vendor\\laravel\\framework\\src\\Illuminate\\Container\\Container.php(763): Illuminate\\Foundation\\Application->resolve('view', Array)
#4 C:\\Users\\User\\OneDrive\\Dokumentumok\\GitHub\\TaskManagerBackEnd\\vendor\\laravel\\framework\\src\\Illuminate\\Foundation\\Application.php(1058): Illuminate\\Container\\Container->make('view', Array)
#5 C:\\Users\\User\\OneDrive\\Dokumentumok\\GitHub\\TaskManagerBackEnd\\vendor\\laravel\\framework\\src\\Illuminate\\Foundation\\helpers.php(124): Illuminate\\Foundation\\Application->make('view', Array)
#6 Command line code(1): app('view')
#7 {main}

Next Illuminate\\Contracts\\Container\\BindingResolutionException: Target class [view] does not exist. in C:\\Users\\User\\OneDrive\\Dokumentumok\\GitHub\\TaskManagerBackEnd\\vendor\\laravel\\framework\\src\\Illuminate\\Container\\Container.php:961
Stack trace:
#0 C:\\Users\\User\\OneDrive\\Dokumentumok\\GitHub\\TaskManagerBackEnd\\vendor\\laravel\\framework\\src\\Illuminate\\Container\\Container.php(832): Illuminate\\Container\\Container->build('view')
#1 C:\\Users\\User\\OneDrive\\Dokumentumok\\GitHub\\TaskManagerBackEnd\\vendor\\laravel\\framework\\src\\Illuminate\\Foundation\\Application.php(1078): Illuminate\\Container\\Container->resolve('view', Array, true)
#2 C:\\Users\\User\\OneDrive\\Dokumentumok\\GitHub\\TaskManagerBackEnd\\vendor\\laravel\\framework\\src\\Illuminate\\Container\\Container.php(763): Illuminate\\Foundation\\Application->resolve('view', Array)
#3 C:\\Users\\User\\OneDrive\\Dokumentumok\\GitHub\\TaskManagerBackEnd\\vendor\\laravel\\framework\\src\\Illuminate\\Foundation\\Application.php(1058): Illuminate\\Container\\Container->make('view', Array)
#4 C:\\Users\\User\\OneDrive\\Dokumentumok\\GitHub\\TaskManagerBackEnd\\vendor\\laravel\\framework\\src\\Illuminate\\Foundation\\helpers.php(124): Illuminate\\Foundation\\Application->make('view', Array)
#5 Command line code(1): app('view')
#6 {main}
  thrown at C:\\Users\\User\\OneDrive\\Dokumentumok\\GitHub\\TaskManagerBackEnd\\vendor\\laravel\\framework\\src\\Illuminate\\Container\\Container.php:961)
[stacktrace]
#0 {main}
"} 
[2026-01-22 21:38:33] local.ERROR: __VSCODE_LARAVEL_STARTUP_ERROR__: Class "App\Providers\AuthServiceProvider" not found {"exception":"[object] (Error(code: 0): __VSCODE_LARAVEL_STARTUP_ERROR__: Class \"App\\Providers\\AuthServiceProvider\" not found at C:\\Users\\User\\OneDrive\\Dokumentumok\\GitHub\\TaskManagerBackEnd\\vendor\\_laravel_ide\\discover-1e7ea3cf42a2f9b84f3de09530e2c135.php:33)
[stacktrace]
#0 C:\\Users\\User\\OneDrive\\Dokumentumok\\GitHub\\TaskManagerBackEnd\\vendor\\_laravel_ide\\discover-1e7ea3cf42a2f9b84f3de09530e2c135.php(62): LaravelVsCode::startupError(Object(Error))
#1 {main}
"} 
[2026-01-22 21:38:33] local.ERROR: __VSCODE_LARAVEL_STARTUP_ERROR__: Class "App\Providers\AuthServiceProvider" not found {"exception":"[object] (Error(code: 0): __VSCODE_LARAVEL_STARTUP_ERROR__: Class \"App\\Providers\\AuthServiceProvider\" not found at C:\\Users\\User\\OneDrive\\Dokumentumok\\GitHub\\TaskManagerBackEnd\\vendor\\_laravel_ide\\discover-f5442aeac73a6a9021bd7ce113d6a606.php:33)
[stacktrace]
#0 C:\\Users\\User\\OneDrive\\Dokumentumok\\GitHub\\TaskManagerBackEnd\\vendor\\_laravel_ide\\discover-f5442aeac73a6a9021bd7ce113d6a606.php(62): LaravelVsCode::startupError(Object(Error))
#1 {main}
"} 
[2026-01-22 21:38:33] local.ERROR: __VSCODE_LARAVEL_STARTUP_ERROR__: Class "App\Providers\AuthServiceProvider" not found {"exception":"[object] (Error(code: 0): __VSCODE_LARAVEL_STARTUP_ERROR__: Class \"App\\Providers\\AuthServiceProvider\" not found at C:\\Users\\User\\OneDrive\\Dokumentumok\\GitHub\\TaskManagerBackEnd\\vendor\\_laravel_ide\\discover-8901d7abb34be35c2cdbd20f47031402.php:33)
[stacktrace]
#0 C:\\Users\\User\\OneDrive\\Dokumentumok\\GitHub\\TaskManagerBackEnd\\vendor\\_laravel_ide\\discover-8901d7abb34be35c2cdbd20f47031402.php(62): LaravelVsCode::startupError(Object(Error))
#1 {main}
"} 
[2026-01-22 21:38:33] local.ERROR: __VSCODE_LARAVEL_STARTUP_ERROR__: Class "App\Providers\AuthServiceProvider" not found {"exception":"[object] (Error(code: 0): __VSCODE_LARAVEL_STARTUP_ERROR__: Class \"App\\Providers\\AuthServiceProvider\" not found at C:\\Users\\User\\OneDrive\\Dokumentumok\\GitHub\\TaskManagerBackEnd\\vendor\\_laravel_ide\\discover-f6c2bb05e77ee582c501379f6998f2c4.php:33)
[stacktrace]
#0 C:\\Users\\User\\OneDrive\\Dokumentumok\\GitHub\\TaskManagerBackEnd\\vendor\\_laravel_ide\\discover-f6c2bb05e77ee582c501379f6998f2c4.php(62): LaravelVsCode::startupError(Object(Error))
#1 {main}
"} 
[2026-01-22 21:38:33] local.ERROR: __VSCODE_LARAVEL_STARTUP_ERROR__: Class "App\Providers\AuthServiceProvider" not found {"exception":"[object] (Error(code: 0): __VSCODE_LARAVEL_STARTUP_ERROR__: Class \"App\\Providers\\AuthServiceProvider\" not found at C:\\Users\\User\\OneDrive\\Dokumentumok\\GitHub\\TaskManagerBackEnd\\vendor\\_laravel_ide\\discover-6fd83ab5fb3f0a7e73c08ddae18f9934.php:33)
[stacktrace]
#0 C:\\Users\\User\\OneDrive\\Dokumentumok\\GitHub\\TaskManagerBackEnd\\vendor\\_laravel_ide\\discover-6fd83ab5fb3f0a7e73c08ddae18f9934.php(62): LaravelVsCode::startupError(Object(Error))
#1 {main}
"} 
[2026-01-22 21:38:33] local.ERROR: __VSCODE_LARAVEL_STARTUP_ERROR__: Class "App\Providers\AuthServiceProvider" not found {"exception":"[object] (Error(code: 0): __VSCODE_LARAVEL_STARTUP_ERROR__: Class \"App\\Providers\\AuthServiceProvider\" not found at C:\\Users\\User\\OneDrive\\Dokumentumok\\GitHub\\TaskManagerBackEnd\\vendor\\_laravel_ide\\discover-7563160ca998bde672640aa1e68dfd08.php:33)
[stacktrace]
#0 C:\\Users\\User\\OneDrive\\Dokumentumok\\GitHub\\TaskManagerBackEnd\\vendor\\_laravel_ide\\discover-7563160ca998bde672640aa1e68dfd08.php(62): LaravelVsCode::startupError(Object(Error))
#1 {main}
"} 
[2026-01-22 21:38:33] local.ERROR: __VSCODE_LARAVEL_STARTUP_ERROR__: Class "App\Providers\AuthServiceProvider" not found {"exception":"[object] (Error(code: 0): __VSCODE_LARAVEL_STARTUP_ERROR__: Class \"App\\Providers\\AuthServiceProvider\" not found at C:\\Users\\User\\OneDrive\\Dokumentumok\\GitHub\\TaskManagerBackEnd\\vendor\\_laravel_ide\\discover-b2238725d3a9b1f49ec262da9e63ff86.php:33)
[stacktrace]
#0 C:\\Users\\User\\OneDrive\\Dokumentumok\\GitHub\\TaskManagerBackEnd\\vendor\\_laravel_ide\\discover-b2238725d3a9b1f49ec262da9e63ff86.php(62): LaravelVsCode::startupError(Object(Error))
#1 {main}
"} 
[2026-01-22 21:38:34] local.ERROR: __VSCODE_LARAVEL_STARTUP_ERROR__: Class "App\Providers\AuthServiceProvider" not found {"exception":"[object] (Error(code: 0): __VSCODE_LARAVEL_STARTUP_ERROR__: Class \"App\\Providers\\AuthServiceProvider\" not found at C:\\Users\\User\\OneDrive\\Dokumentumok\\GitHub\\TaskManagerBackEnd\\vendor\\_laravel_ide\\discover-6d96201ad95cad12367117063c707ebf.php:33)
[stacktrace]
#0 C:\\Users\\User\\OneDrive\\Dokumentumok\\GitHub\\TaskManagerBackEnd\\vendor\\_laravel_ide\\discover-6d96201ad95cad12367117063c707ebf.php(62): LaravelVsCode::startupError(Object(Error))
#1 {main}
"} 
[2026-01-22 21:38:34] local.ERROR: __VSCODE_LARAVEL_STARTUP_ERROR__: Class "App\Providers\AuthServiceProvider" not found {"exception":"[object] (Error(code: 0): __VSCODE_LARAVEL_STARTUP_ERROR__: Class \"App\\Providers\\AuthServiceProvider\" not found at C:\\Users\\User\\OneDrive\\Dokumentumok\\GitHub\\TaskManagerBackEnd\\vendor\\_laravel_ide\\discover-31b934f114eabc246b541addb8b458e3.php:33)
[stacktrace]
#0 C:\\Users\\User\\OneDrive\\Dokumentumok\\GitHub\\TaskManagerBackEnd\\vendor\\_laravel_ide\\discover-31b934f114eabc246b541addb8b458e3.php(62): LaravelVsCode::startupError(Object(Error))
#1 {main}
"} 
[2026-01-22 21:38:34] local.ERROR: __VSCODE_LARAVEL_STARTUP_ERROR__: Class "App\Providers\AuthServiceProvider" not found {"exception":"[object] (Error(code: 0): __VSCODE_LARAVEL_STARTUP_ERROR__: Class \"App\\Providers\\AuthServiceProvider\" not found at C:\\Users\\User\\OneDrive\\Dokumentumok\\GitHub\\TaskManagerBackEnd\\vendor\\_laravel_ide\\discover-5802e590a92e23606bb54d2909564178.php:33)
[stacktrace]
#0 C:\\Users\\User\\OneDrive\\Dokumentumok\\GitHub\\TaskManagerBackEnd\\vendor\\_laravel_ide\\discover-5802e590a92e23606bb54d2909564178.php(62): LaravelVsCode::startupError(Object(Error))
#1 {main}
"} 
[2026-01-22 21:38:34] local.ERROR: __VSCODE_LARAVEL_STARTUP_ERROR__: Class "App\Providers\AuthServiceProvider" not found {"exception":"[object] (Error(code: 0): __VSCODE_LARAVEL_STARTUP_ERROR__: Class \"App\\Providers\\AuthServiceProvider\" not found at C:\\Users\\User\\OneDrive\\Dokumentumok\\GitHub\\TaskManagerBackEnd\\vendor\\_laravel_ide\\discover-f613d6a3d267805582334742522e87f1.php:33)
[stacktrace]
#0 C:\\Users\\User\\OneDrive\\Dokumentumok\\GitHub\\TaskManagerBackEnd\\vendor\\_laravel_ide\\discover-f613d6a3d267805582334742522e87f1.php(62): LaravelVsCode::startupError(Object(Error))
#1 {main}
"} 
[2026-01-22 21:38:34] local.ERROR: Class "App\Providers\AuthServiceProvider" not found {"exception":"[object] (Error(code: 0): Class \"App\\Providers\\AuthServiceProvider\" not found at C:\\Users\\User\\OneDrive\\Dokumentumok\\GitHub\\TaskManagerBackEnd\\vendor\\laravel\\framework\\src\\Illuminate\\Foundation\\ProviderRepository.php:206)
[stacktrace]
#0 C:\\Users\\User\\OneDrive\\Dokumentumok\\GitHub\\TaskManagerBackEnd\\vendor\\laravel\\framework\\src\\Illuminate\\Foundation\\ProviderRepository.php(142): Illuminate\\Foundation\\ProviderRepository->createProvider('App\\\\Providers\\\\A...')
#1 C:\\Users\\User\\OneDrive\\Dokumentumok\\GitHub\\TaskManagerBackEnd\\vendor\\laravel\\framework\\src\\Illuminate\\Foundation\\ProviderRepository.php(61): Illuminate\\Foundation\\ProviderRepository->compileManifest(Array)
#2 C:\\Users\\User\\OneDrive\\Dokumentumok\\GitHub\\TaskManagerBackEnd\\vendor\\laravel\\framework\\src\\Illuminate\\Foundation\\Application.php(871): Illuminate\\Foundation\\ProviderRepository->load(Array)
#3 C:\\Users\\User\\OneDrive\\Dokumentumok\\GitHub\\TaskManagerBackEnd\\vendor\\laravel\\framework\\src\\Illuminate\\Foundation\\Bootstrap\\RegisterProviders.php(37): Illuminate\\Foundation\\Application->registerConfiguredProviders()
#4 C:\\Users\\User\\OneDrive\\Dokumentumok\\GitHub\\TaskManagerBackEnd\\vendor\\laravel\\framework\\src\\Illuminate\\Foundation\\Application.php(342): Illuminate\\Foundation\\Bootstrap\\RegisterProviders->bootstrap(Object(Illuminate\\Foundation\\Application))
#5 C:\\Users\\User\\OneDrive\\Dokumentumok\\GitHub\\TaskManagerBackEnd\\vendor\\laravel\\framework\\src\\Illuminate\\Foundation\\Console\\Kernel.php(474): Illuminate\\Foundation\\Application->bootstrapWith(Array)
#6 C:\\Users\\User\\OneDrive\\Dokumentumok\\GitHub\\TaskManagerBackEnd\\vendor\\laravel\\framework\\src\\Illuminate\\Foundation\\Console\\Kernel.php(196): Illuminate\\Foundation\\Console\\Kernel->bootstrap()
#7 Command line code(1): Illuminate\\Foundation\\Console\\Kernel->handle(Object(Symfony\\Component\\Console\\Input\\ArgvInput), Object(Symfony\\Component\\Console\\Output\\ConsoleOutput))
#8 {main}
"} 
[2026-01-22 21:38:34] local.ERROR: Uncaught ReflectionException: Class "view" does not exist in C:\Users\User\OneDrive\Dokumentumok\GitHub\TaskManagerBackEnd\vendor\laravel\framework\src\Illuminate\Container\Container.php:959
Stack trace:
#0 C:\Users\User\OneDrive\Dokumentumok\GitHub\TaskManagerBackEnd\vendor\laravel\framework\src\Illuminate\Container\Container.php(959): ReflectionClass->__construct('view')
#1 C:\Users\User\OneDrive\Dokumentumok\GitHub\TaskManagerBackEnd\vendor\laravel\framework\src\Illuminate\Container\Container.php(832): Illuminate\Container\Container->build('view')
#2 C:\Users\User\OneDrive\Dokumentumok\GitHub\TaskManagerBackEnd\vendor\laravel\framework\src\Illuminate\Foundation\Application.php(1078): Illuminate\Container\Container->resolve('view', Array, true)
#3 C:\Users\User\OneDrive\Dokumentumok\GitHub\TaskManagerBackEnd\vendor\laravel\framework\src\Illuminate\Container\Container.php(763): Illuminate\Foundation\Application->resolve('view', Array)
#4 C:\Users\User\OneDrive\Dokumentumok\GitHub\TaskManagerBackEnd\vendor\laravel\framework\src\Illuminate\Foundation\Application.php(1058): Illuminate\Container\Container->make('view', Array)
#5 C:\Users\User\OneDrive\Dokumentumok\GitHub\TaskManagerBackEnd\vendor\laravel\framework\src\Illuminate\Foundation\helpers.php(124): Illuminate\Foundation\Application->make('view', Array)
#6 Command line code(1): app('view')
#7 {main}

Next Illuminate\Contracts\Container\BindingResolutionException: Target class [view] does not exist. in C:\Users\User\OneDrive\Dokumentumok\GitHub\TaskManagerBackEnd\vendor\laravel\framework\src\Illuminate\Container\Container.php:961
Stack trace:
#0 C:\Users\User\OneDrive\Dokumentumok\GitHub\TaskManagerBackEnd\vendor\laravel\framework\src\Illuminate\Container\Container.php(832): Illuminate\Container\Container->build('view')
#1 C:\Users\User\OneDrive\Dokumentumok\GitHub\TaskManagerBackEnd\vendor\laravel\framework\src\Illuminate\Foundation\Application.php(1078): Illuminate\Container\Container->resolve('view', Array, true)
#2 C:\Users\User\OneDrive\Dokumentumok\GitHub\TaskManagerBackEnd\vendor\laravel\framework\src\Illuminate\Container\Container.php(763): Illuminate\Foundation\Application->resolve('view', Array)
#3 C:\Users\User\OneDrive\Dokumentumok\GitHub\TaskManagerBackEnd\vendor\laravel\framework\src\Illuminate\Foundation\Application.php(1058): Illuminate\Container\Container->make('view', Array)
#4 C:\Users\User\OneDrive\Dokumentumok\GitHub\TaskManagerBackEnd\vendor\laravel\framework\src\Illuminate\Foundation\helpers.php(124): Illuminate\Foundation\Application->make('view', Array)
#5 Command line code(1): app('view')
#6 {main}
  thrown {"exception":"[object] (Symfony\\Component\\ErrorHandler\\Error\\FatalError(code: 0): Uncaught ReflectionException: Class \"view\" does not exist in C:\\Users\\User\\OneDrive\\Dokumentumok\\GitHub\\TaskManagerBackEnd\\vendor\\laravel\\framework\\src\\Illuminate\\Container\\Container.php:959
Stack trace:
#0 C:\\Users\\User\\OneDrive\\Dokumentumok\\GitHub\\TaskManagerBackEnd\\vendor\\laravel\\framework\\src\\Illuminate\\Container\\Container.php(959): ReflectionClass->__construct('view')
#1 C:\\Users\\User\\OneDrive\\Dokumentumok\\GitHub\\TaskManagerBackEnd\\vendor\\laravel\\framework\\src\\Illuminate\\Container\\Container.php(832): Illuminate\\Container\\Container->build('view')
#2 C:\\Users\\User\\OneDrive\\Dokumentumok\\GitHub\\TaskManagerBackEnd\\vendor\\laravel\\framework\\src\\Illuminate\\Foundation\\Application.php(1078): Illuminate\\Container\\Container->resolve('view', Array, true)
#3 C:\\Users\\User\\OneDrive\\Dokumentumok\\GitHub\\TaskManagerBackEnd\\vendor\\laravel\\framework\\src\\Illuminate\\Container\\Container.php(763): Illuminate\\Foundation\\Application->resolve('view', Array)
#4 C:\\Users\\User\\OneDrive\\Dokumentumok\\GitHub\\TaskManagerBackEnd\\vendor\\laravel\\framework\\src\\Illuminate\\Foundation\\Application.php(1058): Illuminate\\Container\\Container->make('view', Array)
#5 C:\\Users\\User\\OneDrive\\Dokumentumok\\GitHub\\TaskManagerBackEnd\\vendor\\laravel\\framework\\src\\Illuminate\\Foundation\\helpers.php(124): Illuminate\\Foundation\\Application->make('view', Array)
#6 Command line code(1): app('view')
#7 {main}

Next Illuminate\\Contracts\\Container\\BindingResolutionException: Target class [view] does not exist. in C:\\Users\\User\\OneDrive\\Dokumentumok\\GitHub\\TaskManagerBackEnd\\vendor\\laravel\\framework\\src\\Illuminate\\Container\\Container.php:961
Stack trace:
#0 C:\\Users\\User\\OneDrive\\Dokumentumok\\GitHub\\TaskManagerBackEnd\\vendor\\laravel\\framework\\src\\Illuminate\\Container\\Container.php(832): Illuminate\\Container\\Container->build('view')
#1 C:\\Users\\User\\OneDrive\\Dokumentumok\\GitHub\\TaskManagerBackEnd\\vendor\\laravel\\framework\\src\\Illuminate\\Foundation\\Application.php(1078): Illuminate\\Container\\Container->resolve('view', Array, true)
#2 C:\\Users\\User\\OneDrive\\Dokumentumok\\GitHub\\TaskManagerBackEnd\\vendor\\laravel\\framework\\src\\Illuminate\\Container\\Container.php(763): Illuminate\\Foundation\\Application->resolve('view', Array)
#3 C:\\Users\\User\\OneDrive\\Dokumentumok\\GitHub\\TaskManagerBackEnd\\vendor\\laravel\\framework\\src\\Illuminate\\Foundation\\Application.php(1058): Illuminate\\Container\\Container->make('view', Array)
#4 C:\\Users\\User\\OneDrive\\Dokumentumok\\GitHub\\TaskManagerBackEnd\\vendor\\laravel\\framework\\src\\Illuminate\\Foundation\\helpers.php(124): Illuminate\\Foundation\\Application->make('view', Array)
#5 Command line code(1): app('view')
#6 {main}
  thrown at C:\\Users\\User\\OneDrive\\Dokumentumok\\GitHub\\TaskManagerBackEnd\\vendor\\laravel\\framework\\src\\Illuminate\\Container\\Container.php:961)
[stacktrace]
#0 {main}
"} 
[2026-01-22 21:38:34] local.ERROR: __VSCODE_LARAVEL_STARTUP_ERROR__: Class "App\Providers\AuthServiceProvider" not found {"exception":"[object] (Error(code: 0): __VSCODE_LARAVEL_STARTUP_ERROR__: Class \"App\\Providers\\AuthServiceProvider\" not found at C:\\Users\\User\\OneDrive\\Dokumentumok\\GitHub\\TaskManagerBackEnd\\vendor\\_laravel_ide\\discover-1e7ea3cf42a2f9b84f3de09530e2c135.php:33)
[stacktrace]
#0 C:\\Users\\User\\OneDrive\\Dokumentumok\\GitHub\\TaskManagerBackEnd\\vendor\\_laravel_ide\\discover-1e7ea3cf42a2f9b84f3de09530e2c135.php(62): LaravelVsCode::startupError(Object(Error))
#1 {main}
"} 
[2026-01-22 21:38:34] local.ERROR: __VSCODE_LARAVEL_STARTUP_ERROR__: Class "App\Providers\AuthServiceProvider" not found {"exception":"[object] (Error(code: 0): __VSCODE_LARAVEL_STARTUP_ERROR__: Class \"App\\Providers\\AuthServiceProvider\" not found at C:\\Users\\User\\OneDrive\\Dokumentumok\\GitHub\\TaskManagerBackEnd\\vendor\\_laravel_ide\\discover-6fd83ab5fb3f0a7e73c08ddae18f9934.php:33)
[stacktrace]
#0 C:\\Users\\User\\OneDrive\\Dokumentumok\\GitHub\\TaskManagerBackEnd\\vendor\\_laravel_ide\\discover-6fd83ab5fb3f0a7e73c08ddae18f9934.php(62): LaravelVsCode::startupError(Object(Error))
#1 {main}
"} 
[2026-01-22 21:38:34] local.ERROR: __VSCODE_LARAVEL_STARTUP_ERROR__: Class "App\Providers\AuthServiceProvider" not found {"exception":"[object] (Error(code: 0): __VSCODE_LARAVEL_STARTUP_ERROR__: Class \"App\\Providers\\AuthServiceProvider\" not found at C:\\Users\\User\\OneDrive\\Dokumentumok\\GitHub\\TaskManagerBackEnd\\vendor\\_laravel_ide\\discover-f6c2bb05e77ee582c501379f6998f2c4.php:33)
[stacktrace]
#0 C:\\Users\\User\\OneDrive\\Dokumentumok\\GitHub\\TaskManagerBackEnd\\vendor\\_laravel_ide\\discover-f6c2bb05e77ee582c501379f6998f2c4.php(62): LaravelVsCode::startupError(Object(Error))
#1 {main}
"} 
[2026-01-22 21:38:34] local.ERROR: __VSCODE_LARAVEL_STARTUP_ERROR__: Class "App\Providers\AuthServiceProvider" not found {"exception":"[object] (Error(code: 0): __VSCODE_LARAVEL_STARTUP_ERROR__: Class \"App\\Providers\\AuthServiceProvider\" not found at C:\\Users\\User\\OneDrive\\Dokumentumok\\GitHub\\TaskManagerBackEnd\\vendor\\_laravel_ide\\discover-b2238725d3a9b1f49ec262da9e63ff86.php:33)
[stacktrace]
#0 C:\\Users\\User\\OneDrive\\Dokumentumok\\GitHub\\TaskManagerBackEnd\\vendor\\_laravel_ide\\discover-b2238725d3a9b1f49ec262da9e63ff86.php(62): LaravelVsCode::startupError(Object(Error))
#1 {main}
"} 
[2026-01-22 21:38:34] local.ERROR: __VSCODE_LARAVEL_STARTUP_ERROR__: Class "App\Providers\AuthServiceProvider" not found {"exception":"[object] (Error(code: 0): __VSCODE_LARAVEL_STARTUP_ERROR__: Class \"App\\Providers\\AuthServiceProvider\" not found at C:\\Users\\User\\OneDrive\\Dokumentumok\\GitHub\\TaskManagerBackEnd\\vendor\\_laravel_ide\\discover-7563160ca998bde672640aa1e68dfd08.php:33)
[stacktrace]
#0 C:\\Users\\User\\OneDrive\\Dokumentumok\\GitHub\\TaskManagerBackEnd\\vendor\\_laravel_ide\\discover-7563160ca998bde672640aa1e68dfd08.php(62): LaravelVsCode::startupError(Object(Error))
#1 {main}
"} 
[2026-01-22 21:38:34] local.ERROR: __VSCODE_LARAVEL_STARTUP_ERROR__: Class "App\Providers\AuthServiceProvider" not found {"exception":"[object] (Error(code: 0): __VSCODE_LARAVEL_STARTUP_ERROR__: Class \"App\\Providers\\AuthServiceProvider\" not found at C:\\Users\\User\\OneDrive\\Dokumentumok\\GitHub\\TaskManagerBackEnd\\vendor\\_laravel_ide\\discover-8901d7abb34be35c2cdbd20f47031402.php:33)
[stacktrace]
#0 C:\\Users\\User\\OneDrive\\Dokumentumok\\GitHub\\TaskManagerBackEnd\\vendor\\_laravel_ide\\discover-8901d7abb34be35c2cdbd20f47031402.php(62): LaravelVsCode::startupError(Object(Error))
#1 {main}
"} 
[2026-01-22 21:38:34] local.ERROR: Class "App\Providers\AuthServiceProvider" not found {"exception":"[object] (Error(code: 0): Class \"App\\Providers\\AuthServiceProvider\" not found at C:\\Users\\User\\OneDrive\\Dokumentumok\\GitHub\\TaskManagerBackEnd\\vendor\\laravel\\framework\\src\\Illuminate\\Foundation\\ProviderRepository.php:206)
[stacktrace]
#0 C:\\Users\\User\\OneDrive\\Dokumentumok\\GitHub\\TaskManagerBackEnd\\vendor\\laravel\\framework\\src\\Illuminate\\Foundation\\ProviderRepository.php(142): Illuminate\\Foundation\\ProviderRepository->createProvider('App\\\\Providers\\\\A...')
#1 C:\\Users\\User\\OneDrive\\Dokumentumok\\GitHub\\TaskManagerBackEnd\\vendor\\laravel\\framework\\src\\Illuminate\\Foundation\\ProviderRepository.php(61): Illuminate\\Foundation\\ProviderRepository->compileManifest(Array)
#2 C:\\Users\\User\\OneDrive\\Dokumentumok\\GitHub\\TaskManagerBackEnd\\vendor\\laravel\\framework\\src\\Illuminate\\Foundation\\Application.php(871): Illuminate\\Foundation\\ProviderRepository->load(Array)
#3 C:\\Users\\User\\OneDrive\\Dokumentumok\\GitHub\\TaskManagerBackEnd\\vendor\\laravel\\framework\\src\\Illuminate\\Foundation\\Bootstrap\\RegisterProviders.php(37): Illuminate\\Foundation\\Application->registerConfiguredProviders()
#4 C:\\Users\\User\\OneDrive\\Dokumentumok\\GitHub\\TaskManagerBackEnd\\vendor\\laravel\\framework\\src\\Illuminate\\Foundation\\Application.php(342): Illuminate\\Foundation\\Bootstrap\\RegisterProviders->bootstrap(Object(Illuminate\\Foundation\\Application))
#5 C:\\Users\\User\\OneDrive\\Dokumentumok\\GitHub\\TaskManagerBackEnd\\vendor\\laravel\\framework\\src\\Illuminate\\Foundation\\Console\\Kernel.php(474): Illuminate\\Foundation\\Application->bootstrapWith(Array)
#6 C:\\Users\\User\\OneDrive\\Dokumentumok\\GitHub\\TaskManagerBackEnd\\vendor\\laravel\\framework\\src\\Illuminate\\Foundation\\Console\\Kernel.php(196): Illuminate\\Foundation\\Console\\Kernel->bootstrap()
#7 Command line code(1): Illuminate\\Foundation\\Console\\Kernel->handle(Object(Symfony\\Component\\Console\\Input\\ArgvInput), Object(Symfony\\Component\\Console\\Output\\ConsoleOutput))
#8 {main}
"} 
[2026-01-22 21:38:34] local.ERROR: Uncaught ReflectionException: Class "view" does not exist in C:\Users\User\OneDrive\Dokumentumok\GitHub\TaskManagerBackEnd\vendor\laravel\framework\src\Illuminate\Container\Container.php:959
Stack trace:
#0 C:\Users\User\OneDrive\Dokumentumok\GitHub\TaskManagerBackEnd\vendor\laravel\framework\src\Illuminate\Container\Container.php(959): ReflectionClass->__construct('view')
#1 C:\Users\User\OneDrive\Dokumentumok\GitHub\TaskManagerBackEnd\vendor\laravel\framework\src\Illuminate\Container\Container.php(832): Illuminate\Container\Container->build('view')
#2 C:\Users\User\OneDrive\Dokumentumok\GitHub\TaskManagerBackEnd\vendor\laravel\framework\src\Illuminate\Foundation\Application.php(1078): Illuminate\Container\Container->resolve('view', Array, true)
#3 C:\Users\User\OneDrive\Dokumentumok\GitHub\TaskManagerBackEnd\vendor\laravel\framework\src\Illuminate\Container\Container.php(763): Illuminate\Foundation\Application->resolve('view', Array)
#4 C:\Users\User\OneDrive\Dokumentumok\GitHub\TaskManagerBackEnd\vendor\laravel\framework\src\Illuminate\Foundation\Application.php(1058): Illuminate\Container\Container->make('view', Array)
#5 C:\Users\User\OneDrive\Dokumentumok\GitHub\TaskManagerBackEnd\vendor\laravel\framework\src\Illuminate\Foundation\helpers.php(124): Illuminate\Foundation\Application->make('view', Array)
#6 Command line code(1): app('view')
#7 {main}

Next Illuminate\Contracts\Container\BindingResolutionException: Target class [view] does not exist. in C:\Users\User\OneDrive\Dokumentumok\GitHub\TaskManagerBackEnd\vendor\laravel\framework\src\Illuminate\Container\Container.php:961
Stack trace:
#0 C:\Users\User\OneDrive\Dokumentumok\GitHub\TaskManagerBackEnd\vendor\laravel\framework\src\Illuminate\Container\Container.php(832): Illuminate\Container\Container->build('view')
#1 C:\Users\User\OneDrive\Dokumentumok\GitHub\TaskManagerBackEnd\vendor\laravel\framework\src\Illuminate\Foundation\Application.php(1078): Illuminate\Container\Container->resolve('view', Array, true)
#2 C:\Users\User\OneDrive\Dokumentumok\GitHub\TaskManagerBackEnd\vendor\laravel\framework\src\Illuminate\Container\Container.php(763): Illuminate\Foundation\Application->resolve('view', Array)
#3 C:\Users\User\OneDrive\Dokumentumok\GitHub\TaskManagerBackEnd\vendor\laravel\framework\src\Illuminate\Foundation\Application.php(1058): Illuminate\Container\Container->make('view', Array)
#4 C:\Users\User\OneDrive\Dokumentumok\GitHub\TaskManagerBackEnd\vendor\laravel\framework\src\Illuminate\Foundation\helpers.php(124): Illuminate\Foundation\Application->make('view', Array)
#5 Command line code(1): app('view')
#6 {main}
  thrown {"exception":"[object] (Symfony\\Component\\ErrorHandler\\Error\\FatalError(code: 0): Uncaught ReflectionException: Class \"view\" does not exist in C:\\Users\\User\\OneDrive\\Dokumentumok\\GitHub\\TaskManagerBackEnd\\vendor\\laravel\\framework\\src\\Illuminate\\Container\\Container.php:959
Stack trace:
#0 C:\\Users\\User\\OneDrive\\Dokumentumok\\GitHub\\TaskManagerBackEnd\\vendor\\laravel\\framework\\src\\Illuminate\\Container\\Container.php(959): ReflectionClass->__construct('view')
#1 C:\\Users\\User\\OneDrive\\Dokumentumok\\GitHub\\TaskManagerBackEnd\\vendor\\laravel\\framework\\src\\Illuminate\\Container\\Container.php(832): Illuminate\\Container\\Container->build('view')
#2 C:\\Users\\User\\OneDrive\\Dokumentumok\\GitHub\\TaskManagerBackEnd\\vendor\\laravel\\framework\\src\\Illuminate\\Foundation\\Application.php(1078): Illuminate\\Container\\Container->resolve('view', Array, true)
#3 C:\\Users\\User\\OneDrive\\Dokumentumok\\GitHub\\TaskManagerBackEnd\\vendor\\laravel\\framework\\src\\Illuminate\\Container\\Container.php(763): Illuminate\\Foundation\\Application->resolve('view', Array)
#4 C:\\Users\\User\\OneDrive\\Dokumentumok\\GitHub\\TaskManagerBackEnd\\vendor\\laravel\\framework\\src\\Illuminate\\Foundation\\Application.php(1058): Illuminate\\Container\\Container->make('view', Array)
#5 C:\\Users\\User\\OneDrive\\Dokumentumok\\GitHub\\TaskManagerBackEnd\\vendor\\laravel\\framework\\src\\Illuminate\\Foundation\\helpers.php(124): Illuminate\\Foundation\\Application->make('view', Array)
#6 Command line code(1): app('view')
#7 {main}

Next Illuminate\\Contracts\\Container\\BindingResolutionException: Target class [view] does not exist. in C:\\Users\\User\\OneDrive\\Dokumentumok\\GitHub\\TaskManagerBackEnd\\vendor\\laravel\\framework\\src\\Illuminate\\Container\\Container.php:961
Stack trace:
#0 C:\\Users\\User\\OneDrive\\Dokumentumok\\GitHub\\TaskManagerBackEnd\\vendor\\laravel\\framework\\src\\Illuminate\\Container\\Container.php(832): Illuminate\\Container\\Container->build('view')
#1 C:\\Users\\User\\OneDrive\\Dokumentumok\\GitHub\\TaskManagerBackEnd\\vendor\\laravel\\framework\\src\\Illuminate\\Foundation\\Application.php(1078): Illuminate\\Container\\Container->resolve('view', Array, true)
#2 C:\\Users\\User\\OneDrive\\Dokumentumok\\GitHub\\TaskManagerBackEnd\\vendor\\laravel\\framework\\src\\Illuminate\\Container\\Container.php(763): Illuminate\\Foundation\\Application->resolve('view', Array)
#3 C:\\Users\\User\\OneDrive\\Dokumentumok\\GitHub\\TaskManagerBackEnd\\vendor\\laravel\\framework\\src\\Illuminate\\Foundation\\Application.php(1058): Illuminate\\Container\\Container->make('view', Array)
#4 C:\\Users\\User\\OneDrive\\Dokumentumok\\GitHub\\TaskManagerBackEnd\\vendor\\laravel\\framework\\src\\Illuminate\\Foundation\\helpers.php(124): Illuminate\\Foundation\\Application->make('view', Array)
#5 Command line code(1): app('view')
#6 {main}
  thrown at C:\\Users\\User\\OneDrive\\Dokumentumok\\GitHub\\TaskManagerBackEnd\\vendor\\laravel\\framework\\src\\Illuminate\\Container\\Container.php:961)
[stacktrace]
#0 {main}
"} 
[2026-01-22 21:38:35] local.ERROR: Class "App\Providers\AuthServiceProvider" not found {"exception":"[object] (Error(code: 0): Class \"App\\Providers\\AuthServiceProvider\" not found at C:\\Users\\User\\OneDrive\\Dokumentumok\\GitHub\\TaskManagerBackEnd\\vendor\\laravel\\framework\\src\\Illuminate\\Foundation\\ProviderRepository.php:206)
[stacktrace]
#0 C:\\Users\\User\\OneDrive\\Dokumentumok\\GitHub\\TaskManagerBackEnd\\vendor\\laravel\\framework\\src\\Illuminate\\Foundation\\ProviderRepository.php(142): Illuminate\\Foundation\\ProviderRepository->createProvider('App\\\\Providers\\\\A...')
#1 C:\\Users\\User\\OneDrive\\Dokumentumok\\GitHub\\TaskManagerBackEnd\\vendor\\laravel\\framework\\src\\Illuminate\\Foundation\\ProviderRepository.php(61): Illuminate\\Foundation\\ProviderRepository->compileManifest(Array)
#2 C:\\Users\\User\\OneDrive\\Dokumentumok\\GitHub\\TaskManagerBackEnd\\vendor\\laravel\\framework\\src\\Illuminate\\Foundation\\Application.php(871): Illuminate\\Foundation\\ProviderRepository->load(Array)
#3 C:\\Users\\User\\OneDrive\\Dokumentumok\\GitHub\\TaskManagerBackEnd\\vendor\\laravel\\framework\\src\\Illuminate\\Foundation\\Bootstrap\\RegisterProviders.php(37): Illuminate\\Foundation\\Application->registerConfiguredProviders()
#4 C:\\Users\\User\\OneDrive\\Dokumentumok\\GitHub\\TaskManagerBackEnd\\vendor\\laravel\\framework\\src\\Illuminate\\Foundation\\Application.php(342): Illuminate\\Foundation\\Bootstrap\\RegisterProviders->bootstrap(Object(Illuminate\\Foundation\\Application))
#5 C:\\Users\\User\\OneDrive\\Dokumentumok\\GitHub\\TaskManagerBackEnd\\vendor\\laravel\\framework\\src\\Illuminate\\Foundation\\Console\\Kernel.php(474): Illuminate\\Foundation\\Application->bootstrapWith(Array)
#6 C:\\Users\\User\\OneDrive\\Dokumentumok\\GitHub\\TaskManagerBackEnd\\vendor\\laravel\\framework\\src\\Illuminate\\Foundation\\Console\\Kernel.php(196): Illuminate\\Foundation\\Console\\Kernel->bootstrap()
#7 Command line code(1): Illuminate\\Foundation\\Console\\Kernel->handle(Object(Symfony\\Component\\Console\\Input\\ArgvInput), Object(Symfony\\Component\\Console\\Output\\ConsoleOutput))
#8 {main}
"} 
[2026-01-22 21:38:35] local.ERROR: Uncaught ReflectionException: Class "view" does not exist in C:\Users\User\OneDrive\Dokumentumok\GitHub\TaskManagerBackEnd\vendor\laravel\framework\src\Illuminate\Container\Container.php:959
Stack trace:
#0 C:\Users\User\OneDrive\Dokumentumok\GitHub\TaskManagerBackEnd\vendor\laravel\framework\src\Illuminate\Container\Container.php(959): ReflectionClass->__construct('view')
#1 C:\Users\User\OneDrive\Dokumentumok\GitHub\TaskManagerBackEnd\vendor\laravel\framework\src\Illuminate\Container\Container.php(832): Illuminate\Container\Container->build('view')
#2 C:\Users\User\OneDrive\Dokumentumok\GitHub\TaskManagerBackEnd\vendor\laravel\framework\src\Illuminate\Foundation\Application.php(1078): Illuminate\Container\Container->resolve('view', Array, true)
#3 C:\Users\User\OneDrive\Dokumentumok\GitHub\TaskManagerBackEnd\vendor\laravel\framework\src\Illuminate\Container\Container.php(763): Illuminate\Foundation\Application->resolve('view', Array)
#4 C:\Users\User\OneDrive\Dokumentumok\GitHub\TaskManagerBackEnd\vendor\laravel\framework\src\Illuminate\Foundation\Application.php(1058): Illuminate\Container\Container->make('view', Array)
#5 C:\Users\User\OneDrive\Dokumentumok\GitHub\TaskManagerBackEnd\vendor\laravel\framework\src\Illuminate\Foundation\helpers.php(124): Illuminate\Foundation\Application->make('view', Array)
#6 Command line code(1): app('view')
#7 {main}

Next Illuminate\Contracts\Container\BindingResolutionException: Target class [view] does not exist. in C:\Users\User\OneDrive\Dokumentumok\GitHub\TaskManagerBackEnd\vendor\laravel\framework\src\Illuminate\Container\Container.php:961
Stack trace:
#0 C:\Users\User\OneDrive\Dokumentumok\GitHub\TaskManagerBackEnd\vendor\laravel\framework\src\Illuminate\Container\Container.php(832): Illuminate\Container\Container->build('view')
#1 C:\Users\User\OneDrive\Dokumentumok\GitHub\TaskManagerBackEnd\vendor\laravel\framework\src\Illuminate\Foundation\Application.php(1078): Illuminate\Container\Container->resolve('view', Array, true)
#2 C:\Users\User\OneDrive\Dokumentumok\GitHub\TaskManagerBackEnd\vendor\laravel\framework\src\Illuminate\Container\Container.php(763): Illuminate\Foundation\Application->resolve('view', Array)
#3 C:\Users\User\OneDrive\Dokumentumok\GitHub\TaskManagerBackEnd\vendor\laravel\framework\src\Illuminate\Foundation\Application.php(1058): Illuminate\Container\Container->make('view', Array)
#4 C:\Users\User\OneDrive\Dokumentumok\GitHub\TaskManagerBackEnd\vendor\laravel\framework\src\Illuminate\Foundation\helpers.php(124): Illuminate\Foundation\Application->make('view', Array)
#5 Command line code(1): app('view')
#6 {main}
  thrown {"exception":"[object] (Symfony\\Component\\ErrorHandler\\Error\\FatalError(code: 0): Uncaught ReflectionException: Class \"view\" does not exist in C:\\Users\\User\\OneDrive\\Dokumentumok\\GitHub\\TaskManagerBackEnd\\vendor\\laravel\\framework\\src\\Illuminate\\Container\\Container.php:959
Stack trace:
#0 C:\\Users\\User\\OneDrive\\Dokumentumok\\GitHub\\TaskManagerBackEnd\\vendor\\laravel\\framework\\src\\Illuminate\\Container\\Container.php(959): ReflectionClass->__construct('view')
#1 C:\\Users\\User\\OneDrive\\Dokumentumok\\GitHub\\TaskManagerBackEnd\\vendor\\laravel\\framework\\src\\Illuminate\\Container\\Container.php(832): Illuminate\\Container\\Container->build('view')
#2 C:\\Users\\User\\OneDrive\\Dokumentumok\\GitHub\\TaskManagerBackEnd\\vendor\\laravel\\framework\\src\\Illuminate\\Foundation\\Application.php(1078): Illuminate\\Container\\Container->resolve('view', Array, true)
#3 C:\\Users\\User\\OneDrive\\Dokumentumok\\GitHub\\TaskManagerBackEnd\\vendor\\laravel\\framework\\src\\Illuminate\\Container\\Container.php(763): Illuminate\\Foundation\\Application->resolve('view', Array)
#4 C:\\Users\\User\\OneDrive\\Dokumentumok\\GitHub\\TaskManagerBackEnd\\vendor\\laravel\\framework\\src\\Illuminate\\Foundation\\Application.php(1058): Illuminate\\Container\\Container->make('view', Array)
#5 C:\\Users\\User\\OneDrive\\Dokumentumok\\GitHub\\TaskManagerBackEnd\\vendor\\laravel\\framework\\src\\Illuminate\\Foundation\\helpers.php(124): Illuminate\\Foundation\\Application->make('view', Array)
#6 Command line code(1): app('view')
#7 {main}

Next Illuminate\\Contracts\\Container\\BindingResolutionException: Target class [view] does not exist. in C:\\Users\\User\\OneDrive\\Dokumentumok\\GitHub\\TaskManagerBackEnd\\vendor\\laravel\\framework\\src\\Illuminate\\Container\\Container.php:961
Stack trace:
#0 C:\\Users\\User\\OneDrive\\Dokumentumok\\GitHub\\TaskManagerBackEnd\\vendor\\laravel\\framework\\src\\Illuminate\\Container\\Container.php(832): Illuminate\\Container\\Container->build('view')
#1 C:\\Users\\User\\OneDrive\\Dokumentumok\\GitHub\\TaskManagerBackEnd\\vendor\\laravel\\framework\\src\\Illuminate\\Foundation\\Application.php(1078): Illuminate\\Container\\Container->resolve('view', Array, true)
#2 C:\\Users\\User\\OneDrive\\Dokumentumok\\GitHub\\TaskManagerBackEnd\\vendor\\laravel\\framework\\src\\Illuminate\\Container\\Container.php(763): Illuminate\\Foundation\\Application->resolve('view', Array)
#3 C:\\Users\\User\\OneDrive\\Dokumentumok\\GitHub\\TaskManagerBackEnd\\vendor\\laravel\\framework\\src\\Illuminate\\Foundation\\Application.php(1058): Illuminate\\Container\\Container->make('view', Array)
#4 C:\\Users\\User\\OneDrive\\Dokumentumok\\GitHub\\TaskManagerBackEnd\\vendor\\laravel\\framework\\src\\Illuminate\\Foundation\\helpers.php(124): Illuminate\\Foundation\\Application->make('view', Array)
#5 Command line code(1): app('view')
#6 {main}
  thrown at C:\\Users\\User\\OneDrive\\Dokumentumok\\GitHub\\TaskManagerBackEnd\\vendor\\laravel\\framework\\src\\Illuminate\\Container\\Container.php:961)
[stacktrace]
#0 {main}
"} 
[2026-01-22 21:38:37] local.ERROR: Class "App\Providers\AuthServiceProvider" not found {"exception":"[object] (Error(code: 0): Class \"App\\Providers\\AuthServiceProvider\" not found at C:\\Users\\User\\OneDrive\\Dokumentumok\\GitHub\\TaskManagerBackEnd\\vendor\\laravel\\framework\\src\\Illuminate\\Foundation\\ProviderRepository.php:206)
[stacktrace]
#0 C:\\Users\\User\\OneDrive\\Dokumentumok\\GitHub\\TaskManagerBackEnd\\vendor\\laravel\\framework\\src\\Illuminate\\Foundation\\ProviderRepository.php(142): Illuminate\\Foundation\\ProviderRepository->createProvider('App\\\\Providers\\\\A...')
#1 C:\\Users\\User\\OneDrive\\Dokumentumok\\GitHub\\TaskManagerBackEnd\\vendor\\laravel\\framework\\src\\Illuminate\\Foundation\\ProviderRepository.php(61): Illuminate\\Foundation\\ProviderRepository->compileManifest(Array)
#2 C:\\Users\\User\\OneDrive\\Dokumentumok\\GitHub\\TaskManagerBackEnd\\vendor\\laravel\\framework\\src\\Illuminate\\Foundation\\Application.php(871): Illuminate\\Foundation\\ProviderRepository->load(Array)
#3 C:\\Users\\User\\OneDrive\\Dokumentumok\\GitHub\\TaskManagerBackEnd\\vendor\\laravel\\framework\\src\\Illuminate\\Foundation\\Bootstrap\\RegisterProviders.php(37): Illuminate\\Foundation\\Application->registerConfiguredProviders()
#4 C:\\Users\\User\\OneDrive\\Dokumentumok\\GitHub\\TaskManagerBackEnd\\vendor\\laravel\\framework\\src\\Illuminate\\Foundation\\Application.php(342): Illuminate\\Foundation\\Bootstrap\\RegisterProviders->bootstrap(Object(Illuminate\\Foundation\\Application))
#5 C:\\Users\\User\\OneDrive\\Dokumentumok\\GitHub\\TaskManagerBackEnd\\vendor\\laravel\\framework\\src\\Illuminate\\Foundation\\Console\\Kernel.php(474): Illuminate\\Foundation\\Application->bootstrapWith(Array)
#6 C:\\Users\\User\\OneDrive\\Dokumentumok\\GitHub\\TaskManagerBackEnd\\vendor\\laravel\\framework\\src\\Illuminate\\Foundation\\Console\\Kernel.php(196): Illuminate\\Foundation\\Console\\Kernel->bootstrap()
#7 Command line code(1): Illuminate\\Foundation\\Console\\Kernel->handle(Object(Symfony\\Component\\Console\\Input\\ArgvInput), Object(Symfony\\Component\\Console\\Output\\ConsoleOutput))
#8 {main}
"} 
[2026-01-22 21:38:37] local.ERROR: Uncaught ReflectionException: Class "view" does not exist in C:\Users\User\OneDrive\Dokumentumok\GitHub\TaskManagerBackEnd\vendor\laravel\framework\src\Illuminate\Container\Container.php:959
Stack trace:
#0 C:\Users\User\OneDrive\Dokumentumok\GitHub\TaskManagerBackEnd\vendor\laravel\framework\src\Illuminate\Container\Container.php(959): ReflectionClass->__construct('view')
#1 C:\Users\User\OneDrive\Dokumentumok\GitHub\TaskManagerBackEnd\vendor\laravel\framework\src\Illuminate\Container\Container.php(832): Illuminate\Container\Container->build('view')
#2 C:\Users\User\OneDrive\Dokumentumok\GitHub\TaskManagerBackEnd\vendor\laravel\framework\src\Illuminate\Foundation\Application.php(1078): Illuminate\Container\Container->resolve('view', Array, true)
#3 C:\Users\User\OneDrive\Dokumentumok\GitHub\TaskManagerBackEnd\vendor\laravel\framework\src\Illuminate\Container\Container.php(763): Illuminate\Foundation\Application->resolve('view', Array)
#4 C:\Users\User\OneDrive\Dokumentumok\GitHub\TaskManagerBackEnd\vendor\laravel\framework\src\Illuminate\Foundation\Application.php(1058): Illuminate\Container\Container->make('view', Array)
#5 C:\Users\User\OneDrive\Dokumentumok\GitHub\TaskManagerBackEnd\vendor\laravel\framework\src\Illuminate\Foundation\helpers.php(124): Illuminate\Foundation\Application->make('view', Array)
#6 Command line code(1): app('view')
#7 {main}

Next Illuminate\Contracts\Container\BindingResolutionException: Target class [view] does not exist. in C:\Users\User\OneDrive\Dokumentumok\GitHub\TaskManagerBackEnd\vendor\laravel\framework\src\Illuminate\Container\Container.php:961
Stack trace:
#0 C:\Users\User\OneDrive\Dokumentumok\GitHub\TaskManagerBackEnd\vendor\laravel\framework\src\Illuminate\Container\Container.php(832): Illuminate\Container\Container->build('view')
#1 C:\Users\User\OneDrive\Dokumentumok\GitHub\TaskManagerBackEnd\vendor\laravel\framework\src\Illuminate\Foundation\Application.php(1078): Illuminate\Container\Container->resolve('view', Array, true)
#2 C:\Users\User\OneDrive\Dokumentumok\GitHub\TaskManagerBackEnd\vendor\laravel\framework\src\Illuminate\Container\Container.php(763): Illuminate\Foundation\Application->resolve('view', Array)
#3 C:\Users\User\OneDrive\Dokumentumok\GitHub\TaskManagerBackEnd\vendor\laravel\framework\src\Illuminate\Foundation\Application.php(1058): Illuminate\Container\Container->make('view', Array)
#4 C:\Users\User\OneDrive\Dokumentumok\GitHub\TaskManagerBackEnd\vendor\laravel\framework\src\Illuminate\Foundation\helpers.php(124): Illuminate\Foundation\Application->make('view', Array)
#5 Command line code(1): app('view')
#6 {main}
  thrown {"exception":"[object] (Symfony\\Component\\ErrorHandler\\Error\\FatalError(code: 0): Uncaught ReflectionException: Class \"view\" does not exist in C:\\Users\\User\\OneDrive\\Dokumentumok\\GitHub\\TaskManagerBackEnd\\vendor\\laravel\\framework\\src\\Illuminate\\Container\\Container.php:959
Stack trace:
#0 C:\\Users\\User\\OneDrive\\Dokumentumok\\GitHub\\TaskManagerBackEnd\\vendor\\laravel\\framework\\src\\Illuminate\\Container\\Container.php(959): ReflectionClass->__construct('view')
#1 C:\\Users\\User\\OneDrive\\Dokumentumok\\GitHub\\TaskManagerBackEnd\\vendor\\laravel\\framework\\src\\Illuminate\\Container\\Container.php(832): Illuminate\\Container\\Container->build('view')
#2 C:\\Users\\User\\OneDrive\\Dokumentumok\\GitHub\\TaskManagerBackEnd\\vendor\\laravel\\framework\\src\\Illuminate\\Foundation\\Application.php(1078): Illuminate\\Container\\Container->resolve('view', Array, true)
#3 C:\\Users\\User\\OneDrive\\Dokumentumok\\GitHub\\TaskManagerBackEnd\\vendor\\laravel\\framework\\src\\Illuminate\\Container\\Container.php(763): Illuminate\\Foundation\\Application->resolve('view', Array)
#4 C:\\Users\\User\\OneDrive\\Dokumentumok\\GitHub\\TaskManagerBackEnd\\vendor\\laravel\\framework\\src\\Illuminate\\Foundation\\Application.php(1058): Illuminate\\Container\\Container->make('view', Array)
#5 C:\\Users\\User\\OneDrive\\Dokumentumok\\GitHub\\TaskManagerBackEnd\\vendor\\laravel\\framework\\src\\Illuminate\\Foundation\\helpers.php(124): Illuminate\\Foundation\\Application->make('view', Array)
#6 Command line code(1): app('view')
#7 {main}

Next Illuminate\\Contracts\\Container\\BindingResolutionException: Target class [view] does not exist. in C:\\Users\\User\\OneDrive\\Dokumentumok\\GitHub\\TaskManagerBackEnd\\vendor\\laravel\\framework\\src\\Illuminate\\Container\\Container.php:961
Stack trace:
#0 C:\\Users\\User\\OneDrive\\Dokumentumok\\GitHub\\TaskManagerBackEnd\\vendor\\laravel\\framework\\src\\Illuminate\\Container\\Container.php(832): Illuminate\\Container\\Container->build('view')
#1 C:\\Users\\User\\OneDrive\\Dokumentumok\\GitHub\\TaskManagerBackEnd\\vendor\\laravel\\framework\\src\\Illuminate\\Foundation\\Application.php(1078): Illuminate\\Container\\Container->resolve('view', Array, true)
#2 C:\\Users\\User\\OneDrive\\Dokumentumok\\GitHub\\TaskManagerBackEnd\\vendor\\laravel\\framework\\src\\Illuminate\\Container\\Container.php(763): Illuminate\\Foundation\\Application->resolve('view', Array)
#3 C:\\Users\\User\\OneDrive\\Dokumentumok\\GitHub\\TaskManagerBackEnd\\vendor\\laravel\\framework\\src\\Illuminate\\Foundation\\Application.php(1058): Illuminate\\Container\\Container->make('view', Array)
#4 C:\\Users\\User\\OneDrive\\Dokumentumok\\GitHub\\TaskManagerBackEnd\\vendor\\laravel\\framework\\src\\Illuminate\\Foundation\\helpers.php(124): Illuminate\\Foundation\\Application->make('view', Array)
#5 Command line code(1): app('view')
#6 {main}
  thrown at C:\\Users\\User\\OneDrive\\Dokumentumok\\GitHub\\TaskManagerBackEnd\\vendor\\laravel\\framework\\src\\Illuminate\\Container\\Container.php:961)
[stacktrace]
#0 {main}
"} 
[2026-01-22 21:38:37] local.ERROR: Class "App\Providers\AuthServiceProvider" not found {"exception":"[object] (Error(code: 0): Class \"App\\Providers\\AuthServiceProvider\" not found at C:\\Users\\User\\OneDrive\\Dokumentumok\\GitHub\\TaskManagerBackEnd\\vendor\\laravel\\framework\\src\\Illuminate\\Foundation\\ProviderRepository.php:206)
[stacktrace]
#0 C:\\Users\\User\\OneDrive\\Dokumentumok\\GitHub\\TaskManagerBackEnd\\vendor\\laravel\\framework\\src\\Illuminate\\Foundation\\ProviderRepository.php(142): Illuminate\\Foundation\\ProviderRepository->createProvider('App\\\\Providers\\\\A...')
#1 C:\\Users\\User\\OneDrive\\Dokumentumok\\GitHub\\TaskManagerBackEnd\\vendor\\laravel\\framework\\src\\Illuminate\\Foundation\\ProviderRepository.php(61): Illuminate\\Foundation\\ProviderRepository->compileManifest(Array)
#2 C:\\Users\\User\\OneDrive\\Dokumentumok\\GitHub\\TaskManagerBackEnd\\vendor\\laravel\\framework\\src\\Illuminate\\Foundation\\Application.php(871): Illuminate\\Foundation\\ProviderRepository->load(Array)
#3 C:\\Users\\User\\OneDrive\\Dokumentumok\\GitHub\\TaskManagerBackEnd\\vendor\\laravel\\framework\\src\\Illuminate\\Foundation\\Bootstrap\\RegisterProviders.php(37): Illuminate\\Foundation\\Application->registerConfiguredProviders()
#4 C:\\Users\\User\\OneDrive\\Dokumentumok\\GitHub\\TaskManagerBackEnd\\vendor\\laravel\\framework\\src\\Illuminate\\Foundation\\Application.php(342): Illuminate\\Foundation\\Bootstrap\\RegisterProviders->bootstrap(Object(Illuminate\\Foundation\\Application))
#5 C:\\Users\\User\\OneDrive\\Dokumentumok\\GitHub\\TaskManagerBackEnd\\vendor\\laravel\\framework\\src\\Illuminate\\Foundation\\Console\\Kernel.php(474): Illuminate\\Foundation\\Application->bootstrapWith(Array)
#6 C:\\Users\\User\\OneDrive\\Dokumentumok\\GitHub\\TaskManagerBackEnd\\vendor\\laravel\\framework\\src\\Illuminate\\Foundation\\Console\\Kernel.php(196): Illuminate\\Foundation\\Console\\Kernel->bootstrap()
#7 Command line code(1): Illuminate\\Foundation\\Console\\Kernel->handle(Object(Symfony\\Component\\Console\\Input\\ArgvInput), Object(Symfony\\Component\\Console\\Output\\ConsoleOutput))
#8 {main}
"} 
[2026-01-22 21:38:37] local.ERROR: Class "App\Providers\AuthServiceProvider" not found {"exception":"[object] (Error(code: 0): Class \"App\\Providers\\AuthServiceProvider\" not found at C:\\Users\\User\\OneDrive\\Dokumentumok\\GitHub\\TaskManagerBackEnd\\vendor\\laravel\\framework\\src\\Illuminate\\Foundation\\ProviderRepository.php:206)
[stacktrace]
#0 C:\\Users\\User\\OneDrive\\Dokumentumok\\GitHub\\TaskManagerBackEnd\\vendor\\laravel\\framework\\src\\Illuminate\\Foundation\\ProviderRepository.php(142): Illuminate\\Foundation\\ProviderRepository->createProvider('App\\\\Providers\\\\A...')
#1 C:\\Users\\User\\OneDrive\\Dokumentumok\\GitHub\\TaskManagerBackEnd\\vendor\\laravel\\framework\\src\\Illuminate\\Foundation\\ProviderRepository.php(61): Illuminate\\Foundation\\ProviderRepository->compileManifest(Array)
#2 C:\\Users\\User\\OneDrive\\Dokumentumok\\GitHub\\TaskManagerBackEnd\\vendor\\laravel\\framework\\src\\Illuminate\\Foundation\\Application.php(871): Illuminate\\Foundation\\ProviderRepository->load(Array)
#3 C:\\Users\\User\\OneDrive\\Dokumentumok\\GitHub\\TaskManagerBackEnd\\vendor\\laravel\\framework\\src\\Illuminate\\Foundation\\Bootstrap\\RegisterProviders.php(37): Illuminate\\Foundation\\Application->registerConfiguredProviders()
#4 C:\\Users\\User\\OneDrive\\Dokumentumok\\GitHub\\TaskManagerBackEnd\\vendor\\laravel\\framework\\src\\Illuminate\\Foundation\\Application.php(342): Illuminate\\Foundation\\Bootstrap\\RegisterProviders->bootstrap(Object(Illuminate\\Foundation\\Application))
#5 C:\\Users\\User\\OneDrive\\Dokumentumok\\GitHub\\TaskManagerBackEnd\\vendor\\laravel\\framework\\src\\Illuminate\\Foundation\\Console\\Kernel.php(474): Illuminate\\Foundation\\Application->bootstrapWith(Array)
#6 C:\\Users\\User\\OneDrive\\Dokumentumok\\GitHub\\TaskManagerBackEnd\\vendor\\laravel\\framework\\src\\Illuminate\\Foundation\\Console\\Kernel.php(196): Illuminate\\Foundation\\Console\\Kernel->bootstrap()
#7 Command line code(1): Illuminate\\Foundation\\Console\\Kernel->handle(Object(Symfony\\Component\\Console\\Input\\ArgvInput), Object(Symfony\\Component\\Console\\Output\\ConsoleOutput))
#8 {main}
"} 
[2026-01-22 21:38:37] local.ERROR: Class "App\Providers\AuthServiceProvider" not found {"exception":"[object] (Error(code: 0): Class \"App\\Providers\\AuthServiceProvider\" not found at C:\\Users\\User\\OneDrive\\Dokumentumok\\GitHub\\TaskManagerBackEnd\\vendor\\laravel\\framework\\src\\Illuminate\\Foundation\\ProviderRepository.php:206)
[stacktrace]
#0 C:\\Users\\User\\OneDrive\\Dokumentumok\\GitHub\\TaskManagerBackEnd\\vendor\\laravel\\framework\\src\\Illuminate\\Foundation\\ProviderRepository.php(142): Illuminate\\Foundation\\ProviderRepository->createProvider('App\\\\Providers\\\\A...')
#1 C:\\Users\\User\\OneDrive\\Dokumentumok\\GitHub\\TaskManagerBackEnd\\vendor\\laravel\\framework\\src\\Illuminate\\Foundation\\ProviderRepository.php(61): Illuminate\\Foundation\\ProviderRepository->compileManifest(Array)
#2 C:\\Users\\User\\OneDrive\\Dokumentumok\\GitHub\\TaskManagerBackEnd\\vendor\\laravel\\framework\\src\\Illuminate\\Foundation\\Application.php(871): Illuminate\\Foundation\\ProviderRepository->load(Array)
#3 C:\\Users\\User\\OneDrive\\Dokumentumok\\GitHub\\TaskManagerBackEnd\\vendor\\laravel\\framework\\src\\Illuminate\\Foundation\\Bootstrap\\RegisterProviders.php(37): Illuminate\\Foundation\\Application->registerConfiguredProviders()
#4 C:\\Users\\User\\OneDrive\\Dokumentumok\\GitHub\\TaskManagerBackEnd\\vendor\\laravel\\framework\\src\\Illuminate\\Foundation\\Application.php(342): Illuminate\\Foundation\\Bootstrap\\RegisterProviders->bootstrap(Object(Illuminate\\Foundation\\Application))
#5 C:\\Users\\User\\OneDrive\\Dokumentumok\\GitHub\\TaskManagerBackEnd\\vendor\\laravel\\framework\\src\\Illuminate\\Foundation\\Console\\Kernel.php(474): Illuminate\\Foundation\\Application->bootstrapWith(Array)
#6 C:\\Users\\User\\OneDrive\\Dokumentumok\\GitHub\\TaskManagerBackEnd\\vendor\\laravel\\framework\\src\\Illuminate\\Foundation\\Console\\Kernel.php(196): Illuminate\\Foundation\\Console\\Kernel->bootstrap()
#7 Command line code(1): Illuminate\\Foundation\\Console\\Kernel->handle(Object(Symfony\\Component\\Console\\Input\\ArgvInput), Object(Symfony\\Component\\Console\\Output\\ConsoleOutput))
#8 {main}
"} 
[2026-01-22 21:38:37] local.ERROR: Class "App\Providers\AuthServiceProvider" not found {"exception":"[object] (Error(code: 0): Class \"App\\Providers\\AuthServiceProvider\" not found at C:\\Users\\User\\OneDrive\\Dokumentumok\\GitHub\\TaskManagerBackEnd\\vendor\\laravel\\framework\\src\\Illuminate\\Foundation\\ProviderRepository.php:206)
[stacktrace]
#0 C:\\Users\\User\\OneDrive\\Dokumentumok\\GitHub\\TaskManagerBackEnd\\vendor\\laravel\\framework\\src\\Illuminate\\Foundation\\ProviderRepository.php(142): Illuminate\\Foundation\\ProviderRepository->createProvider('App\\\\Providers\\\\A...')
#1 C:\\Users\\User\\OneDrive\\Dokumentumok\\GitHub\\TaskManagerBackEnd\\vendor\\laravel\\framework\\src\\Illuminate\\Foundation\\ProviderRepository.php(61): Illuminate\\Foundation\\ProviderRepository->compileManifest(Array)
#2 C:\\Users\\User\\OneDrive\\Dokumentumok\\GitHub\\TaskManagerBackEnd\\vendor\\laravel\\framework\\src\\Illuminate\\Foundation\\Application.php(871): Illuminate\\Foundation\\ProviderRepository->load(Array)
#3 C:\\Users\\User\\OneDrive\\Dokumentumok\\GitHub\\TaskManagerBackEnd\\vendor\\laravel\\framework\\src\\Illuminate\\Foundation\\Bootstrap\\RegisterProviders.php(37): Illuminate\\Foundation\\Application->registerConfiguredProviders()
#4 C:\\Users\\User\\OneDrive\\Dokumentumok\\GitHub\\TaskManagerBackEnd\\vendor\\laravel\\framework\\src\\Illuminate\\Foundation\\Application.php(342): Illuminate\\Foundation\\Bootstrap\\RegisterProviders->bootstrap(Object(Illuminate\\Foundation\\Application))
#5 C:\\Users\\User\\OneDrive\\Dokumentumok\\GitHub\\TaskManagerBackEnd\\vendor\\laravel\\framework\\src\\Illuminate\\Foundation\\Console\\Kernel.php(474): Illuminate\\Foundation\\Application->bootstrapWith(Array)
#6 C:\\Users\\User\\OneDrive\\Dokumentumok\\GitHub\\TaskManagerBackEnd\\vendor\\laravel\\framework\\src\\Illuminate\\Foundation\\Console\\Kernel.php(196): Illuminate\\Foundation\\Console\\Kernel->bootstrap()
#7 Command line code(1): Illuminate\\Foundation\\Console\\Kernel->handle(Object(Symfony\\Component\\Console\\Input\\ArgvInput), Object(Symfony\\Component\\Console\\Output\\ConsoleOutput))
#8 {main}
"} 
[2026-01-22 21:38:37] local.ERROR: Class "App\Providers\AuthServiceProvider" not found {"exception":"[object] (Error(code: 0): Class \"App\\Providers\\AuthServiceProvider\" not found at C:\\Users\\User\\OneDrive\\Dokumentumok\\GitHub\\TaskManagerBackEnd\\vendor\\laravel\\framework\\src\\Illuminate\\Foundation\\ProviderRepository.php:206)
[stacktrace]
#0 C:\\Users\\User\\OneDrive\\Dokumentumok\\GitHub\\TaskManagerBackEnd\\vendor\\laravel\\framework\\src\\Illuminate\\Foundation\\ProviderRepository.php(142): Illuminate\\Foundation\\ProviderRepository->createProvider('App\\\\Providers\\\\A...')
#1 C:\\Users\\User\\OneDrive\\Dokumentumok\\GitHub\\TaskManagerBackEnd\\vendor\\laravel\\framework\\src\\Illuminate\\Foundation\\ProviderRepository.php(61): Illuminate\\Foundation\\ProviderRepository->compileManifest(Array)
#2 C:\\Users\\User\\OneDrive\\Dokumentumok\\GitHub\\TaskManagerBackEnd\\vendor\\laravel\\framework\\src\\Illuminate\\Foundation\\Application.php(871): Illuminate\\Foundation\\ProviderRepository->load(Array)
#3 C:\\Users\\User\\OneDrive\\Dokumentumok\\GitHub\\TaskManagerBackEnd\\vendor\\laravel\\framework\\src\\Illuminate\\Foundation\\Bootstrap\\RegisterProviders.php(37): Illuminate\\Foundation\\Application->registerConfiguredProviders()
#4 C:\\Users\\User\\OneDrive\\Dokumentumok\\GitHub\\TaskManagerBackEnd\\vendor\\laravel\\framework\\src\\Illuminate\\Foundation\\Application.php(342): Illuminate\\Foundation\\Bootstrap\\RegisterProviders->bootstrap(Object(Illuminate\\Foundation\\Application))
#5 C:\\Users\\User\\OneDrive\\Dokumentumok\\GitHub\\TaskManagerBackEnd\\vendor\\laravel\\framework\\src\\Illuminate\\Foundation\\Console\\Kernel.php(474): Illuminate\\Foundation\\Application->bootstrapWith(Array)
#6 C:\\Users\\User\\OneDrive\\Dokumentumok\\GitHub\\TaskManagerBackEnd\\vendor\\laravel\\framework\\src\\Illuminate\\Foundation\\Console\\Kernel.php(196): Illuminate\\Foundation\\Console\\Kernel->bootstrap()
#7 Command line code(1): Illuminate\\Foundation\\Console\\Kernel->handle(Object(Symfony\\Component\\Console\\Input\\ArgvInput), Object(Symfony\\Component\\Console\\Output\\ConsoleOutput))
#8 {main}
"} 
[2026-01-22 21:38:37] local.ERROR: Uncaught ReflectionException: Class "view" does not exist in C:\Users\User\OneDrive\Dokumentumok\GitHub\TaskManagerBackEnd\vendor\laravel\framework\src\Illuminate\Container\Container.php:959
Stack trace:
#0 C:\Users\User\OneDrive\Dokumentumok\GitHub\TaskManagerBackEnd\vendor\laravel\framework\src\Illuminate\Container\Container.php(959): ReflectionClass->__construct('view')
#1 C:\Users\User\OneDrive\Dokumentumok\GitHub\TaskManagerBackEnd\vendor\laravel\framework\src\Illuminate\Container\Container.php(832): Illuminate\Container\Container->build('view')
#2 C:\Users\User\OneDrive\Dokumentumok\GitHub\TaskManagerBackEnd\vendor\laravel\framework\src\Illuminate\Foundation\Application.php(1078): Illuminate\Container\Container->resolve('view', Array, true)
#3 C:\Users\User\OneDrive\Dokumentumok\GitHub\TaskManagerBackEnd\vendor\laravel\framework\src\Illuminate\Container\Container.php(763): Illuminate\Foundation\Application->resolve('view', Array)
#4 C:\Users\User\OneDrive\Dokumentumok\GitHub\TaskManagerBackEnd\vendor\laravel\framework\src\Illuminate\Foundation\Application.php(1058): Illuminate\Container\Container->make('view', Array)
#5 C:\Users\User\OneDrive\Dokumentumok\GitHub\TaskManagerBackEnd\vendor\laravel\framework\src\Illuminate\Foundation\helpers.php(124): Illuminate\Foundation\Application->make('view', Array)
#6 Command line code(1): app('view')
#7 {main}

Next Illuminate\Contracts\Container\BindingResolutionException: Target class [view] does not exist. in C:\Users\User\OneDrive\Dokumentumok\GitHub\TaskManagerBackEnd\vendor\laravel\framework\src\Illuminate\Container\Container.php:961
Stack trace:
#0 C:\Users\User\OneDrive\Dokumentumok\GitHub\TaskManagerBackEnd\vendor\laravel\framework\src\Illuminate\Container\Container.php(832): Illuminate\Container\Container->build('view')
#1 C:\Users\User\OneDrive\Dokumentumok\GitHub\TaskManagerBackEnd\vendor\laravel\framework\src\Illuminate\Foundation\Application.php(1078): Illuminate\Container\Container->resolve('view', Array, true)
#2 C:\Users\User\OneDrive\Dokumentumok\GitHub\TaskManagerBackEnd\vendor\laravel\framework\src\Illuminate\Container\Container.php(763): Illuminate\Foundation\Application->resolve('view', Array)
#3 C:\Users\User\OneDrive\Dokumentumok\GitHub\TaskManagerBackEnd\vendor\laravel\framework\src\Illuminate\Foundation\Application.php(1058): Illuminate\Container\Container->make('view', Array)
#4 C:\Users\User\OneDrive\Dokumentumok\GitHub\TaskManagerBackEnd\vendor\laravel\framework\src\Illuminate\Foundation\helpers.php(124): Illuminate\Foundation\Application->make('view', Array)
#5 Command line code(1): app('view')
#6 {main}
  thrown {"exception":"[object] (Symfony\\Component\\ErrorHandler\\Error\\FatalError(code: 0): Uncaught ReflectionException: Class \"view\" does not exist in C:\\Users\\User\\OneDrive\\Dokumentumok\\GitHub\\TaskManagerBackEnd\\vendor\\laravel\\framework\\src\\Illuminate\\Container\\Container.php:959
Stack trace:
#0 C:\\Users\\User\\OneDrive\\Dokumentumok\\GitHub\\TaskManagerBackEnd\\vendor\\laravel\\framework\\src\\Illuminate\\Container\\Container.php(959): ReflectionClass->__construct('view')
#1 C:\\Users\\User\\OneDrive\\Dokumentumok\\GitHub\\TaskManagerBackEnd\\vendor\\laravel\\framework\\src\\Illuminate\\Container\\Container.php(832): Illuminate\\Container\\Container->build('view')
#2 C:\\Users\\User\\OneDrive\\Dokumentumok\\GitHub\\TaskManagerBackEnd\\vendor\\laravel\\framework\\src\\Illuminate\\Foundation\\Application.php(1078): Illuminate\\Container\\Container->resolve('view', Array, true)
#3 C:\\Users\\User\\OneDrive\\Dokumentumok\\GitHub\\TaskManagerBackEnd\\vendor\\laravel\\framework\\src\\Illuminate\\Container\\Container.php(763): Illuminate\\Foundation\\Application->resolve('view', Array)
#4 C:\\Users\\User\\OneDrive\\Dokumentumok\\GitHub\\TaskManagerBackEnd\\vendor\\laravel\\framework\\src\\Illuminate\\Foundation\\Application.php(1058): Illuminate\\Container\\Container->make('view', Array)
#5 C:\\Users\\User\\OneDrive\\Dokumentumok\\GitHub\\TaskManagerBackEnd\\vendor\\laravel\\framework\\src\\Illuminate\\Foundation\\helpers.php(124): Illuminate\\Foundation\\Application->make('view', Array)
#6 Command line code(1): app('view')
#7 {main}

Next Illuminate\\Contracts\\Container\\BindingResolutionException: Target class [view] does not exist. in C:\\Users\\User\\OneDrive\\Dokumentumok\\GitHub\\TaskManagerBackEnd\\vendor\\laravel\\framework\\src\\Illuminate\\Container\\Container.php:961
Stack trace:
#0 C:\\Users\\User\\OneDrive\\Dokumentumok\\GitHub\\TaskManagerBackEnd\\vendor\\laravel\\framework\\src\\Illuminate\\Container\\Container.php(832): Illuminate\\Container\\Container->build('view')
#1 C:\\Users\\User\\OneDrive\\Dokumentumok\\GitHub\\TaskManagerBackEnd\\vendor\\laravel\\framework\\src\\Illuminate\\Foundation\\Application.php(1078): Illuminate\\Container\\Container->resolve('view', Array, true)
#2 C:\\Users\\User\\OneDrive\\Dokumentumok\\GitHub\\TaskManagerBackEnd\\vendor\\laravel\\framework\\src\\Illuminate\\Container\\Container.php(763): Illuminate\\Foundation\\Application->resolve('view', Array)
#3 C:\\Users\\User\\OneDrive\\Dokumentumok\\GitHub\\TaskManagerBackEnd\\vendor\\laravel\\framework\\src\\Illuminate\\Foundation\\Application.php(1058): Illuminate\\Container\\Container->make('view', Array)
#4 C:\\Users\\User\\OneDrive\\Dokumentumok\\GitHub\\TaskManagerBackEnd\\vendor\\laravel\\framework\\src\\Illuminate\\Foundation\\helpers.php(124): Illuminate\\Foundation\\Application->make('view', Array)
#5 Command line code(1): app('view')
#6 {main}
  thrown at C:\\Users\\User\\OneDrive\\Dokumentumok\\GitHub\\TaskManagerBackEnd\\vendor\\laravel\\framework\\src\\Illuminate\\Container\\Container.php:961)
[stacktrace]
#0 {main}
"} 
[2026-01-22 21:38:38] local.ERROR: Class "App\Providers\AuthServiceProvider" not found {"exception":"[object] (Error(code: 0): Class \"App\\Providers\\AuthServiceProvider\" not found at C:\\Users\\User\\OneDrive\\Dokumentumok\\GitHub\\TaskManagerBackEnd\\vendor\\laravel\\framework\\src\\Illuminate\\Foundation\\ProviderRepository.php:206)
[stacktrace]
#0 C:\\Users\\User\\OneDrive\\Dokumentumok\\GitHub\\TaskManagerBackEnd\\vendor\\laravel\\framework\\src\\Illuminate\\Foundation\\ProviderRepository.php(142): Illuminate\\Foundation\\ProviderRepository->createProvider('App\\\\Providers\\\\A...')
#1 C:\\Users\\User\\OneDrive\\Dokumentumok\\GitHub\\TaskManagerBackEnd\\vendor\\laravel\\framework\\src\\Illuminate\\Foundation\\ProviderRepository.php(61): Illuminate\\Foundation\\ProviderRepository->compileManifest(Array)
#2 C:\\Users\\User\\OneDrive\\Dokumentumok\\GitHub\\TaskManagerBackEnd\\vendor\\laravel\\framework\\src\\Illuminate\\Foundation\\Application.php(871): Illuminate\\Foundation\\ProviderRepository->load(Array)
#3 C:\\Users\\User\\OneDrive\\Dokumentumok\\GitHub\\TaskManagerBackEnd\\vendor\\laravel\\framework\\src\\Illuminate\\Foundation\\Bootstrap\\RegisterProviders.php(37): Illuminate\\Foundation\\Application->registerConfiguredProviders()
#4 C:\\Users\\User\\OneDrive\\Dokumentumok\\GitHub\\TaskManagerBackEnd\\vendor\\laravel\\framework\\src\\Illuminate\\Foundation\\Application.php(342): Illuminate\\Foundation\\Bootstrap\\RegisterProviders->bootstrap(Object(Illuminate\\Foundation\\Application))
#5 C:\\Users\\User\\OneDrive\\Dokumentumok\\GitHub\\TaskManagerBackEnd\\vendor\\laravel\\framework\\src\\Illuminate\\Foundation\\Console\\Kernel.php(474): Illuminate\\Foundation\\Application->bootstrapWith(Array)
#6 C:\\Users\\User\\OneDrive\\Dokumentumok\\GitHub\\TaskManagerBackEnd\\vendor\\laravel\\framework\\src\\Illuminate\\Foundation\\Console\\Kernel.php(196): Illuminate\\Foundation\\Console\\Kernel->bootstrap()
#7 Command line code(1): Illuminate\\Foundation\\Console\\Kernel->handle(Object(Symfony\\Component\\Console\\Input\\ArgvInput), Object(Symfony\\Component\\Console\\Output\\ConsoleOutput))
#8 {main}
"} 
[2026-01-22 21:38:38] local.ERROR: Uncaught ReflectionException: Class "view" does not exist in C:\Users\User\OneDrive\Dokumentumok\GitHub\TaskManagerBackEnd\vendor\laravel\framework\src\Illuminate\Container\Container.php:959
Stack trace:
#0 C:\Users\User\OneDrive\Dokumentumok\GitHub\TaskManagerBackEnd\vendor\laravel\framework\src\Illuminate\Container\Container.php(959): ReflectionClass->__construct('view')
#1 C:\Users\User\OneDrive\Dokumentumok\GitHub\TaskManagerBackEnd\vendor\laravel\framework\src\Illuminate\Container\Container.php(832): Illuminate\Container\Container->build('view')
#2 C:\Users\User\OneDrive\Dokumentumok\GitHub\TaskManagerBackEnd\vendor\laravel\framework\src\Illuminate\Foundation\Application.php(1078): Illuminate\Container\Container->resolve('view', Array, true)
#3 C:\Users\User\OneDrive\Dokumentumok\GitHub\TaskManagerBackEnd\vendor\laravel\framework\src\Illuminate\Container\Container.php(763): Illuminate\Foundation\Application->resolve('view', Array)
#4 C:\Users\User\OneDrive\Dokumentumok\GitHub\TaskManagerBackEnd\vendor\laravel\framework\src\Illuminate\Foundation\Application.php(1058): Illuminate\Container\Container->make('view', Array)
#5 C:\Users\User\OneDrive\Dokumentumok\GitHub\TaskManagerBackEnd\vendor\laravel\framework\src\Illuminate\Foundation\helpers.php(124): Illuminate\Foundation\Application->make('view', Array)
#6 Command line code(1): app('view')
#7 {main}

Next Illuminate\Contracts\Container\BindingResolutionException: Target class [view] does not exist. in C:\Users\User\OneDrive\Dokumentumok\GitHub\TaskManagerBackEnd\vendor\laravel\framework\src\Illuminate\Container\Container.php:961
Stack trace:
#0 C:\Users\User\OneDrive\Dokumentumok\GitHub\TaskManagerBackEnd\vendor\laravel\framework\src\Illuminate\Container\Container.php(832): Illuminate\Container\Container->build('view')
#1 C:\Users\User\OneDrive\Dokumentumok\GitHub\TaskManagerBackEnd\vendor\laravel\framework\src\Illuminate\Foundation\Application.php(1078): Illuminate\Container\Container->resolve('view', Array, true)
#2 C:\Users\User\OneDrive\Dokumentumok\GitHub\TaskManagerBackEnd\vendor\laravel\framework\src\Illuminate\Container\Container.php(763): Illuminate\Foundation\Application->resolve('view', Array)
#3 C:\Users\User\OneDrive\Dokumentumok\GitHub\TaskManagerBackEnd\vendor\laravel\framework\src\Illuminate\Foundation\Application.php(1058): Illuminate\Container\Container->make('view', Array)
#4 C:\Users\User\OneDrive\Dokumentumok\GitHub\TaskManagerBackEnd\vendor\laravel\framework\src\Illuminate\Foundation\helpers.php(124): Illuminate\Foundation\Application->make('view', Array)
#5 Command line code(1): app('view')
#6 {main}
  thrown {"exception":"[object] (Symfony\\Component\\ErrorHandler\\Error\\FatalError(code: 0): Uncaught ReflectionException: Class \"view\" does not exist in C:\\Users\\User\\OneDrive\\Dokumentumok\\GitHub\\TaskManagerBackEnd\\vendor\\laravel\\framework\\src\\Illuminate\\Container\\Container.php:959
Stack trace:
#0 C:\\Users\\User\\OneDrive\\Dokumentumok\\GitHub\\TaskManagerBackEnd\\vendor\\laravel\\framework\\src\\Illuminate\\Container\\Container.php(959): ReflectionClass->__construct('view')
#1 C:\\Users\\User\\OneDrive\\Dokumentumok\\GitHub\\TaskManagerBackEnd\\vendor\\laravel\\framework\\src\\Illuminate\\Container\\Container.php(832): Illuminate\\Container\\Container->build('view')
#2 C:\\Users\\User\\OneDrive\\Dokumentumok\\GitHub\\TaskManagerBackEnd\\vendor\\laravel\\framework\\src\\Illuminate\\Foundation\\Application.php(1078): Illuminate\\Container\\Container->resolve('view', Array, true)
#3 C:\\Users\\User\\OneDrive\\Dokumentumok\\GitHub\\TaskManagerBackEnd\\vendor\\laravel\\framework\\src\\Illuminate\\Container\\Container.php(763): Illuminate\\Foundation\\Application->resolve('view', Array)
#4 C:\\Users\\User\\OneDrive\\Dokumentumok\\GitHub\\TaskManagerBackEnd\\vendor\\laravel\\framework\\src\\Illuminate\\Foundation\\Application.php(1058): Illuminate\\Container\\Container->make('view', Array)
#5 C:\\Users\\User\\OneDrive\\Dokumentumok\\GitHub\\TaskManagerBackEnd\\vendor\\laravel\\framework\\src\\Illuminate\\Foundation\\helpers.php(124): Illuminate\\Foundation\\Application->make('view', Array)
#6 Command line code(1): app('view')
#7 {main}

Next Illuminate\\Contracts\\Container\\BindingResolutionException: Target class [view] does not exist. in C:\\Users\\User\\OneDrive\\Dokumentumok\\GitHub\\TaskManagerBackEnd\\vendor\\laravel\\framework\\src\\Illuminate\\Container\\Container.php:961
Stack trace:
#0 C:\\Users\\User\\OneDrive\\Dokumentumok\\GitHub\\TaskManagerBackEnd\\vendor\\laravel\\framework\\src\\Illuminate\\Container\\Container.php(832): Illuminate\\Container\\Container->build('view')
#1 C:\\Users\\User\\OneDrive\\Dokumentumok\\GitHub\\TaskManagerBackEnd\\vendor\\laravel\\framework\\src\\Illuminate\\Foundation\\Application.php(1078): Illuminate\\Container\\Container->resolve('view', Array, true)
#2 C:\\Users\\User\\OneDrive\\Dokumentumok\\GitHub\\TaskManagerBackEnd\\vendor\\laravel\\framework\\src\\Illuminate\\Container\\Container.php(763): Illuminate\\Foundation\\Application->resolve('view', Array)
#3 C:\\Users\\User\\OneDrive\\Dokumentumok\\GitHub\\TaskManagerBackEnd\\vendor\\laravel\\framework\\src\\Illuminate\\Foundation\\Application.php(1058): Illuminate\\Container\\Container->make('view', Array)
#4 C:\\Users\\User\\OneDrive\\Dokumentumok\\GitHub\\TaskManagerBackEnd\\vendor\\laravel\\framework\\src\\Illuminate\\Foundation\\helpers.php(124): Illuminate\\Foundation\\Application->make('view', Array)
#5 Command line code(1): app('view')
#6 {main}
  thrown at C:\\Users\\User\\OneDrive\\Dokumentumok\\GitHub\\TaskManagerBackEnd\\vendor\\laravel\\framework\\src\\Illuminate\\Container\\Container.php:961)
[stacktrace]
#0 {main}
"} 
[2026-01-22 21:38:39] local.ERROR: Class "App\Providers\AuthServiceProvider" not found {"exception":"[object] (Error(code: 0): Class \"App\\Providers\\AuthServiceProvider\" not found at C:\\Users\\User\\OneDrive\\Dokumentumok\\GitHub\\TaskManagerBackEnd\\vendor\\laravel\\framework\\src\\Illuminate\\Foundation\\ProviderRepository.php:206)
[stacktrace]
#0 C:\\Users\\User\\OneDrive\\Dokumentumok\\GitHub\\TaskManagerBackEnd\\vendor\\laravel\\framework\\src\\Illuminate\\Foundation\\ProviderRepository.php(142): Illuminate\\Foundation\\ProviderRepository->createProvider('App\\\\Providers\\\\A...')
#1 C:\\Users\\User\\OneDrive\\Dokumentumok\\GitHub\\TaskManagerBackEnd\\vendor\\laravel\\framework\\src\\Illuminate\\Foundation\\ProviderRepository.php(61): Illuminate\\Foundation\\ProviderRepository->compileManifest(Array)
#2 C:\\Users\\User\\OneDrive\\Dokumentumok\\GitHub\\TaskManagerBackEnd\\vendor\\laravel\\framework\\src\\Illuminate\\Foundation\\Application.php(871): Illuminate\\Foundation\\ProviderRepository->load(Array)
#3 C:\\Users\\User\\OneDrive\\Dokumentumok\\GitHub\\TaskManagerBackEnd\\vendor\\laravel\\framework\\src\\Illuminate\\Foundation\\Bootstrap\\RegisterProviders.php(37): Illuminate\\Foundation\\Application->registerConfiguredProviders()
#4 C:\\Users\\User\\OneDrive\\Dokumentumok\\GitHub\\TaskManagerBackEnd\\vendor\\laravel\\framework\\src\\Illuminate\\Foundation\\Application.php(342): Illuminate\\Foundation\\Bootstrap\\RegisterProviders->bootstrap(Object(Illuminate\\Foundation\\Application))
#5 C:\\Users\\User\\OneDrive\\Dokumentumok\\GitHub\\TaskManagerBackEnd\\vendor\\laravel\\framework\\src\\Illuminate\\Foundation\\Console\\Kernel.php(474): Illuminate\\Foundation\\Application->bootstrapWith(Array)
#6 C:\\Users\\User\\OneDrive\\Dokumentumok\\GitHub\\TaskManagerBackEnd\\vendor\\laravel\\framework\\src\\Illuminate\\Foundation\\Console\\Kernel.php(196): Illuminate\\Foundation\\Console\\Kernel->bootstrap()
#7 Command line code(1): Illuminate\\Foundation\\Console\\Kernel->handle(Object(Symfony\\Component\\Console\\Input\\ArgvInput), Object(Symfony\\Component\\Console\\Output\\ConsoleOutput))
#8 {main}
"} 
[2026-01-22 21:38:39] local.ERROR: Uncaught ReflectionException: Class "view" does not exist in C:\Users\User\OneDrive\Dokumentumok\GitHub\TaskManagerBackEnd\vendor\laravel\framework\src\Illuminate\Container\Container.php:959
Stack trace:
#0 C:\Users\User\OneDrive\Dokumentumok\GitHub\TaskManagerBackEnd\vendor\laravel\framework\src\Illuminate\Container\Container.php(959): ReflectionClass->__construct('view')
#1 C:\Users\User\OneDrive\Dokumentumok\GitHub\TaskManagerBackEnd\vendor\laravel\framework\src\Illuminate\Container\Container.php(832): Illuminate\Container\Container->build('view')
#2 C:\Users\User\OneDrive\Dokumentumok\GitHub\TaskManagerBackEnd\vendor\laravel\framework\src\Illuminate\Foundation\Application.php(1078): Illuminate\Container\Container->resolve('view', Array, true)
#3 C:\Users\User\OneDrive\Dokumentumok\GitHub\TaskManagerBackEnd\vendor\laravel\framework\src\Illuminate\Container\Container.php(763): Illuminate\Foundation\Application->resolve('view', Array)
#4 C:\Users\User\OneDrive\Dokumentumok\GitHub\TaskManagerBackEnd\vendor\laravel\framework\src\Illuminate\Foundation\Application.php(1058): Illuminate\Container\Container->make('view', Array)
#5 C:\Users\User\OneDrive\Dokumentumok\GitHub\TaskManagerBackEnd\vendor\laravel\framework\src\Illuminate\Foundation\helpers.php(124): Illuminate\Foundation\Application->make('view', Array)
#6 Command line code(1): app('view')
#7 {main}

Next Illuminate\Contracts\Container\BindingResolutionException: Target class [view] does not exist. in C:\Users\User\OneDrive\Dokumentumok\GitHub\TaskManagerBackEnd\vendor\laravel\framework\src\Illuminate\Container\Container.php:961
Stack trace:
#0 C:\Users\User\OneDrive\Dokumentumok\GitHub\TaskManagerBackEnd\vendor\laravel\framework\src\Illuminate\Container\Container.php(832): Illuminate\Container\Container->build('view')
#1 C:\Users\User\OneDrive\Dokumentumok\GitHub\TaskManagerBackEnd\vendor\laravel\framework\src\Illuminate\Foundation\Application.php(1078): Illuminate\Container\Container->resolve('view', Array, true)
#2 C:\Users\User\OneDrive\Dokumentumok\GitHub\TaskManagerBackEnd\vendor\laravel\framework\src\Illuminate\Container\Container.php(763): Illuminate\Foundation\Application->resolve('view', Array)
#3 C:\Users\User\OneDrive\Dokumentumok\GitHub\TaskManagerBackEnd\vendor\laravel\framework\src\Illuminate\Foundation\Application.php(1058): Illuminate\Container\Container->make('view', Array)
#4 C:\Users\User\OneDrive\Dokumentumok\GitHub\TaskManagerBackEnd\vendor\laravel\framework\src\Illuminate\Foundation\helpers.php(124): Illuminate\Foundation\Application->make('view', Array)
#5 Command line code(1): app('view')
#6 {main}
  thrown {"exception":"[object] (Symfony\\Component\\ErrorHandler\\Error\\FatalError(code: 0): Uncaught ReflectionException: Class \"view\" does not exist in C:\\Users\\User\\OneDrive\\Dokumentumok\\GitHub\\TaskManagerBackEnd\\vendor\\laravel\\framework\\src\\Illuminate\\Container\\Container.php:959
Stack trace:
#0 C:\\Users\\User\\OneDrive\\Dokumentumok\\GitHub\\TaskManagerBackEnd\\vendor\\laravel\\framework\\src\\Illuminate\\Container\\Container.php(959): ReflectionClass->__construct('view')
#1 C:\\Users\\User\\OneDrive\\Dokumentumok\\GitHub\\TaskManagerBackEnd\\vendor\\laravel\\framework\\src\\Illuminate\\Container\\Container.php(832): Illuminate\\Container\\Container->build('view')
#2 C:\\Users\\User\\OneDrive\\Dokumentumok\\GitHub\\TaskManagerBackEnd\\vendor\\laravel\\framework\\src\\Illuminate\\Foundation\\Application.php(1078): Illuminate\\Container\\Container->resolve('view', Array, true)
#3 C:\\Users\\User\\OneDrive\\Dokumentumok\\GitHub\\TaskManagerBackEnd\\vendor\\laravel\\framework\\src\\Illuminate\\Container\\Container.php(763): Illuminate\\Foundation\\Application->resolve('view', Array)
#4 C:\\Users\\User\\OneDrive\\Dokumentumok\\GitHub\\TaskManagerBackEnd\\vendor\\laravel\\framework\\src\\Illuminate\\Foundation\\Application.php(1058): Illuminate\\Container\\Container->make('view', Array)
#5 C:\\Users\\User\\OneDrive\\Dokumentumok\\GitHub\\TaskManagerBackEnd\\vendor\\laravel\\framework\\src\\Illuminate\\Foundation\\helpers.php(124): Illuminate\\Foundation\\Application->make('view', Array)
#6 Command line code(1): app('view')
#7 {main}

Next Illuminate\\Contracts\\Container\\BindingResolutionException: Target class [view] does not exist. in C:\\Users\\User\\OneDrive\\Dokumentumok\\GitHub\\TaskManagerBackEnd\\vendor\\laravel\\framework\\src\\Illuminate\\Container\\Container.php:961
Stack trace:
#0 C:\\Users\\User\\OneDrive\\Dokumentumok\\GitHub\\TaskManagerBackEnd\\vendor\\laravel\\framework\\src\\Illuminate\\Container\\Container.php(832): Illuminate\\Container\\Container->build('view')
#1 C:\\Users\\User\\OneDrive\\Dokumentumok\\GitHub\\TaskManagerBackEnd\\vendor\\laravel\\framework\\src\\Illuminate\\Foundation\\Application.php(1078): Illuminate\\Container\\Container->resolve('view', Array, true)
#2 C:\\Users\\User\\OneDrive\\Dokumentumok\\GitHub\\TaskManagerBackEnd\\vendor\\laravel\\framework\\src\\Illuminate\\Container\\Container.php(763): Illuminate\\Foundation\\Application->resolve('view', Array)
#3 C:\\Users\\User\\OneDrive\\Dokumentumok\\GitHub\\TaskManagerBackEnd\\vendor\\laravel\\framework\\src\\Illuminate\\Foundation\\Application.php(1058): Illuminate\\Container\\Container->make('view', Array)
#4 C:\\Users\\User\\OneDrive\\Dokumentumok\\GitHub\\TaskManagerBackEnd\\vendor\\laravel\\framework\\src\\Illuminate\\Foundation\\helpers.php(124): Illuminate\\Foundation\\Application->make('view', Array)
#5 Command line code(1): app('view')
#6 {main}
  thrown at C:\\Users\\User\\OneDrive\\Dokumentumok\\GitHub\\TaskManagerBackEnd\\vendor\\laravel\\framework\\src\\Illuminate\\Container\\Container.php:961)
[stacktrace]
#0 {main}
"} 
[2026-01-22 21:38:40] local.ERROR: Class "App\Providers\AuthServiceProvider" not found {"exception":"[object] (Error(code: 0): Class \"App\\Providers\\AuthServiceProvider\" not found at C:\\Users\\User\\OneDrive\\Dokumentumok\\GitHub\\TaskManagerBackEnd\\vendor\\laravel\\framework\\src\\Illuminate\\Foundation\\ProviderRepository.php:206)
[stacktrace]
#0 C:\\Users\\User\\OneDrive\\Dokumentumok\\GitHub\\TaskManagerBackEnd\\vendor\\laravel\\framework\\src\\Illuminate\\Foundation\\ProviderRepository.php(142): Illuminate\\Foundation\\ProviderRepository->createProvider('App\\\\Providers\\\\A...')
#1 C:\\Users\\User\\OneDrive\\Dokumentumok\\GitHub\\TaskManagerBackEnd\\vendor\\laravel\\framework\\src\\Illuminate\\Foundation\\ProviderRepository.php(61): Illuminate\\Foundation\\ProviderRepository->compileManifest(Array)
#2 C:\\Users\\User\\OneDrive\\Dokumentumok\\GitHub\\TaskManagerBackEnd\\vendor\\laravel\\framework\\src\\Illuminate\\Foundation\\Application.php(871): Illuminate\\Foundation\\ProviderRepository->load(Array)
#3 C:\\Users\\User\\OneDrive\\Dokumentumok\\GitHub\\TaskManagerBackEnd\\vendor\\laravel\\framework\\src\\Illuminate\\Foundation\\Bootstrap\\RegisterProviders.php(37): Illuminate\\Foundation\\Application->registerConfiguredProviders()
#4 C:\\Users\\User\\OneDrive\\Dokumentumok\\GitHub\\TaskManagerBackEnd\\vendor\\laravel\\framework\\src\\Illuminate\\Foundation\\Application.php(342): Illuminate\\Foundation\\Bootstrap\\RegisterProviders->bootstrap(Object(Illuminate\\Foundation\\Application))
#5 C:\\Users\\User\\OneDrive\\Dokumentumok\\GitHub\\TaskManagerBackEnd\\vendor\\laravel\\framework\\src\\Illuminate\\Foundation\\Console\\Kernel.php(474): Illuminate\\Foundation\\Application->bootstrapWith(Array)
#6 C:\\Users\\User\\OneDrive\\Dokumentumok\\GitHub\\TaskManagerBackEnd\\vendor\\laravel\\framework\\src\\Illuminate\\Foundation\\Console\\Kernel.php(196): Illuminate\\Foundation\\Console\\Kernel->bootstrap()
#7 Command line code(1): Illuminate\\Foundation\\Console\\Kernel->handle(Object(Symfony\\Component\\Console\\Input\\ArgvInput), Object(Symfony\\Component\\Console\\Output\\ConsoleOutput))
#8 {main}
"} 
[2026-01-22 21:38:40] local.ERROR: Uncaught ReflectionException: Class "view" does not exist in C:\Users\User\OneDrive\Dokumentumok\GitHub\TaskManagerBackEnd\vendor\laravel\framework\src\Illuminate\Container\Container.php:959
Stack trace:
#0 C:\Users\User\OneDrive\Dokumentumok\GitHub\TaskManagerBackEnd\vendor\laravel\framework\src\Illuminate\Container\Container.php(959): ReflectionClass->__construct('view')
#1 C:\Users\User\OneDrive\Dokumentumok\GitHub\TaskManagerBackEnd\vendor\laravel\framework\src\Illuminate\Container\Container.php(832): Illuminate\Container\Container->build('view')
#2 C:\Users\User\OneDrive\Dokumentumok\GitHub\TaskManagerBackEnd\vendor\laravel\framework\src\Illuminate\Foundation\Application.php(1078): Illuminate\Container\Container->resolve('view', Array, true)
#3 C:\Users\User\OneDrive\Dokumentumok\GitHub\TaskManagerBackEnd\vendor\laravel\framework\src\Illuminate\Container\Container.php(763): Illuminate\Foundation\Application->resolve('view', Array)
#4 C:\Users\User\OneDrive\Dokumentumok\GitHub\TaskManagerBackEnd\vendor\laravel\framework\src\Illuminate\Foundation\Application.php(1058): Illuminate\Container\Container->make('view', Array)
#5 C:\Users\User\OneDrive\Dokumentumok\GitHub\TaskManagerBackEnd\vendor\laravel\framework\src\Illuminate\Foundation\helpers.php(124): Illuminate\Foundation\Application->make('view', Array)
#6 Command line code(1): app('view')
#7 {main}

Next Illuminate\Contracts\Container\BindingResolutionException: Target class [view] does not exist. in C:\Users\User\OneDrive\Dokumentumok\GitHub\TaskManagerBackEnd\vendor\laravel\framework\src\Illuminate\Container\Container.php:961
Stack trace:
#0 C:\Users\User\OneDrive\Dokumentumok\GitHub\TaskManagerBackEnd\vendor\laravel\framework\src\Illuminate\Container\Container.php(832): Illuminate\Container\Container->build('view')
#1 C:\Users\User\OneDrive\Dokumentumok\GitHub\TaskManagerBackEnd\vendor\laravel\framework\src\Illuminate\Foundation\Application.php(1078): Illuminate\Container\Container->resolve('view', Array, true)
#2 C:\Users\User\OneDrive\Dokumentumok\GitHub\TaskManagerBackEnd\vendor\laravel\framework\src\Illuminate\Container\Container.php(763): Illuminate\Foundation\Application->resolve('view', Array)
#3 C:\Users\User\OneDrive\Dokumentumok\GitHub\TaskManagerBackEnd\vendor\laravel\framework\src\Illuminate\Foundation\Application.php(1058): Illuminate\Container\Container->make('view', Array)
#4 C:\Users\User\OneDrive\Dokumentumok\GitHub\TaskManagerBackEnd\vendor\laravel\framework\src\Illuminate\Foundation\helpers.php(124): Illuminate\Foundation\Application->make('view', Array)
#5 Command line code(1): app('view')
#6 {main}
  thrown {"exception":"[object] (Symfony\\Component\\ErrorHandler\\Error\\FatalError(code: 0): Uncaught ReflectionException: Class \"view\" does not exist in C:\\Users\\User\\OneDrive\\Dokumentumok\\GitHub\\TaskManagerBackEnd\\vendor\\laravel\\framework\\src\\Illuminate\\Container\\Container.php:959
Stack trace:
#0 C:\\Users\\User\\OneDrive\\Dokumentumok\\GitHub\\TaskManagerBackEnd\\vendor\\laravel\\framework\\src\\Illuminate\\Container\\Container.php(959): ReflectionClass->__construct('view')
#1 C:\\Users\\User\\OneDrive\\Dokumentumok\\GitHub\\TaskManagerBackEnd\\vendor\\laravel\\framework\\src\\Illuminate\\Container\\Container.php(832): Illuminate\\Container\\Container->build('view')
#2 C:\\Users\\User\\OneDrive\\Dokumentumok\\GitHub\\TaskManagerBackEnd\\vendor\\laravel\\framework\\src\\Illuminate\\Foundation\\Application.php(1078): Illuminate\\Container\\Container->resolve('view', Array, true)
#3 C:\\Users\\User\\OneDrive\\Dokumentumok\\GitHub\\TaskManagerBackEnd\\vendor\\laravel\\framework\\src\\Illuminate\\Container\\Container.php(763): Illuminate\\Foundation\\Application->resolve('view', Array)
#4 C:\\Users\\User\\OneDrive\\Dokumentumok\\GitHub\\TaskManagerBackEnd\\vendor\\laravel\\framework\\src\\Illuminate\\Foundation\\Application.php(1058): Illuminate\\Container\\Container->make('view', Array)
#5 C:\\Users\\User\\OneDrive\\Dokumentumok\\GitHub\\TaskManagerBackEnd\\vendor\\laravel\\framework\\src\\Illuminate\\Foundation\\helpers.php(124): Illuminate\\Foundation\\Application->make('view', Array)
#6 Command line code(1): app('view')
#7 {main}

Next Illuminate\\Contracts\\Container\\BindingResolutionException: Target class [view] does not exist. in C:\\Users\\User\\OneDrive\\Dokumentumok\\GitHub\\TaskManagerBackEnd\\vendor\\laravel\\framework\\src\\Illuminate\\Container\\Container.php:961
Stack trace:
#0 C:\\Users\\User\\OneDrive\\Dokumentumok\\GitHub\\TaskManagerBackEnd\\vendor\\laravel\\framework\\src\\Illuminate\\Container\\Container.php(832): Illuminate\\Container\\Container->build('view')
#1 C:\\Users\\User\\OneDrive\\Dokumentumok\\GitHub\\TaskManagerBackEnd\\vendor\\laravel\\framework\\src\\Illuminate\\Foundation\\Application.php(1078): Illuminate\\Container\\Container->resolve('view', Array, true)
#2 C:\\Users\\User\\OneDrive\\Dokumentumok\\GitHub\\TaskManagerBackEnd\\vendor\\laravel\\framework\\src\\Illuminate\\Container\\Container.php(763): Illuminate\\Foundation\\Application->resolve('view', Array)
#3 C:\\Users\\User\\OneDrive\\Dokumentumok\\GitHub\\TaskManagerBackEnd\\vendor\\laravel\\framework\\src\\Illuminate\\Foundation\\Application.php(1058): Illuminate\\Container\\Container->make('view', Array)
#4 C:\\Users\\User\\OneDrive\\Dokumentumok\\GitHub\\TaskManagerBackEnd\\vendor\\laravel\\framework\\src\\Illuminate\\Foundation\\helpers.php(124): Illuminate\\Foundation\\Application->make('view', Array)
#5 Command line code(1): app('view')
#6 {main}
  thrown at C:\\Users\\User\\OneDrive\\Dokumentumok\\GitHub\\TaskManagerBackEnd\\vendor\\laravel\\framework\\src\\Illuminate\\Container\\Container.php:961)
[stacktrace]
#0 {main}
"} 
[2026-01-22 21:38:42] local.ERROR: Class "App\Providers\AuthServiceProvider" not found {"exception":"[object] (Error(code: 0): Class \"App\\Providers\\AuthServiceProvider\" not found at C:\\Users\\User\\OneDrive\\Dokumentumok\\GitHub\\TaskManagerBackEnd\\vendor\\laravel\\framework\\src\\Illuminate\\Foundation\\ProviderRepository.php:206)
[stacktrace]
#0 C:\\Users\\User\\OneDrive\\Dokumentumok\\GitHub\\TaskManagerBackEnd\\vendor\\laravel\\framework\\src\\Illuminate\\Foundation\\ProviderRepository.php(142): Illuminate\\Foundation\\ProviderRepository->createProvider('App\\\\Providers\\\\A...')
#1 C:\\Users\\User\\OneDrive\\Dokumentumok\\GitHub\\TaskManagerBackEnd\\vendor\\laravel\\framework\\src\\Illuminate\\Foundation\\ProviderRepository.php(61): Illuminate\\Foundation\\ProviderRepository->compileManifest(Array)
#2 C:\\Users\\User\\OneDrive\\Dokumentumok\\GitHub\\TaskManagerBackEnd\\vendor\\laravel\\framework\\src\\Illuminate\\Foundation\\Application.php(871): Illuminate\\Foundation\\ProviderRepository->load(Array)
#3 C:\\Users\\User\\OneDrive\\Dokumentumok\\GitHub\\TaskManagerBackEnd\\vendor\\laravel\\framework\\src\\Illuminate\\Foundation\\Bootstrap\\RegisterProviders.php(37): Illuminate\\Foundation\\Application->registerConfiguredProviders()
#4 C:\\Users\\User\\OneDrive\\Dokumentumok\\GitHub\\TaskManagerBackEnd\\vendor\\laravel\\framework\\src\\Illuminate\\Foundation\\Application.php(342): Illuminate\\Foundation\\Bootstrap\\RegisterProviders->bootstrap(Object(Illuminate\\Foundation\\Application))
#5 C:\\Users\\User\\OneDrive\\Dokumentumok\\GitHub\\TaskManagerBackEnd\\vendor\\laravel\\framework\\src\\Illuminate\\Foundation\\Console\\Kernel.php(474): Illuminate\\Foundation\\Application->bootstrapWith(Array)
#6 C:\\Users\\User\\OneDrive\\Dokumentumok\\GitHub\\TaskManagerBackEnd\\vendor\\laravel\\framework\\src\\Illuminate\\Foundation\\Console\\Kernel.php(196): Illuminate\\Foundation\\Console\\Kernel->bootstrap()
#7 Command line code(1): Illuminate\\Foundation\\Console\\Kernel->handle(Object(Symfony\\Component\\Console\\Input\\ArgvInput), Object(Symfony\\Component\\Console\\Output\\ConsoleOutput))
#8 {main}
"} 
[2026-01-22 21:38:42] local.ERROR: Uncaught ReflectionException: Class "view" does not exist in C:\Users\User\OneDrive\Dokumentumok\GitHub\TaskManagerBackEnd\vendor\laravel\framework\src\Illuminate\Container\Container.php:959
Stack trace:
#0 C:\Users\User\OneDrive\Dokumentumok\GitHub\TaskManagerBackEnd\vendor\laravel\framework\src\Illuminate\Container\Container.php(959): ReflectionClass->__construct('view')
#1 C:\Users\User\OneDrive\Dokumentumok\GitHub\TaskManagerBackEnd\vendor\laravel\framework\src\Illuminate\Container\Container.php(832): Illuminate\Container\Container->build('view')
#2 C:\Users\User\OneDrive\Dokumentumok\GitHub\TaskManagerBackEnd\vendor\laravel\framework\src\Illuminate\Foundation\Application.php(1078): Illuminate\Container\Container->resolve('view', Array, true)
#3 C:\Users\User\OneDrive\Dokumentumok\GitHub\TaskManagerBackEnd\vendor\laravel\framework\src\Illuminate\Container\Container.php(763): Illuminate\Foundation\Application->resolve('view', Array)
#4 C:\Users\User\OneDrive\Dokumentumok\GitHub\TaskManagerBackEnd\vendor\laravel\framework\src\Illuminate\Foundation\Application.php(1058): Illuminate\Container\Container->make('view', Array)
#5 C:\Users\User\OneDrive\Dokumentumok\GitHub\TaskManagerBackEnd\vendor\laravel\framework\src\Illuminate\Foundation\helpers.php(124): Illuminate\Foundation\Application->make('view', Array)
#6 Command line code(1): app('view')
#7 {main}

Next Illuminate\Contracts\Container\BindingResolutionException: Target class [view] does not exist. in C:\Users\User\OneDrive\Dokumentumok\GitHub\TaskManagerBackEnd\vendor\laravel\framework\src\Illuminate\Container\Container.php:961
Stack trace:
#0 C:\Users\User\OneDrive\Dokumentumok\GitHub\TaskManagerBackEnd\vendor\laravel\framework\src\Illuminate\Container\Container.php(832): Illuminate\Container\Container->build('view')
#1 C:\Users\User\OneDrive\Dokumentumok\GitHub\TaskManagerBackEnd\vendor\laravel\framework\src\Illuminate\Foundation\Application.php(1078): Illuminate\Container\Container->resolve('view', Array, true)
#2 C:\Users\User\OneDrive\Dokumentumok\GitHub\TaskManagerBackEnd\vendor\laravel\framework\src\Illuminate\Container\Container.php(763): Illuminate\Foundation\Application->resolve('view', Array)
#3 C:\Users\User\OneDrive\Dokumentumok\GitHub\TaskManagerBackEnd\vendor\laravel\framework\src\Illuminate\Foundation\Application.php(1058): Illuminate\Container\Container->make('view', Array)
#4 C:\Users\User\OneDrive\Dokumentumok\GitHub\TaskManagerBackEnd\vendor\laravel\framework\src\Illuminate\Foundation\helpers.php(124): Illuminate\Foundation\Application->make('view', Array)
#5 Command line code(1): app('view')
#6 {main}
  thrown {"exception":"[object] (Symfony\\Component\\ErrorHandler\\Error\\FatalError(code: 0): Uncaught ReflectionException: Class \"view\" does not exist in C:\\Users\\User\\OneDrive\\Dokumentumok\\GitHub\\TaskManagerBackEnd\\vendor\\laravel\\framework\\src\\Illuminate\\Container\\Container.php:959
Stack trace:
#0 C:\\Users\\User\\OneDrive\\Dokumentumok\\GitHub\\TaskManagerBackEnd\\vendor\\laravel\\framework\\src\\Illuminate\\Container\\Container.php(959): ReflectionClass->__construct('view')
#1 C:\\Users\\User\\OneDrive\\Dokumentumok\\GitHub\\TaskManagerBackEnd\\vendor\\laravel\\framework\\src\\Illuminate\\Container\\Container.php(832): Illuminate\\Container\\Container->build('view')
#2 C:\\Users\\User\\OneDrive\\Dokumentumok\\GitHub\\TaskManagerBackEnd\\vendor\\laravel\\framework\\src\\Illuminate\\Foundation\\Application.php(1078): Illuminate\\Container\\Container->resolve('view', Array, true)
#3 C:\\Users\\User\\OneDrive\\Dokumentumok\\GitHub\\TaskManagerBackEnd\\vendor\\laravel\\framework\\src\\Illuminate\\Container\\Container.php(763): Illuminate\\Foundation\\Application->resolve('view', Array)
#4 C:\\Users\\User\\OneDrive\\Dokumentumok\\GitHub\\TaskManagerBackEnd\\vendor\\laravel\\framework\\src\\Illuminate\\Foundation\\Application.php(1058): Illuminate\\Container\\Container->make('view', Array)
#5 C:\\Users\\User\\OneDrive\\Dokumentumok\\GitHub\\TaskManagerBackEnd\\vendor\\laravel\\framework\\src\\Illuminate\\Foundation\\helpers.php(124): Illuminate\\Foundation\\Application->make('view', Array)
#6 Command line code(1): app('view')
#7 {main}

Next Illuminate\\Contracts\\Container\\BindingResolutionException: Target class [view] does not exist. in C:\\Users\\User\\OneDrive\\Dokumentumok\\GitHub\\TaskManagerBackEnd\\vendor\\laravel\\framework\\src\\Illuminate\\Container\\Container.php:961
Stack trace:
#0 C:\\Users\\User\\OneDrive\\Dokumentumok\\GitHub\\TaskManagerBackEnd\\vendor\\laravel\\framework\\src\\Illuminate\\Container\\Container.php(832): Illuminate\\Container\\Container->build('view')
#1 C:\\Users\\User\\OneDrive\\Dokumentumok\\GitHub\\TaskManagerBackEnd\\vendor\\laravel\\framework\\src\\Illuminate\\Foundation\\Application.php(1078): Illuminate\\Container\\Container->resolve('view', Array, true)
#2 C:\\Users\\User\\OneDrive\\Dokumentumok\\GitHub\\TaskManagerBackEnd\\vendor\\laravel\\framework\\src\\Illuminate\\Container\\Container.php(763): Illuminate\\Foundation\\Application->resolve('view', Array)
#3 C:\\Users\\User\\OneDrive\\Dokumentumok\\GitHub\\TaskManagerBackEnd\\vendor\\laravel\\framework\\src\\Illuminate\\Foundation\\Application.php(1058): Illuminate\\Container\\Container->make('view', Array)
#4 C:\\Users\\User\\OneDrive\\Dokumentumok\\GitHub\\TaskManagerBackEnd\\vendor\\laravel\\framework\\src\\Illuminate\\Foundation\\helpers.php(124): Illuminate\\Foundation\\Application->make('view', Array)
#5 Command line code(1): app('view')
#6 {main}
  thrown at C:\\Users\\User\\OneDrive\\Dokumentumok\\GitHub\\TaskManagerBackEnd\\vendor\\laravel\\framework\\src\\Illuminate\\Container\\Container.php:961)
[stacktrace]
#0 {main}
"} 
[2026-01-22 21:38:42] local.ERROR: Class "App\Providers\AuthServiceProvider" not found {"exception":"[object] (Error(code: 0): Class \"App\\Providers\\AuthServiceProvider\" not found at C:\\Users\\User\\OneDrive\\Dokumentumok\\GitHub\\TaskManagerBackEnd\\vendor\\laravel\\framework\\src\\Illuminate\\Foundation\\ProviderRepository.php:206)
[stacktrace]
#0 C:\\Users\\User\\OneDrive\\Dokumentumok\\GitHub\\TaskManagerBackEnd\\vendor\\laravel\\framework\\src\\Illuminate\\Foundation\\ProviderRepository.php(142): Illuminate\\Foundation\\ProviderRepository->createProvider('App\\\\Providers\\\\A...')
#1 C:\\Users\\User\\OneDrive\\Dokumentumok\\GitHub\\TaskManagerBackEnd\\vendor\\laravel\\framework\\src\\Illuminate\\Foundation\\ProviderRepository.php(61): Illuminate\\Foundation\\ProviderRepository->compileManifest(Array)
#2 C:\\Users\\User\\OneDrive\\Dokumentumok\\GitHub\\TaskManagerBackEnd\\vendor\\laravel\\framework\\src\\Illuminate\\Foundation\\Application.php(871): Illuminate\\Foundation\\ProviderRepository->load(Array)
#3 C:\\Users\\User\\OneDrive\\Dokumentumok\\GitHub\\TaskManagerBackEnd\\vendor\\laravel\\framework\\src\\Illuminate\\Foundation\\Bootstrap\\RegisterProviders.php(37): Illuminate\\Foundation\\Application->registerConfiguredProviders()
#4 C:\\Users\\User\\OneDrive\\Dokumentumok\\GitHub\\TaskManagerBackEnd\\vendor\\laravel\\framework\\src\\Illuminate\\Foundation\\Application.php(342): Illuminate\\Foundation\\Bootstrap\\RegisterProviders->bootstrap(Object(Illuminate\\Foundation\\Application))
#5 C:\\Users\\User\\OneDrive\\Dokumentumok\\GitHub\\TaskManagerBackEnd\\vendor\\laravel\\framework\\src\\Illuminate\\Foundation\\Console\\Kernel.php(474): Illuminate\\Foundation\\Application->bootstrapWith(Array)
#6 C:\\Users\\User\\OneDrive\\Dokumentumok\\GitHub\\TaskManagerBackEnd\\vendor\\laravel\\framework\\src\\Illuminate\\Foundation\\Console\\Kernel.php(196): Illuminate\\Foundation\\Console\\Kernel->bootstrap()
#7 Command line code(1): Illuminate\\Foundation\\Console\\Kernel->handle(Object(Symfony\\Component\\Console\\Input\\ArgvInput), Object(Symfony\\Component\\Console\\Output\\ConsoleOutput))
#8 {main}
"} 
[2026-01-22 21:38:42] local.ERROR: Uncaught ReflectionException: Class "view" does not exist in C:\Users\User\OneDrive\Dokumentumok\GitHub\TaskManagerBackEnd\vendor\laravel\framework\src\Illuminate\Container\Container.php:959
Stack trace:
#0 C:\Users\User\OneDrive\Dokumentumok\GitHub\TaskManagerBackEnd\vendor\laravel\framework\src\Illuminate\Container\Container.php(959): ReflectionClass->__construct('view')
#1 C:\Users\User\OneDrive\Dokumentumok\GitHub\TaskManagerBackEnd\vendor\laravel\framework\src\Illuminate\Container\Container.php(832): Illuminate\Container\Container->build('view')
#2 C:\Users\User\OneDrive\Dokumentumok\GitHub\TaskManagerBackEnd\vendor\laravel\framework\src\Illuminate\Foundation\Application.php(1078): Illuminate\Container\Container->resolve('view', Array, true)
#3 C:\Users\User\OneDrive\Dokumentumok\GitHub\TaskManagerBackEnd\vendor\laravel\framework\src\Illuminate\Container\Container.php(763): Illuminate\Foundation\Application->resolve('view', Array)
#4 C:\Users\User\OneDrive\Dokumentumok\GitHub\TaskManagerBackEnd\vendor\laravel\framework\src\Illuminate\Foundation\Application.php(1058): Illuminate\Container\Container->make('view', Array)
#5 C:\Users\User\OneDrive\Dokumentumok\GitHub\TaskManagerBackEnd\vendor\laravel\framework\src\Illuminate\Foundation\helpers.php(124): Illuminate\Foundation\Application->make('view', Array)
#6 Command line code(1): app('view')
#7 {main}

Next Illuminate\Contracts\Container\BindingResolutionException: Target class [view] does not exist. in C:\Users\User\OneDrive\Dokumentumok\GitHub\TaskManagerBackEnd\vendor\laravel\framework\src\Illuminate\Container\Container.php:961
Stack trace:
#0 C:\Users\User\OneDrive\Dokumentumok\GitHub\TaskManagerBackEnd\vendor\laravel\framework\src\Illuminate\Container\Container.php(832): Illuminate\Container\Container->build('view')
#1 C:\Users\User\OneDrive\Dokumentumok\GitHub\TaskManagerBackEnd\vendor\laravel\framework\src\Illuminate\Foundation\Application.php(1078): Illuminate\Container\Container->resolve('view', Array, true)
#2 C:\Users\User\OneDrive\Dokumentumok\GitHub\TaskManagerBackEnd\vendor\laravel\framework\src\Illuminate\Container\Container.php(763): Illuminate\Foundation\Application->resolve('view', Array)
#3 C:\Users\User\OneDrive\Dokumentumok\GitHub\TaskManagerBackEnd\vendor\laravel\framework\src\Illuminate\Foundation\Application.php(1058): Illuminate\Container\Container->make('view', Array)
#4 C:\Users\User\OneDrive\Dokumentumok\GitHub\TaskManagerBackEnd\vendor\laravel\framework\src\Illuminate\Foundation\helpers.php(124): Illuminate\Foundation\Application->make('view', Array)
#5 Command line code(1): app('view')
#6 {main}
  thrown {"exception":"[object] (Symfony\\Component\\ErrorHandler\\Error\\FatalError(code: 0): Uncaught ReflectionException: Class \"view\" does not exist in C:\\Users\\User\\OneDrive\\Dokumentumok\\GitHub\\TaskManagerBackEnd\\vendor\\laravel\\framework\\src\\Illuminate\\Container\\Container.php:959
Stack trace:
#0 C:\\Users\\User\\OneDrive\\Dokumentumok\\GitHub\\TaskManagerBackEnd\\vendor\\laravel\\framework\\src\\Illuminate\\Container\\Container.php(959): ReflectionClass->__construct('view')
#1 C:\\Users\\User\\OneDrive\\Dokumentumok\\GitHub\\TaskManagerBackEnd\\vendor\\laravel\\framework\\src\\Illuminate\\Container\\Container.php(832): Illuminate\\Container\\Container->build('view')
#2 C:\\Users\\User\\OneDrive\\Dokumentumok\\GitHub\\TaskManagerBackEnd\\vendor\\laravel\\framework\\src\\Illuminate\\Foundation\\Application.php(1078): Illuminate\\Container\\Container->resolve('view', Array, true)
#3 C:\\Users\\User\\OneDrive\\Dokumentumok\\GitHub\\TaskManagerBackEnd\\vendor\\laravel\\framework\\src\\Illuminate\\Container\\Container.php(763): Illuminate\\Foundation\\Application->resolve('view', Array)
#4 C:\\Users\\User\\OneDrive\\Dokumentumok\\GitHub\\TaskManagerBackEnd\\vendor\\laravel\\framework\\src\\Illuminate\\Foundation\\Application.php(1058): Illuminate\\Container\\Container->make('view', Array)
#5 C:\\Users\\User\\OneDrive\\Dokumentumok\\GitHub\\TaskManagerBackEnd\\vendor\\laravel\\framework\\src\\Illuminate\\Foundation\\helpers.php(124): Illuminate\\Foundation\\Application->make('view', Array)
#6 Command line code(1): app('view')
#7 {main}

Next Illuminate\\Contracts\\Container\\BindingResolutionException: Target class [view] does not exist. in C:\\Users\\User\\OneDrive\\Dokumentumok\\GitHub\\TaskManagerBackEnd\\vendor\\laravel\\framework\\src\\Illuminate\\Container\\Container.php:961
Stack trace:
#0 C:\\Users\\User\\OneDrive\\Dokumentumok\\GitHub\\TaskManagerBackEnd\\vendor\\laravel\\framework\\src\\Illuminate\\Container\\Container.php(832): Illuminate\\Container\\Container->build('view')
#1 C:\\Users\\User\\OneDrive\\Dokumentumok\\GitHub\\TaskManagerBackEnd\\vendor\\laravel\\framework\\src\\Illuminate\\Foundation\\Application.php(1078): Illuminate\\Container\\Container->resolve('view', Array, true)
#2 C:\\Users\\User\\OneDrive\\Dokumentumok\\GitHub\\TaskManagerBackEnd\\vendor\\laravel\\framework\\src\\Illuminate\\Container\\Container.php(763): Illuminate\\Foundation\\Application->resolve('view', Array)
#3 C:\\Users\\User\\OneDrive\\Dokumentumok\\GitHub\\TaskManagerBackEnd\\vendor\\laravel\\framework\\src\\Illuminate\\Foundation\\Application.php(1058): Illuminate\\Container\\Container->make('view', Array)
#4 C:\\Users\\User\\OneDrive\\Dokumentumok\\GitHub\\TaskManagerBackEnd\\vendor\\laravel\\framework\\src\\Illuminate\\Foundation\\helpers.php(124): Illuminate\\Foundation\\Application->make('view', Array)
#5 Command line code(1): app('view')
#6 {main}
  thrown at C:\\Users\\User\\OneDrive\\Dokumentumok\\GitHub\\TaskManagerBackEnd\\vendor\\laravel\\framework\\src\\Illuminate\\Container\\Container.php:961)
[stacktrace]
#0 {main}
"} 
[2026-01-22 21:38:43] local.ERROR: Class "App\Providers\AuthServiceProvider" not found {"exception":"[object] (Error(code: 0): Class \"App\\Providers\\AuthServiceProvider\" not found at C:\\Users\\User\\OneDrive\\Dokumentumok\\GitHub\\TaskManagerBackEnd\\vendor\\laravel\\framework\\src\\Illuminate\\Foundation\\ProviderRepository.php:206)
[stacktrace]
#0 C:\\Users\\User\\OneDrive\\Dokumentumok\\GitHub\\TaskManagerBackEnd\\vendor\\laravel\\framework\\src\\Illuminate\\Foundation\\ProviderRepository.php(142): Illuminate\\Foundation\\ProviderRepository->createProvider('App\\\\Providers\\\\A...')
#1 C:\\Users\\User\\OneDrive\\Dokumentumok\\GitHub\\TaskManagerBackEnd\\vendor\\laravel\\framework\\src\\Illuminate\\Foundation\\ProviderRepository.php(61): Illuminate\\Foundation\\ProviderRepository->compileManifest(Array)
#2 C:\\Users\\User\\OneDrive\\Dokumentumok\\GitHub\\TaskManagerBackEnd\\vendor\\laravel\\framework\\src\\Illuminate\\Foundation\\Application.php(871): Illuminate\\Foundation\\ProviderRepository->load(Array)
#3 C:\\Users\\User\\OneDrive\\Dokumentumok\\GitHub\\TaskManagerBackEnd\\vendor\\laravel\\framework\\src\\Illuminate\\Foundation\\Bootstrap\\RegisterProviders.php(37): Illuminate\\Foundation\\Application->registerConfiguredProviders()
#4 C:\\Users\\User\\OneDrive\\Dokumentumok\\GitHub\\TaskManagerBackEnd\\vendor\\laravel\\framework\\src\\Illuminate\\Foundation\\Application.php(342): Illuminate\\Foundation\\Bootstrap\\RegisterProviders->bootstrap(Object(Illuminate\\Foundation\\Application))
#5 C:\\Users\\User\\OneDrive\\Dokumentumok\\GitHub\\TaskManagerBackEnd\\vendor\\laravel\\framework\\src\\Illuminate\\Foundation\\Console\\Kernel.php(474): Illuminate\\Foundation\\Application->bootstrapWith(Array)
#6 C:\\Users\\User\\OneDrive\\Dokumentumok\\GitHub\\TaskManagerBackEnd\\vendor\\laravel\\framework\\src\\Illuminate\\Foundation\\Console\\Kernel.php(196): Illuminate\\Foundation\\Console\\Kernel->bootstrap()
#7 Command line code(1): Illuminate\\Foundation\\Console\\Kernel->handle(Object(Symfony\\Component\\Console\\Input\\ArgvInput), Object(Symfony\\Component\\Console\\Output\\ConsoleOutput))
#8 {main}
"} 
[2026-01-22 21:38:43] local.ERROR: Uncaught ReflectionException: Class "view" does not exist in C:\Users\User\OneDrive\Dokumentumok\GitHub\TaskManagerBackEnd\vendor\laravel\framework\src\Illuminate\Container\Container.php:959
Stack trace:
#0 C:\Users\User\OneDrive\Dokumentumok\GitHub\TaskManagerBackEnd\vendor\laravel\framework\src\Illuminate\Container\Container.php(959): ReflectionClass->__construct('view')
#1 C:\Users\User\OneDrive\Dokumentumok\GitHub\TaskManagerBackEnd\vendor\laravel\framework\src\Illuminate\Container\Container.php(832): Illuminate\Container\Container->build('view')
#2 C:\Users\User\OneDrive\Dokumentumok\GitHub\TaskManagerBackEnd\vendor\laravel\framework\src\Illuminate\Foundation\Application.php(1078): Illuminate\Container\Container->resolve('view', Array, true)
#3 C:\Users\User\OneDrive\Dokumentumok\GitHub\TaskManagerBackEnd\vendor\laravel\framework\src\Illuminate\Container\Container.php(763): Illuminate\Foundation\Application->resolve('view', Array)
#4 C:\Users\User\OneDrive\Dokumentumok\GitHub\TaskManagerBackEnd\vendor\laravel\framework\src\Illuminate\Foundation\Application.php(1058): Illuminate\Container\Container->make('view', Array)
#5 C:\Users\User\OneDrive\Dokumentumok\GitHub\TaskManagerBackEnd\vendor\laravel\framework\src\Illuminate\Foundation\helpers.php(124): Illuminate\Foundation\Application->make('view', Array)
#6 Command line code(1): app('view')
#7 {main}

Next Illuminate\Contracts\Container\BindingResolutionException: Target class [view] does not exist. in C:\Users\User\OneDrive\Dokumentumok\GitHub\TaskManagerBackEnd\vendor\laravel\framework\src\Illuminate\Container\Container.php:961
Stack trace:
#0 C:\Users\User\OneDrive\Dokumentumok\GitHub\TaskManagerBackEnd\vendor\laravel\framework\src\Illuminate\Container\Container.php(832): Illuminate\Container\Container->build('view')
#1 C:\Users\User\OneDrive\Dokumentumok\GitHub\TaskManagerBackEnd\vendor\laravel\framework\src\Illuminate\Foundation\Application.php(1078): Illuminate\Container\Container->resolve('view', Array, true)
#2 C:\Users\User\OneDrive\Dokumentumok\GitHub\TaskManagerBackEnd\vendor\laravel\framework\src\Illuminate\Container\Container.php(763): Illuminate\Foundation\Application->resolve('view', Array)
#3 C:\Users\User\OneDrive\Dokumentumok\GitHub\TaskManagerBackEnd\vendor\laravel\framework\src\Illuminate\Foundation\Application.php(1058): Illuminate\Container\Container->make('view', Array)
#4 C:\Users\User\OneDrive\Dokumentumok\GitHub\TaskManagerBackEnd\vendor\laravel\framework\src\Illuminate\Foundation\helpers.php(124): Illuminate\Foundation\Application->make('view', Array)
#5 Command line code(1): app('view')
#6 {main}
  thrown {"exception":"[object] (Symfony\\Component\\ErrorHandler\\Error\\FatalError(code: 0): Uncaught ReflectionException: Class \"view\" does not exist in C:\\Users\\User\\OneDrive\\Dokumentumok\\GitHub\\TaskManagerBackEnd\\vendor\\laravel\\framework\\src\\Illuminate\\Container\\Container.php:959
Stack trace:
#0 C:\\Users\\User\\OneDrive\\Dokumentumok\\GitHub\\TaskManagerBackEnd\\vendor\\laravel\\framework\\src\\Illuminate\\Container\\Container.php(959): ReflectionClass->__construct('view')
#1 C:\\Users\\User\\OneDrive\\Dokumentumok\\GitHub\\TaskManagerBackEnd\\vendor\\laravel\\framework\\src\\Illuminate\\Container\\Container.php(832): Illuminate\\Container\\Container->build('view')
#2 C:\\Users\\User\\OneDrive\\Dokumentumok\\GitHub\\TaskManagerBackEnd\\vendor\\laravel\\framework\\src\\Illuminate\\Foundation\\Application.php(1078): Illuminate\\Container\\Container->resolve('view', Array, true)
#3 C:\\Users\\User\\OneDrive\\Dokumentumok\\GitHub\\TaskManagerBackEnd\\vendor\\laravel\\framework\\src\\Illuminate\\Container\\Container.php(763): Illuminate\\Foundation\\Application->resolve('view', Array)
#4 C:\\Users\\User\\OneDrive\\Dokumentumok\\GitHub\\TaskManagerBackEnd\\vendor\\laravel\\framework\\src\\Illuminate\\Foundation\\Application.php(1058): Illuminate\\Container\\Container->make('view', Array)
#5 C:\\Users\\User\\OneDrive\\Dokumentumok\\GitHub\\TaskManagerBackEnd\\vendor\\laravel\\framework\\src\\Illuminate\\Foundation\\helpers.php(124): Illuminate\\Foundation\\Application->make('view', Array)
#6 Command line code(1): app('view')
#7 {main}

Next Illuminate\\Contracts\\Container\\BindingResolutionException: Target class [view] does not exist. in C:\\Users\\User\\OneDrive\\Dokumentumok\\GitHub\\TaskManagerBackEnd\\vendor\\laravel\\framework\\src\\Illuminate\\Container\\Container.php:961
Stack trace:
#0 C:\\Users\\User\\OneDrive\\Dokumentumok\\GitHub\\TaskManagerBackEnd\\vendor\\laravel\\framework\\src\\Illuminate\\Container\\Container.php(832): Illuminate\\Container\\Container->build('view')
#1 C:\\Users\\User\\OneDrive\\Dokumentumok\\GitHub\\TaskManagerBackEnd\\vendor\\laravel\\framework\\src\\Illuminate\\Foundation\\Application.php(1078): Illuminate\\Container\\Container->resolve('view', Array, true)
#2 C:\\Users\\User\\OneDrive\\Dokumentumok\\GitHub\\TaskManagerBackEnd\\vendor\\laravel\\framework\\src\\Illuminate\\Container\\Container.php(763): Illuminate\\Foundation\\Application->resolve('view', Array)
#3 C:\\Users\\User\\OneDrive\\Dokumentumok\\GitHub\\TaskManagerBackEnd\\vendor\\laravel\\framework\\src\\Illuminate\\Foundation\\Application.php(1058): Illuminate\\Container\\Container->make('view', Array)
#4 C:\\Users\\User\\OneDrive\\Dokumentumok\\GitHub\\TaskManagerBackEnd\\vendor\\laravel\\framework\\src\\Illuminate\\Foundation\\helpers.php(124): Illuminate\\Foundation\\Application->make('view', Array)
#5 Command line code(1): app('view')
#6 {main}
  thrown at C:\\Users\\User\\OneDrive\\Dokumentumok\\GitHub\\TaskManagerBackEnd\\vendor\\laravel\\framework\\src\\Illuminate\\Container\\Container.php:961)
[stacktrace]
#0 {main}
"} 
[2026-01-22 21:38:44] local.ERROR: Class "App\Providers\AuthServiceProvider" not found {"exception":"[object] (Error(code: 0): Class \"App\\Providers\\AuthServiceProvider\" not found at C:\\Users\\User\\OneDrive\\Dokumentumok\\GitHub\\TaskManagerBackEnd\\vendor\\laravel\\framework\\src\\Illuminate\\Foundation\\ProviderRepository.php:206)
[stacktrace]
#0 C:\\Users\\User\\OneDrive\\Dokumentumok\\GitHub\\TaskManagerBackEnd\\vendor\\laravel\\framework\\src\\Illuminate\\Foundation\\ProviderRepository.php(142): Illuminate\\Foundation\\ProviderRepository->createProvider('App\\\\Providers\\\\A...')
#1 C:\\Users\\User\\OneDrive\\Dokumentumok\\GitHub\\TaskManagerBackEnd\\vendor\\laravel\\framework\\src\\Illuminate\\Foundation\\ProviderRepository.php(61): Illuminate\\Foundation\\ProviderRepository->compileManifest(Array)
#2 C:\\Users\\User\\OneDrive\\Dokumentumok\\GitHub\\TaskManagerBackEnd\\vendor\\laravel\\framework\\src\\Illuminate\\Foundation\\Application.php(871): Illuminate\\Foundation\\ProviderRepository->load(Array)
#3 C:\\Users\\User\\OneDrive\\Dokumentumok\\GitHub\\TaskManagerBackEnd\\vendor\\laravel\\framework\\src\\Illuminate\\Foundation\\Bootstrap\\RegisterProviders.php(37): Illuminate\\Foundation\\Application->registerConfiguredProviders()
#4 C:\\Users\\User\\OneDrive\\Dokumentumok\\GitHub\\TaskManagerBackEnd\\vendor\\laravel\\framework\\src\\Illuminate\\Foundation\\Application.php(342): Illuminate\\Foundation\\Bootstrap\\RegisterProviders->bootstrap(Object(Illuminate\\Foundation\\Application))
#5 C:\\Users\\User\\OneDrive\\Dokumentumok\\GitHub\\TaskManagerBackEnd\\vendor\\laravel\\framework\\src\\Illuminate\\Foundation\\Console\\Kernel.php(474): Illuminate\\Foundation\\Application->bootstrapWith(Array)
#6 C:\\Users\\User\\OneDrive\\Dokumentumok\\GitHub\\TaskManagerBackEnd\\vendor\\laravel\\framework\\src\\Illuminate\\Foundation\\Console\\Kernel.php(196): Illuminate\\Foundation\\Console\\Kernel->bootstrap()
#7 Command line code(1): Illuminate\\Foundation\\Console\\Kernel->handle(Object(Symfony\\Component\\Console\\Input\\ArgvInput), Object(Symfony\\Component\\Console\\Output\\ConsoleOutput))
#8 {main}
"} 
[2026-01-22 21:38:44] local.ERROR: Uncaught ReflectionException: Class "view" does not exist in C:\Users\User\OneDrive\Dokumentumok\GitHub\TaskManagerBackEnd\vendor\laravel\framework\src\Illuminate\Container\Container.php:959
Stack trace:
#0 C:\Users\User\OneDrive\Dokumentumok\GitHub\TaskManagerBackEnd\vendor\laravel\framework\src\Illuminate\Container\Container.php(959): ReflectionClass->__construct('view')
#1 C:\Users\User\OneDrive\Dokumentumok\GitHub\TaskManagerBackEnd\vendor\laravel\framework\src\Illuminate\Container\Container.php(832): Illuminate\Container\Container->build('view')
#2 C:\Users\User\OneDrive\Dokumentumok\GitHub\TaskManagerBackEnd\vendor\laravel\framework\src\Illuminate\Foundation\Application.php(1078): Illuminate\Container\Container->resolve('view', Array, true)
#3 C:\Users\User\OneDrive\Dokumentumok\GitHub\TaskManagerBackEnd\vendor\laravel\framework\src\Illuminate\Container\Container.php(763): Illuminate\Foundation\Application->resolve('view', Array)
#4 C:\Users\User\OneDrive\Dokumentumok\GitHub\TaskManagerBackEnd\vendor\laravel\framework\src\Illuminate\Foundation\Application.php(1058): Illuminate\Container\Container->make('view', Array)
#5 C:\Users\User\OneDrive\Dokumentumok\GitHub\TaskManagerBackEnd\vendor\laravel\framework\src\Illuminate\Foundation\helpers.php(124): Illuminate\Foundation\Application->make('view', Array)
#6 Command line code(1): app('view')
#7 {main}

Next Illuminate\Contracts\Container\BindingResolutionException: Target class [view] does not exist. in C:\Users\User\OneDrive\Dokumentumok\GitHub\TaskManagerBackEnd\vendor\laravel\framework\src\Illuminate\Container\Container.php:961
Stack trace:
#0 C:\Users\User\OneDrive\Dokumentumok\GitHub\TaskManagerBackEnd\vendor\laravel\framework\src\Illuminate\Container\Container.php(832): Illuminate\Container\Container->build('view')
#1 C:\Users\User\OneDrive\Dokumentumok\GitHub\TaskManagerBackEnd\vendor\laravel\framework\src\Illuminate\Foundation\Application.php(1078): Illuminate\Container\Container->resolve('view', Array, true)
#2 C:\Users\User\OneDrive\Dokumentumok\GitHub\TaskManagerBackEnd\vendor\laravel\framework\src\Illuminate\Container\Container.php(763): Illuminate\Foundation\Application->resolve('view', Array)
#3 C:\Users\User\OneDrive\Dokumentumok\GitHub\TaskManagerBackEnd\vendor\laravel\framework\src\Illuminate\Foundation\Application.php(1058): Illuminate\Container\Container->make('view', Array)
#4 C:\Users\User\OneDrive\Dokumentumok\GitHub\TaskManagerBackEnd\vendor\laravel\framework\src\Illuminate\Foundation\helpers.php(124): Illuminate\Foundation\Application->make('view', Array)
#5 Command line code(1): app('view')
#6 {main}
  thrown {"exception":"[object] (Symfony\\Component\\ErrorHandler\\Error\\FatalError(code: 0): Uncaught ReflectionException: Class \"view\" does not exist in C:\\Users\\User\\OneDrive\\Dokumentumok\\GitHub\\TaskManagerBackEnd\\vendor\\laravel\\framework\\src\\Illuminate\\Container\\Container.php:959
Stack trace:
#0 C:\\Users\\User\\OneDrive\\Dokumentumok\\GitHub\\TaskManagerBackEnd\\vendor\\laravel\\framework\\src\\Illuminate\\Container\\Container.php(959): ReflectionClass->__construct('view')
#1 C:\\Users\\User\\OneDrive\\Dokumentumok\\GitHub\\TaskManagerBackEnd\\vendor\\laravel\\framework\\src\\Illuminate\\Container\\Container.php(832): Illuminate\\Container\\Container->build('view')
#2 C:\\Users\\User\\OneDrive\\Dokumentumok\\GitHub\\TaskManagerBackEnd\\vendor\\laravel\\framework\\src\\Illuminate\\Foundation\\Application.php(1078): Illuminate\\Container\\Container->resolve('view', Array, true)
#3 C:\\Users\\User\\OneDrive\\Dokumentumok\\GitHub\\TaskManagerBackEnd\\vendor\\laravel\\framework\\src\\Illuminate\\Container\\Container.php(763): Illuminate\\Foundation\\Application->resolve('view', Array)
#4 C:\\Users\\User\\OneDrive\\Dokumentumok\\GitHub\\TaskManagerBackEnd\\vendor\\laravel\\framework\\src\\Illuminate\\Foundation\\Application.php(1058): Illuminate\\Container\\Container->make('view', Array)
#5 C:\\Users\\User\\OneDrive\\Dokumentumok\\GitHub\\TaskManagerBackEnd\\vendor\\laravel\\framework\\src\\Illuminate\\Foundation\\helpers.php(124): Illuminate\\Foundation\\Application->make('view', Array)
#6 Command line code(1): app('view')
#7 {main}

Next Illuminate\\Contracts\\Container\\BindingResolutionException: Target class [view] does not exist. in C:\\Users\\User\\OneDrive\\Dokumentumok\\GitHub\\TaskManagerBackEnd\\vendor\\laravel\\framework\\src\\Illuminate\\Container\\Container.php:961
Stack trace:
#0 C:\\Users\\User\\OneDrive\\Dokumentumok\\GitHub\\TaskManagerBackEnd\\vendor\\laravel\\framework\\src\\Illuminate\\Container\\Container.php(832): Illuminate\\Container\\Container->build('view')
#1 C:\\Users\\User\\OneDrive\\Dokumentumok\\GitHub\\TaskManagerBackEnd\\vendor\\laravel\\framework\\src\\Illuminate\\Foundation\\Application.php(1078): Illuminate\\Container\\Container->resolve('view', Array, true)
#2 C:\\Users\\User\\OneDrive\\Dokumentumok\\GitHub\\TaskManagerBackEnd\\vendor\\laravel\\framework\\src\\Illuminate\\Container\\Container.php(763): Illuminate\\Foundation\\Application->resolve('view', Array)
#3 C:\\Users\\User\\OneDrive\\Dokumentumok\\GitHub\\TaskManagerBackEnd\\vendor\\laravel\\framework\\src\\Illuminate\\Foundation\\Application.php(1058): Illuminate\\Container\\Container->make('view', Array)
#4 C:\\Users\\User\\OneDrive\\Dokumentumok\\GitHub\\TaskManagerBackEnd\\vendor\\laravel\\framework\\src\\Illuminate\\Foundation\\helpers.php(124): Illuminate\\Foundation\\Application->make('view', Array)
#5 Command line code(1): app('view')
#6 {main}
  thrown at C:\\Users\\User\\OneDrive\\Dokumentumok\\GitHub\\TaskManagerBackEnd\\vendor\\laravel\\framework\\src\\Illuminate\\Container\\Container.php:961)
[stacktrace]
#0 {main}
"} 
[2026-01-22 21:38:45] local.ERROR: Class "App\Providers\AuthServiceProvider" not found {"exception":"[object] (Error(code: 0): Class \"App\\Providers\\AuthServiceProvider\" not found at C:\\Users\\User\\OneDrive\\Dokumentumok\\GitHub\\TaskManagerBackEnd\\vendor\\laravel\\framework\\src\\Illuminate\\Foundation\\ProviderRepository.php:206)
[stacktrace]
#0 C:\\Users\\User\\OneDrive\\Dokumentumok\\GitHub\\TaskManagerBackEnd\\vendor\\laravel\\framework\\src\\Illuminate\\Foundation\\ProviderRepository.php(142): Illuminate\\Foundation\\ProviderRepository->createProvider('App\\\\Providers\\\\A...')
#1 C:\\Users\\User\\OneDrive\\Dokumentumok\\GitHub\\TaskManagerBackEnd\\vendor\\laravel\\framework\\src\\Illuminate\\Foundation\\ProviderRepository.php(61): Illuminate\\Foundation\\ProviderRepository->compileManifest(Array)
#2 C:\\Users\\User\\OneDrive\\Dokumentumok\\GitHub\\TaskManagerBackEnd\\vendor\\laravel\\framework\\src\\Illuminate\\Foundation\\Application.php(871): Illuminate\\Foundation\\ProviderRepository->load(Array)
#3 C:\\Users\\User\\OneDrive\\Dokumentumok\\GitHub\\TaskManagerBackEnd\\vendor\\laravel\\framework\\src\\Illuminate\\Foundation\\Bootstrap\\RegisterProviders.php(37): Illuminate\\Foundation\\Application->registerConfiguredProviders()
#4 C:\\Users\\User\\OneDrive\\Dokumentumok\\GitHub\\TaskManagerBackEnd\\vendor\\laravel\\framework\\src\\Illuminate\\Foundation\\Application.php(342): Illuminate\\Foundation\\Bootstrap\\RegisterProviders->bootstrap(Object(Illuminate\\Foundation\\Application))
#5 C:\\Users\\User\\OneDrive\\Dokumentumok\\GitHub\\TaskManagerBackEnd\\vendor\\laravel\\framework\\src\\Illuminate\\Foundation\\Console\\Kernel.php(474): Illuminate\\Foundation\\Application->bootstrapWith(Array)
#6 C:\\Users\\User\\OneDrive\\Dokumentumok\\GitHub\\TaskManagerBackEnd\\vendor\\laravel\\framework\\src\\Illuminate\\Foundation\\Console\\Kernel.php(196): Illuminate\\Foundation\\Console\\Kernel->bootstrap()
#7 Command line code(1): Illuminate\\Foundation\\Console\\Kernel->handle(Object(Symfony\\Component\\Console\\Input\\ArgvInput), Object(Symfony\\Component\\Console\\Output\\ConsoleOutput))
#8 {main}
"} 
[2026-01-22 21:38:45] local.ERROR: Uncaught ReflectionException: Class "view" does not exist in C:\Users\User\OneDrive\Dokumentumok\GitHub\TaskManagerBackEnd\vendor\laravel\framework\src\Illuminate\Container\Container.php:959
Stack trace:
#0 C:\Users\User\OneDrive\Dokumentumok\GitHub\TaskManagerBackEnd\vendor\laravel\framework\src\Illuminate\Container\Container.php(959): ReflectionClass->__construct('view')
#1 C:\Users\User\OneDrive\Dokumentumok\GitHub\TaskManagerBackEnd\vendor\laravel\framework\src\Illuminate\Container\Container.php(832): Illuminate\Container\Container->build('view')
#2 C:\Users\User\OneDrive\Dokumentumok\GitHub\TaskManagerBackEnd\vendor\laravel\framework\src\Illuminate\Foundation\Application.php(1078): Illuminate\Container\Container->resolve('view', Array, true)
#3 C:\Users\User\OneDrive\Dokumentumok\GitHub\TaskManagerBackEnd\vendor\laravel\framework\src\Illuminate\Container\Container.php(763): Illuminate\Foundation\Application->resolve('view', Array)
#4 C:\Users\User\OneDrive\Dokumentumok\GitHub\TaskManagerBackEnd\vendor\laravel\framework\src\Illuminate\Foundation\Application.php(1058): Illuminate\Container\Container->make('view', Array)
#5 C:\Users\User\OneDrive\Dokumentumok\GitHub\TaskManagerBackEnd\vendor\laravel\framework\src\Illuminate\Foundation\helpers.php(124): Illuminate\Foundation\Application->make('view', Array)
#6 Command line code(1): app('view')
#7 {main}

Next Illuminate\Contracts\Container\BindingResolutionException: Target class [view] does not exist. in C:\Users\User\OneDrive\Dokumentumok\GitHub\TaskManagerBackEnd\vendor\laravel\framework\src\Illuminate\Container\Container.php:961
Stack trace:
#0 C:\Users\User\OneDrive\Dokumentumok\GitHub\TaskManagerBackEnd\vendor\laravel\framework\src\Illuminate\Container\Container.php(832): Illuminate\Container\Container->build('view')
#1 C:\Users\User\OneDrive\Dokumentumok\GitHub\TaskManagerBackEnd\vendor\laravel\framework\src\Illuminate\Foundation\Application.php(1078): Illuminate\Container\Container->resolve('view', Array, true)
#2 C:\Users\User\OneDrive\Dokumentumok\GitHub\TaskManagerBackEnd\vendor\laravel\framework\src\Illuminate\Container\Container.php(763): Illuminate\Foundation\Application->resolve('view', Array)
#3 C:\Users\User\OneDrive\Dokumentumok\GitHub\TaskManagerBackEnd\vendor\laravel\framework\src\Illuminate\Foundation\Application.php(1058): Illuminate\Container\Container->make('view', Array)
#4 C:\Users\User\OneDrive\Dokumentumok\GitHub\TaskManagerBackEnd\vendor\laravel\framework\src\Illuminate\Foundation\helpers.php(124): Illuminate\Foundation\Application->make('view', Array)
#5 Command line code(1): app('view')
#6 {main}
  thrown {"exception":"[object] (Symfony\\Component\\ErrorHandler\\Error\\FatalError(code: 0): Uncaught ReflectionException: Class \"view\" does not exist in C:\\Users\\User\\OneDrive\\Dokumentumok\\GitHub\\TaskManagerBackEnd\\vendor\\laravel\\framework\\src\\Illuminate\\Container\\Container.php:959
Stack trace:
#0 C:\\Users\\User\\OneDrive\\Dokumentumok\\GitHub\\TaskManagerBackEnd\\vendor\\laravel\\framework\\src\\Illuminate\\Container\\Container.php(959): ReflectionClass->__construct('view')
#1 C:\\Users\\User\\OneDrive\\Dokumentumok\\GitHub\\TaskManagerBackEnd\\vendor\\laravel\\framework\\src\\Illuminate\\Container\\Container.php(832): Illuminate\\Container\\Container->build('view')
#2 C:\\Users\\User\\OneDrive\\Dokumentumok\\GitHub\\TaskManagerBackEnd\\vendor\\laravel\\framework\\src\\Illuminate\\Foundation\\Application.php(1078): Illuminate\\Container\\Container->resolve('view', Array, true)
#3 C:\\Users\\User\\OneDrive\\Dokumentumok\\GitHub\\TaskManagerBackEnd\\vendor\\laravel\\framework\\src\\Illuminate\\Container\\Container.php(763): Illuminate\\Foundation\\Application->resolve('view', Array)
#4 C:\\Users\\User\\OneDrive\\Dokumentumok\\GitHub\\TaskManagerBackEnd\\vendor\\laravel\\framework\\src\\Illuminate\\Foundation\\Application.php(1058): Illuminate\\Container\\Container->make('view', Array)
#5 C:\\Users\\User\\OneDrive\\Dokumentumok\\GitHub\\TaskManagerBackEnd\\vendor\\laravel\\framework\\src\\Illuminate\\Foundation\\helpers.php(124): Illuminate\\Foundation\\Application->make('view', Array)
#6 Command line code(1): app('view')
#7 {main}

Next Illuminate\\Contracts\\Container\\BindingResolutionException: Target class [view] does not exist. in C:\\Users\\User\\OneDrive\\Dokumentumok\\GitHub\\TaskManagerBackEnd\\vendor\\laravel\\framework\\src\\Illuminate\\Container\\Container.php:961
Stack trace:
#0 C:\\Users\\User\\OneDrive\\Dokumentumok\\GitHub\\TaskManagerBackEnd\\vendor\\laravel\\framework\\src\\Illuminate\\Container\\Container.php(832): Illuminate\\Container\\Container->build('view')
#1 C:\\Users\\User\\OneDrive\\Dokumentumok\\GitHub\\TaskManagerBackEnd\\vendor\\laravel\\framework\\src\\Illuminate\\Foundation\\Application.php(1078): Illuminate\\Container\\Container->resolve('view', Array, true)
#2 C:\\Users\\User\\OneDrive\\Dokumentumok\\GitHub\\TaskManagerBackEnd\\vendor\\laravel\\framework\\src\\Illuminate\\Container\\Container.php(763): Illuminate\\Foundation\\Application->resolve('view', Array)
#3 C:\\Users\\User\\OneDrive\\Dokumentumok\\GitHub\\TaskManagerBackEnd\\vendor\\laravel\\framework\\src\\Illuminate\\Foundation\\Application.php(1058): Illuminate\\Container\\Container->make('view', Array)
#4 C:\\Users\\User\\OneDrive\\Dokumentumok\\GitHub\\TaskManagerBackEnd\\vendor\\laravel\\framework\\src\\Illuminate\\Foundation\\helpers.php(124): Illuminate\\Foundation\\Application->make('view', Array)
#5 Command line code(1): app('view')
#6 {main}
  thrown at C:\\Users\\User\\OneDrive\\Dokumentumok\\GitHub\\TaskManagerBackEnd\\vendor\\laravel\\framework\\src\\Illuminate\\Container\\Container.php:961)
[stacktrace]
#0 {main}
"} 
[2026-01-22 21:38:47] local.ERROR: Class "App\Providers\AuthServiceProvider" not found {"exception":"[object] (Error(code: 0): Class \"App\\Providers\\AuthServiceProvider\" not found at C:\\Users\\User\\OneDrive\\Dokumentumok\\GitHub\\TaskManagerBackEnd\\vendor\\laravel\\framework\\src\\Illuminate\\Foundation\\ProviderRepository.php:206)
[stacktrace]
#0 C:\\Users\\User\\OneDrive\\Dokumentumok\\GitHub\\TaskManagerBackEnd\\vendor\\laravel\\framework\\src\\Illuminate\\Foundation\\ProviderRepository.php(142): Illuminate\\Foundation\\ProviderRepository->createProvider('App\\\\Providers\\\\A...')
#1 C:\\Users\\User\\OneDrive\\Dokumentumok\\GitHub\\TaskManagerBackEnd\\vendor\\laravel\\framework\\src\\Illuminate\\Foundation\\ProviderRepository.php(61): Illuminate\\Foundation\\ProviderRepository->compileManifest(Array)
#2 C:\\Users\\User\\OneDrive\\Dokumentumok\\GitHub\\TaskManagerBackEnd\\vendor\\laravel\\framework\\src\\Illuminate\\Foundation\\Application.php(871): Illuminate\\Foundation\\ProviderRepository->load(Array)
#3 C:\\Users\\User\\OneDrive\\Dokumentumok\\GitHub\\TaskManagerBackEnd\\vendor\\laravel\\framework\\src\\Illuminate\\Foundation\\Bootstrap\\RegisterProviders.php(37): Illuminate\\Foundation\\Application->registerConfiguredProviders()
#4 C:\\Users\\User\\OneDrive\\Dokumentumok\\GitHub\\TaskManagerBackEnd\\vendor\\laravel\\framework\\src\\Illuminate\\Foundation\\Application.php(342): Illuminate\\Foundation\\Bootstrap\\RegisterProviders->bootstrap(Object(Illuminate\\Foundation\\Application))
#5 C:\\Users\\User\\OneDrive\\Dokumentumok\\GitHub\\TaskManagerBackEnd\\vendor\\laravel\\framework\\src\\Illuminate\\Foundation\\Console\\Kernel.php(474): Illuminate\\Foundation\\Application->bootstrapWith(Array)
#6 C:\\Users\\User\\OneDrive\\Dokumentumok\\GitHub\\TaskManagerBackEnd\\vendor\\laravel\\framework\\src\\Illuminate\\Foundation\\Console\\Kernel.php(196): Illuminate\\Foundation\\Console\\Kernel->bootstrap()
#7 Command line code(1): Illuminate\\Foundation\\Console\\Kernel->handle(Object(Symfony\\Component\\Console\\Input\\ArgvInput), Object(Symfony\\Component\\Console\\Output\\ConsoleOutput))
#8 {main}
"} 
[2026-01-22 21:38:47] local.ERROR: Uncaught ReflectionException: Class "view" does not exist in C:\Users\User\OneDrive\Dokumentumok\GitHub\TaskManagerBackEnd\vendor\laravel\framework\src\Illuminate\Container\Container.php:959
Stack trace:
#0 C:\Users\User\OneDrive\Dokumentumok\GitHub\TaskManagerBackEnd\vendor\laravel\framework\src\Illuminate\Container\Container.php(959): ReflectionClass->__construct('view')
#1 C:\Users\User\OneDrive\Dokumentumok\GitHub\TaskManagerBackEnd\vendor\laravel\framework\src\Illuminate\Container\Container.php(832): Illuminate\Container\Container->build('view')
#2 C:\Users\User\OneDrive\Dokumentumok\GitHub\TaskManagerBackEnd\vendor\laravel\framework\src\Illuminate\Foundation\Application.php(1078): Illuminate\Container\Container->resolve('view', Array, true)
#3 C:\Users\User\OneDrive\Dokumentumok\GitHub\TaskManagerBackEnd\vendor\laravel\framework\src\Illuminate\Container\Container.php(763): Illuminate\Foundation\Application->resolve('view', Array)
#4 C:\Users\User\OneDrive\Dokumentumok\GitHub\TaskManagerBackEnd\vendor\laravel\framework\src\Illuminate\Foundation\Application.php(1058): Illuminate\Container\Container->make('view', Array)
#5 C:\Users\User\OneDrive\Dokumentumok\GitHub\TaskManagerBackEnd\vendor\laravel\framework\src\Illuminate\Foundation\helpers.php(124): Illuminate\Foundation\Application->make('view', Array)
#6 Command line code(1): app('view')
#7 {main}

Next Illuminate\Contracts\Container\BindingResolutionException: Target class [view] does not exist. in C:\Users\User\OneDrive\Dokumentumok\GitHub\TaskManagerBackEnd\vendor\laravel\framework\src\Illuminate\Container\Container.php:961
Stack trace:
#0 C:\Users\User\OneDrive\Dokumentumok\GitHub\TaskManagerBackEnd\vendor\laravel\framework\src\Illuminate\Container\Container.php(832): Illuminate\Container\Container->build('view')
#1 C:\Users\User\OneDrive\Dokumentumok\GitHub\TaskManagerBackEnd\vendor\laravel\framework\src\Illuminate\Foundation\Application.php(1078): Illuminate\Container\Container->resolve('view', Array, true)
#2 C:\Users\User\OneDrive\Dokumentumok\GitHub\TaskManagerBackEnd\vendor\laravel\framework\src\Illuminate\Container\Container.php(763): Illuminate\Foundation\Application->resolve('view', Array)
#3 C:\Users\User\OneDrive\Dokumentumok\GitHub\TaskManagerBackEnd\vendor\laravel\framework\src\Illuminate\Foundation\Application.php(1058): Illuminate\Container\Container->make('view', Array)
#4 C:\Users\User\OneDrive\Dokumentumok\GitHub\TaskManagerBackEnd\vendor\laravel\framework\src\Illuminate\Foundation\helpers.php(124): Illuminate\Foundation\Application->make('view', Array)
#5 Command line code(1): app('view')
#6 {main}
  thrown {"exception":"[object] (Symfony\\Component\\ErrorHandler\\Error\\FatalError(code: 0): Uncaught ReflectionException: Class \"view\" does not exist in C:\\Users\\User\\OneDrive\\Dokumentumok\\GitHub\\TaskManagerBackEnd\\vendor\\laravel\\framework\\src\\Illuminate\\Container\\Container.php:959
Stack trace:
#0 C:\\Users\\User\\OneDrive\\Dokumentumok\\GitHub\\TaskManagerBackEnd\\vendor\\laravel\\framework\\src\\Illuminate\\Container\\Container.php(959): ReflectionClass->__construct('view')
#1 C:\\Users\\User\\OneDrive\\Dokumentumok\\GitHub\\TaskManagerBackEnd\\vendor\\laravel\\framework\\src\\Illuminate\\Container\\Container.php(832): Illuminate\\Container\\Container->build('view')
#2 C:\\Users\\User\\OneDrive\\Dokumentumok\\GitHub\\TaskManagerBackEnd\\vendor\\laravel\\framework\\src\\Illuminate\\Foundation\\Application.php(1078): Illuminate\\Container\\Container->resolve('view', Array, true)
#3 C:\\Users\\User\\OneDrive\\Dokumentumok\\GitHub\\TaskManagerBackEnd\\vendor\\laravel\\framework\\src\\Illuminate\\Container\\Container.php(763): Illuminate\\Foundation\\Application->resolve('view', Array)
#4 C:\\Users\\User\\OneDrive\\Dokumentumok\\GitHub\\TaskManagerBackEnd\\vendor\\laravel\\framework\\src\\Illuminate\\Foundation\\Application.php(1058): Illuminate\\Container\\Container->make('view', Array)
#5 C:\\Users\\User\\OneDrive\\Dokumentumok\\GitHub\\TaskManagerBackEnd\\vendor\\laravel\\framework\\src\\Illuminate\\Foundation\\helpers.php(124): Illuminate\\Foundation\\Application->make('view', Array)
#6 Command line code(1): app('view')
#7 {main}

Next Illuminate\\Contracts\\Container\\BindingResolutionException: Target class [view] does not exist. in C:\\Users\\User\\OneDrive\\Dokumentumok\\GitHub\\TaskManagerBackEnd\\vendor\\laravel\\framework\\src\\Illuminate\\Container\\Container.php:961
Stack trace:
#0 C:\\Users\\User\\OneDrive\\Dokumentumok\\GitHub\\TaskManagerBackEnd\\vendor\\laravel\\framework\\src\\Illuminate\\Container\\Container.php(832): Illuminate\\Container\\Container->build('view')
#1 C:\\Users\\User\\OneDrive\\Dokumentumok\\GitHub\\TaskManagerBackEnd\\vendor\\laravel\\framework\\src\\Illuminate\\Foundation\\Application.php(1078): Illuminate\\Container\\Container->resolve('view', Array, true)
#2 C:\\Users\\User\\OneDrive\\Dokumentumok\\GitHub\\TaskManagerBackEnd\\vendor\\laravel\\framework\\src\\Illuminate\\Container\\Container.php(763): Illuminate\\Foundation\\Application->resolve('view', Array)
#3 C:\\Users\\User\\OneDrive\\Dokumentumok\\GitHub\\TaskManagerBackEnd\\vendor\\laravel\\framework\\src\\Illuminate\\Foundation\\Application.php(1058): Illuminate\\Container\\Container->make('view', Array)
#4 C:\\Users\\User\\OneDrive\\Dokumentumok\\GitHub\\TaskManagerBackEnd\\vendor\\laravel\\framework\\src\\Illuminate\\Foundation\\helpers.php(124): Illuminate\\Foundation\\Application->make('view', Array)
#5 Command line code(1): app('view')
#6 {main}
  thrown at C:\\Users\\User\\OneDrive\\Dokumentumok\\GitHub\\TaskManagerBackEnd\\vendor\\laravel\\framework\\src\\Illuminate\\Container\\Container.php:961)
[stacktrace]
#0 {main}
"} 
[2026-01-22 21:38:47] local.ERROR: Class "App\Providers\AuthServiceProvider" not found {"exception":"[object] (Error(code: 0): Class \"App\\Providers\\AuthServiceProvider\" not found at C:\\Users\\User\\OneDrive\\Dokumentumok\\GitHub\\TaskManagerBackEnd\\vendor\\laravel\\framework\\src\\Illuminate\\Foundation\\ProviderRepository.php:206)
[stacktrace]
#0 C:\\Users\\User\\OneDrive\\Dokumentumok\\GitHub\\TaskManagerBackEnd\\vendor\\laravel\\framework\\src\\Illuminate\\Foundation\\ProviderRepository.php(142): Illuminate\\Foundation\\ProviderRepository->createProvider('App\\\\Providers\\\\A...')
#1 C:\\Users\\User\\OneDrive\\Dokumentumok\\GitHub\\TaskManagerBackEnd\\vendor\\laravel\\framework\\src\\Illuminate\\Foundation\\ProviderRepository.php(61): Illuminate\\Foundation\\ProviderRepository->compileManifest(Array)
#2 C:\\Users\\User\\OneDrive\\Dokumentumok\\GitHub\\TaskManagerBackEnd\\vendor\\laravel\\framework\\src\\Illuminate\\Foundation\\Application.php(871): Illuminate\\Foundation\\ProviderRepository->load(Array)
#3 C:\\Users\\User\\OneDrive\\Dokumentumok\\GitHub\\TaskManagerBackEnd\\vendor\\laravel\\framework\\src\\Illuminate\\Foundation\\Bootstrap\\RegisterProviders.php(37): Illuminate\\Foundation\\Application->registerConfiguredProviders()
#4 C:\\Users\\User\\OneDrive\\Dokumentumok\\GitHub\\TaskManagerBackEnd\\vendor\\laravel\\framework\\src\\Illuminate\\Foundation\\Application.php(342): Illuminate\\Foundation\\Bootstrap\\RegisterProviders->bootstrap(Object(Illuminate\\Foundation\\Application))
#5 C:\\Users\\User\\OneDrive\\Dokumentumok\\GitHub\\TaskManagerBackEnd\\vendor\\laravel\\framework\\src\\Illuminate\\Foundation\\Console\\Kernel.php(474): Illuminate\\Foundation\\Application->bootstrapWith(Array)
#6 C:\\Users\\User\\OneDrive\\Dokumentumok\\GitHub\\TaskManagerBackEnd\\vendor\\laravel\\framework\\src\\Illuminate\\Foundation\\Console\\Kernel.php(196): Illuminate\\Foundation\\Console\\Kernel->bootstrap()
#7 Command line code(1): Illuminate\\Foundation\\Console\\Kernel->handle(Object(Symfony\\Component\\Console\\Input\\ArgvInput), Object(Symfony\\Component\\Console\\Output\\ConsoleOutput))
#8 {main}
"} 
[2026-01-22 21:38:47] local.ERROR: Uncaught ReflectionException: Class "view" does not exist in C:\Users\User\OneDrive\Dokumentumok\GitHub\TaskManagerBackEnd\vendor\laravel\framework\src\Illuminate\Container\Container.php:959
Stack trace:
#0 C:\Users\User\OneDrive\Dokumentumok\GitHub\TaskManagerBackEnd\vendor\laravel\framework\src\Illuminate\Container\Container.php(959): ReflectionClass->__construct('view')
#1 C:\Users\User\OneDrive\Dokumentumok\GitHub\TaskManagerBackEnd\vendor\laravel\framework\src\Illuminate\Container\Container.php(832): Illuminate\Container\Container->build('view')
#2 C:\Users\User\OneDrive\Dokumentumok\GitHub\TaskManagerBackEnd\vendor\laravel\framework\src\Illuminate\Foundation\Application.php(1078): Illuminate\Container\Container->resolve('view', Array, true)
#3 C:\Users\User\OneDrive\Dokumentumok\GitHub\TaskManagerBackEnd\vendor\laravel\framework\src\Illuminate\Container\Container.php(763): Illuminate\Foundation\Application->resolve('view', Array)
#4 C:\Users\User\OneDrive\Dokumentumok\GitHub\TaskManagerBackEnd\vendor\laravel\framework\src\Illuminate\Foundation\Application.php(1058): Illuminate\Container\Container->make('view', Array)
#5 C:\Users\User\OneDrive\Dokumentumok\GitHub\TaskManagerBackEnd\vendor\laravel\framework\src\Illuminate\Foundation\helpers.php(124): Illuminate\Foundation\Application->make('view', Array)
#6 Command line code(1): app('view')
#7 {main}

Next Illuminate\Contracts\Container\BindingResolutionException: Target class [view] does not exist. in C:\Users\User\OneDrive\Dokumentumok\GitHub\TaskManagerBackEnd\vendor\laravel\framework\src\Illuminate\Container\Container.php:961
Stack trace:
#0 C:\Users\User\OneDrive\Dokumentumok\GitHub\TaskManagerBackEnd\vendor\laravel\framework\src\Illuminate\Container\Container.php(832): Illuminate\Container\Container->build('view')
#1 C:\Users\User\OneDrive\Dokumentumok\GitHub\TaskManagerBackEnd\vendor\laravel\framework\src\Illuminate\Foundation\Application.php(1078): Illuminate\Container\Container->resolve('view', Array, true)
#2 C:\Users\User\OneDrive\Dokumentumok\GitHub\TaskManagerBackEnd\vendor\laravel\framework\src\Illuminate\Container\Container.php(763): Illuminate\Foundation\Application->resolve('view', Array)
#3 C:\Users\User\OneDrive\Dokumentumok\GitHub\TaskManagerBackEnd\vendor\laravel\framework\src\Illuminate\Foundation\Application.php(1058): Illuminate\Container\Container->make('view', Array)
#4 C:\Users\User\OneDrive\Dokumentumok\GitHub\TaskManagerBackEnd\vendor\laravel\framework\src\Illuminate\Foundation\helpers.php(124): Illuminate\Foundation\Application->make('view', Array)
#5 Command line code(1): app('view')
#6 {main}
  thrown {"exception":"[object] (Symfony\\Component\\ErrorHandler\\Error\\FatalError(code: 0): Uncaught ReflectionException: Class \"view\" does not exist in C:\\Users\\User\\OneDrive\\Dokumentumok\\GitHub\\TaskManagerBackEnd\\vendor\\laravel\\framework\\src\\Illuminate\\Container\\Container.php:959
Stack trace:
#0 C:\\Users\\User\\OneDrive\\Dokumentumok\\GitHub\\TaskManagerBackEnd\\vendor\\laravel\\framework\\src\\Illuminate\\Container\\Container.php(959): ReflectionClass->__construct('view')
#1 C:\\Users\\User\\OneDrive\\Dokumentumok\\GitHub\\TaskManagerBackEnd\\vendor\\laravel\\framework\\src\\Illuminate\\Container\\Container.php(832): Illuminate\\Container\\Container->build('view')
#2 C:\\Users\\User\\OneDrive\\Dokumentumok\\GitHub\\TaskManagerBackEnd\\vendor\\laravel\\framework\\src\\Illuminate\\Foundation\\Application.php(1078): Illuminate\\Container\\Container->resolve('view', Array, true)
#3 C:\\Users\\User\\OneDrive\\Dokumentumok\\GitHub\\TaskManagerBackEnd\\vendor\\laravel\\framework\\src\\Illuminate\\Container\\Container.php(763): Illuminate\\Foundation\\Application->resolve('view', Array)
#4 C:\\Users\\User\\OneDrive\\Dokumentumok\\GitHub\\TaskManagerBackEnd\\vendor\\laravel\\framework\\src\\Illuminate\\Foundation\\Application.php(1058): Illuminate\\Container\\Container->make('view', Array)
#5 C:\\Users\\User\\OneDrive\\Dokumentumok\\GitHub\\TaskManagerBackEnd\\vendor\\laravel\\framework\\src\\Illuminate\\Foundation\\helpers.php(124): Illuminate\\Foundation\\Application->make('view', Array)
#6 Command line code(1): app('view')
#7 {main}

Next Illuminate\\Contracts\\Container\\BindingResolutionException: Target class [view] does not exist. in C:\\Users\\User\\OneDrive\\Dokumentumok\\GitHub\\TaskManagerBackEnd\\vendor\\laravel\\framework\\src\\Illuminate\\Container\\Container.php:961
Stack trace:
#0 C:\\Users\\User\\OneDrive\\Dokumentumok\\GitHub\\TaskManagerBackEnd\\vendor\\laravel\\framework\\src\\Illuminate\\Container\\Container.php(832): Illuminate\\Container\\Container->build('view')
#1 C:\\Users\\User\\OneDrive\\Dokumentumok\\GitHub\\TaskManagerBackEnd\\vendor\\laravel\\framework\\src\\Illuminate\\Foundation\\Application.php(1078): Illuminate\\Container\\Container->resolve('view', Array, true)
#2 C:\\Users\\User\\OneDrive\\Dokumentumok\\GitHub\\TaskManagerBackEnd\\vendor\\laravel\\framework\\src\\Illuminate\\Container\\Container.php(763): Illuminate\\Foundation\\Application->resolve('view', Array)
#3 C:\\Users\\User\\OneDrive\\Dokumentumok\\GitHub\\TaskManagerBackEnd\\vendor\\laravel\\framework\\src\\Illuminate\\Foundation\\Application.php(1058): Illuminate\\Container\\Container->make('view', Array)
#4 C:\\Users\\User\\OneDrive\\Dokumentumok\\GitHub\\TaskManagerBackEnd\\vendor\\laravel\\framework\\src\\Illuminate\\Foundation\\helpers.php(124): Illuminate\\Foundation\\Application->make('view', Array)
#5 Command line code(1): app('view')
#6 {main}
  thrown at C:\\Users\\User\\OneDrive\\Dokumentumok\\GitHub\\TaskManagerBackEnd\\vendor\\laravel\\framework\\src\\Illuminate\\Container\\Container.php:961)
[stacktrace]
#0 {main}
"} 
[2026-01-22 21:38:48] local.ERROR: Class "App\Providers\AuthServiceProvider" not found {"exception":"[object] (Error(code: 0): Class \"App\\Providers\\AuthServiceProvider\" not found at C:\\Users\\User\\OneDrive\\Dokumentumok\\GitHub\\TaskManagerBackEnd\\vendor\\laravel\\framework\\src\\Illuminate\\Foundation\\ProviderRepository.php:206)
[stacktrace]
#0 C:\\Users\\User\\OneDrive\\Dokumentumok\\GitHub\\TaskManagerBackEnd\\vendor\\laravel\\framework\\src\\Illuminate\\Foundation\\ProviderRepository.php(142): Illuminate\\Foundation\\ProviderRepository->createProvider('App\\\\Providers\\\\A...')
#1 C:\\Users\\User\\OneDrive\\Dokumentumok\\GitHub\\TaskManagerBackEnd\\vendor\\laravel\\framework\\src\\Illuminate\\Foundation\\ProviderRepository.php(61): Illuminate\\Foundation\\ProviderRepository->compileManifest(Array)
#2 C:\\Users\\User\\OneDrive\\Dokumentumok\\GitHub\\TaskManagerBackEnd\\vendor\\laravel\\framework\\src\\Illuminate\\Foundation\\Application.php(871): Illuminate\\Foundation\\ProviderRepository->load(Array)
#3 C:\\Users\\User\\OneDrive\\Dokumentumok\\GitHub\\TaskManagerBackEnd\\vendor\\laravel\\framework\\src\\Illuminate\\Foundation\\Bootstrap\\RegisterProviders.php(37): Illuminate\\Foundation\\Application->registerConfiguredProviders()
#4 C:\\Users\\User\\OneDrive\\Dokumentumok\\GitHub\\TaskManagerBackEnd\\vendor\\laravel\\framework\\src\\Illuminate\\Foundation\\Application.php(342): Illuminate\\Foundation\\Bootstrap\\RegisterProviders->bootstrap(Object(Illuminate\\Foundation\\Application))
#5 C:\\Users\\User\\OneDrive\\Dokumentumok\\GitHub\\TaskManagerBackEnd\\vendor\\laravel\\framework\\src\\Illuminate\\Foundation\\Console\\Kernel.php(474): Illuminate\\Foundation\\Application->bootstrapWith(Array)
#6 C:\\Users\\User\\OneDrive\\Dokumentumok\\GitHub\\TaskManagerBackEnd\\vendor\\laravel\\framework\\src\\Illuminate\\Foundation\\Console\\Kernel.php(196): Illuminate\\Foundation\\Console\\Kernel->bootstrap()
#7 Command line code(1): Illuminate\\Foundation\\Console\\Kernel->handle(Object(Symfony\\Component\\Console\\Input\\ArgvInput), Object(Symfony\\Component\\Console\\Output\\ConsoleOutput))
#8 {main}
"} 
[2026-01-22 21:38:48] local.ERROR: Uncaught ReflectionException: Class "view" does not exist in C:\Users\User\OneDrive\Dokumentumok\GitHub\TaskManagerBackEnd\vendor\laravel\framework\src\Illuminate\Container\Container.php:959
Stack trace:
#0 C:\Users\User\OneDrive\Dokumentumok\GitHub\TaskManagerBackEnd\vendor\laravel\framework\src\Illuminate\Container\Container.php(959): ReflectionClass->__construct('view')
#1 C:\Users\User\OneDrive\Dokumentumok\GitHub\TaskManagerBackEnd\vendor\laravel\framework\src\Illuminate\Container\Container.php(832): Illuminate\Container\Container->build('view')
#2 C:\Users\User\OneDrive\Dokumentumok\GitHub\TaskManagerBackEnd\vendor\laravel\framework\src\Illuminate\Foundation\Application.php(1078): Illuminate\Container\Container->resolve('view', Array, true)
#3 C:\Users\User\OneDrive\Dokumentumok\GitHub\TaskManagerBackEnd\vendor\laravel\framework\src\Illuminate\Container\Container.php(763): Illuminate\Foundation\Application->resolve('view', Array)
#4 C:\Users\User\OneDrive\Dokumentumok\GitHub\TaskManagerBackEnd\vendor\laravel\framework\src\Illuminate\Foundation\Application.php(1058): Illuminate\Container\Container->make('view', Array)
#5 C:\Users\User\OneDrive\Dokumentumok\GitHub\TaskManagerBackEnd\vendor\laravel\framework\src\Illuminate\Foundation\helpers.php(124): Illuminate\Foundation\Application->make('view', Array)
#6 Command line code(1): app('view')
#7 {main}

Next Illuminate\Contracts\Container\BindingResolutionException: Target class [view] does not exist. in C:\Users\User\OneDrive\Dokumentumok\GitHub\TaskManagerBackEnd\vendor\laravel\framework\src\Illuminate\Container\Container.php:961
Stack trace:
#0 C:\Users\User\OneDrive\Dokumentumok\GitHub\TaskManagerBackEnd\vendor\laravel\framework\src\Illuminate\Container\Container.php(832): Illuminate\Container\Container->build('view')
#1 C:\Users\User\OneDrive\Dokumentumok\GitHub\TaskManagerBackEnd\vendor\laravel\framework\src\Illuminate\Foundation\Application.php(1078): Illuminate\Container\Container->resolve('view', Array, true)
#2 C:\Users\User\OneDrive\Dokumentumok\GitHub\TaskManagerBackEnd\vendor\laravel\framework\src\Illuminate\Container\Container.php(763): Illuminate\Foundation\Application->resolve('view', Array)
#3 C:\Users\User\OneDrive\Dokumentumok\GitHub\TaskManagerBackEnd\vendor\laravel\framework\src\Illuminate\Foundation\Application.php(1058): Illuminate\Container\Container->make('view', Array)
#4 C:\Users\User\OneDrive\Dokumentumok\GitHub\TaskManagerBackEnd\vendor\laravel\framework\src\Illuminate\Foundation\helpers.php(124): Illuminate\Foundation\Application->make('view', Array)
#5 Command line code(1): app('view')
#6 {main}
  thrown {"exception":"[object] (Symfony\\Component\\ErrorHandler\\Error\\FatalError(code: 0): Uncaught ReflectionException: Class \"view\" does not exist in C:\\Users\\User\\OneDrive\\Dokumentumok\\GitHub\\TaskManagerBackEnd\\vendor\\laravel\\framework\\src\\Illuminate\\Container\\Container.php:959
Stack trace:
#0 C:\\Users\\User\\OneDrive\\Dokumentumok\\GitHub\\TaskManagerBackEnd\\vendor\\laravel\\framework\\src\\Illuminate\\Container\\Container.php(959): ReflectionClass->__construct('view')
#1 C:\\Users\\User\\OneDrive\\Dokumentumok\\GitHub\\TaskManagerBackEnd\\vendor\\laravel\\framework\\src\\Illuminate\\Container\\Container.php(832): Illuminate\\Container\\Container->build('view')
#2 C:\\Users\\User\\OneDrive\\Dokumentumok\\GitHub\\TaskManagerBackEnd\\vendor\\laravel\\framework\\src\\Illuminate\\Foundation\\Application.php(1078): Illuminate\\Container\\Container->resolve('view', Array, true)
#3 C:\\Users\\User\\OneDrive\\Dokumentumok\\GitHub\\TaskManagerBackEnd\\vendor\\laravel\\framework\\src\\Illuminate\\Container\\Container.php(763): Illuminate\\Foundation\\Application->resolve('view', Array)
#4 C:\\Users\\User\\OneDrive\\Dokumentumok\\GitHub\\TaskManagerBackEnd\\vendor\\laravel\\framework\\src\\Illuminate\\Foundation\\Application.php(1058): Illuminate\\Container\\Container->make('view', Array)
#5 C:\\Users\\User\\OneDrive\\Dokumentumok\\GitHub\\TaskManagerBackEnd\\vendor\\laravel\\framework\\src\\Illuminate\\Foundation\\helpers.php(124): Illuminate\\Foundation\\Application->make('view', Array)
#6 Command line code(1): app('view')
#7 {main}

Next Illuminate\\Contracts\\Container\\BindingResolutionException: Target class [view] does not exist. in C:\\Users\\User\\OneDrive\\Dokumentumok\\GitHub\\TaskManagerBackEnd\\vendor\\laravel\\framework\\src\\Illuminate\\Container\\Container.php:961
Stack trace:
#0 C:\\Users\\User\\OneDrive\\Dokumentumok\\GitHub\\TaskManagerBackEnd\\vendor\\laravel\\framework\\src\\Illuminate\\Container\\Container.php(832): Illuminate\\Container\\Container->build('view')
#1 C:\\Users\\User\\OneDrive\\Dokumentumok\\GitHub\\TaskManagerBackEnd\\vendor\\laravel\\framework\\src\\Illuminate\\Foundation\\Application.php(1078): Illuminate\\Container\\Container->resolve('view', Array, true)
#2 C:\\Users\\User\\OneDrive\\Dokumentumok\\GitHub\\TaskManagerBackEnd\\vendor\\laravel\\framework\\src\\Illuminate\\Container\\Container.php(763): Illuminate\\Foundation\\Application->resolve('view', Array)
#3 C:\\Users\\User\\OneDrive\\Dokumentumok\\GitHub\\TaskManagerBackEnd\\vendor\\laravel\\framework\\src\\Illuminate\\Foundation\\Application.php(1058): Illuminate\\Container\\Container->make('view', Array)
#4 C:\\Users\\User\\OneDrive\\Dokumentumok\\GitHub\\TaskManagerBackEnd\\vendor\\laravel\\framework\\src\\Illuminate\\Foundation\\helpers.php(124): Illuminate\\Foundation\\Application->make('view', Array)
#5 Command line code(1): app('view')
#6 {main}
  thrown at C:\\Users\\User\\OneDrive\\Dokumentumok\\GitHub\\TaskManagerBackEnd\\vendor\\laravel\\framework\\src\\Illuminate\\Container\\Container.php:961)
[stacktrace]
#0 {main}
"} 
[2026-01-22 21:38:49] local.ERROR: Class "App\Providers\AuthServiceProvider" not found {"exception":"[object] (Error(code: 0): Class \"App\\Providers\\AuthServiceProvider\" not found at C:\\Users\\User\\OneDrive\\Dokumentumok\\GitHub\\TaskManagerBackEnd\\vendor\\laravel\\framework\\src\\Illuminate\\Foundation\\ProviderRepository.php:206)
[stacktrace]
#0 C:\\Users\\User\\OneDrive\\Dokumentumok\\GitHub\\TaskManagerBackEnd\\vendor\\laravel\\framework\\src\\Illuminate\\Foundation\\ProviderRepository.php(142): Illuminate\\Foundation\\ProviderRepository->createProvider('App\\\\Providers\\\\A...')
#1 C:\\Users\\User\\OneDrive\\Dokumentumok\\GitHub\\TaskManagerBackEnd\\vendor\\laravel\\framework\\src\\Illuminate\\Foundation\\ProviderRepository.php(61): Illuminate\\Foundation\\ProviderRepository->compileManifest(Array)
#2 C:\\Users\\User\\OneDrive\\Dokumentumok\\GitHub\\TaskManagerBackEnd\\vendor\\laravel\\framework\\src\\Illuminate\\Foundation\\Application.php(871): Illuminate\\Foundation\\ProviderRepository->load(Array)
#3 C:\\Users\\User\\OneDrive\\Dokumentumok\\GitHub\\TaskManagerBackEnd\\vendor\\laravel\\framework\\src\\Illuminate\\Foundation\\Bootstrap\\RegisterProviders.php(37): Illuminate\\Foundation\\Application->registerConfiguredProviders()
#4 C:\\Users\\User\\OneDrive\\Dokumentumok\\GitHub\\TaskManagerBackEnd\\vendor\\laravel\\framework\\src\\Illuminate\\Foundation\\Application.php(342): Illuminate\\Foundation\\Bootstrap\\RegisterProviders->bootstrap(Object(Illuminate\\Foundation\\Application))
#5 C:\\Users\\User\\OneDrive\\Dokumentumok\\GitHub\\TaskManagerBackEnd\\vendor\\laravel\\framework\\src\\Illuminate\\Foundation\\Console\\Kernel.php(474): Illuminate\\Foundation\\Application->bootstrapWith(Array)
#6 C:\\Users\\User\\OneDrive\\Dokumentumok\\GitHub\\TaskManagerBackEnd\\vendor\\laravel\\framework\\src\\Illuminate\\Foundation\\Console\\Kernel.php(196): Illuminate\\Foundation\\Console\\Kernel->bootstrap()
#7 Command line code(1): Illuminate\\Foundation\\Console\\Kernel->handle(Object(Symfony\\Component\\Console\\Input\\ArgvInput), Object(Symfony\\Component\\Console\\Output\\ConsoleOutput))
#8 {main}
"} 
[2026-01-22 21:38:49] local.ERROR: Uncaught ReflectionException: Class "view" does not exist in C:\Users\User\OneDrive\Dokumentumok\GitHub\TaskManagerBackEnd\vendor\laravel\framework\src\Illuminate\Container\Container.php:959
Stack trace:
#0 C:\Users\User\OneDrive\Dokumentumok\GitHub\TaskManagerBackEnd\vendor\laravel\framework\src\Illuminate\Container\Container.php(959): ReflectionClass->__construct('view')
#1 C:\Users\User\OneDrive\Dokumentumok\GitHub\TaskManagerBackEnd\vendor\laravel\framework\src\Illuminate\Container\Container.php(832): Illuminate\Container\Container->build('view')
#2 C:\Users\User\OneDrive\Dokumentumok\GitHub\TaskManagerBackEnd\vendor\laravel\framework\src\Illuminate\Foundation\Application.php(1078): Illuminate\Container\Container->resolve('view', Array, true)
#3 C:\Users\User\OneDrive\Dokumentumok\GitHub\TaskManagerBackEnd\vendor\laravel\framework\src\Illuminate\Container\Container.php(763): Illuminate\Foundation\Application->resolve('view', Array)
#4 C:\Users\User\OneDrive\Dokumentumok\GitHub\TaskManagerBackEnd\vendor\laravel\framework\src\Illuminate\Foundation\Application.php(1058): Illuminate\Container\Container->make('view', Array)
#5 C:\Users\User\OneDrive\Dokumentumok\GitHub\TaskManagerBackEnd\vendor\laravel\framework\src\Illuminate\Foundation\helpers.php(124): Illuminate\Foundation\Application->make('view', Array)
#6 Command line code(1): app('view')
#7 {main}

Next Illuminate\Contracts\Container\BindingResolutionException: Target class [view] does not exist. in C:\Users\User\OneDrive\Dokumentumok\GitHub\TaskManagerBackEnd\vendor\laravel\framework\src\Illuminate\Container\Container.php:961
Stack trace:
#0 C:\Users\User\OneDrive\Dokumentumok\GitHub\TaskManagerBackEnd\vendor\laravel\framework\src\Illuminate\Container\Container.php(832): Illuminate\Container\Container->build('view')
#1 C:\Users\User\OneDrive\Dokumentumok\GitHub\TaskManagerBackEnd\vendor\laravel\framework\src\Illuminate\Foundation\Application.php(1078): Illuminate\Container\Container->resolve('view', Array, true)
#2 C:\Users\User\OneDrive\Dokumentumok\GitHub\TaskManagerBackEnd\vendor\laravel\framework\src\Illuminate\Container\Container.php(763): Illuminate\Foundation\Application->resolve('view', Array)
#3 C:\Users\User\OneDrive\Dokumentumok\GitHub\TaskManagerBackEnd\vendor\laravel\framework\src\Illuminate\Foundation\Application.php(1058): Illuminate\Container\Container->make('view', Array)
#4 C:\Users\User\OneDrive\Dokumentumok\GitHub\TaskManagerBackEnd\vendor\laravel\framework\src\Illuminate\Foundation\helpers.php(124): Illuminate\Foundation\Application->make('view', Array)
#5 Command line code(1): app('view')
#6 {main}
  thrown {"exception":"[object] (Symfony\\Component\\ErrorHandler\\Error\\FatalError(code: 0): Uncaught ReflectionException: Class \"view\" does not exist in C:\\Users\\User\\OneDrive\\Dokumentumok\\GitHub\\TaskManagerBackEnd\\vendor\\laravel\\framework\\src\\Illuminate\\Container\\Container.php:959
Stack trace:
#0 C:\\Users\\User\\OneDrive\\Dokumentumok\\GitHub\\TaskManagerBackEnd\\vendor\\laravel\\framework\\src\\Illuminate\\Container\\Container.php(959): ReflectionClass->__construct('view')
#1 C:\\Users\\User\\OneDrive\\Dokumentumok\\GitHub\\TaskManagerBackEnd\\vendor\\laravel\\framework\\src\\Illuminate\\Container\\Container.php(832): Illuminate\\Container\\Container->build('view')
#2 C:\\Users\\User\\OneDrive\\Dokumentumok\\GitHub\\TaskManagerBackEnd\\vendor\\laravel\\framework\\src\\Illuminate\\Foundation\\Application.php(1078): Illuminate\\Container\\Container->resolve('view', Array, true)
#3 C:\\Users\\User\\OneDrive\\Dokumentumok\\GitHub\\TaskManagerBackEnd\\vendor\\laravel\\framework\\src\\Illuminate\\Container\\Container.php(763): Illuminate\\Foundation\\Application->resolve('view', Array)
#4 C:\\Users\\User\\OneDrive\\Dokumentumok\\GitHub\\TaskManagerBackEnd\\vendor\\laravel\\framework\\src\\Illuminate\\Foundation\\Application.php(1058): Illuminate\\Container\\Container->make('view', Array)
#5 C:\\Users\\User\\OneDrive\\Dokumentumok\\GitHub\\TaskManagerBackEnd\\vendor\\laravel\\framework\\src\\Illuminate\\Foundation\\helpers.php(124): Illuminate\\Foundation\\Application->make('view', Array)
#6 Command line code(1): app('view')
#7 {main}

Next Illuminate\\Contracts\\Container\\BindingResolutionException: Target class [view] does not exist. in C:\\Users\\User\\OneDrive\\Dokumentumok\\GitHub\\TaskManagerBackEnd\\vendor\\laravel\\framework\\src\\Illuminate\\Container\\Container.php:961
Stack trace:
#0 C:\\Users\\User\\OneDrive\\Dokumentumok\\GitHub\\TaskManagerBackEnd\\vendor\\laravel\\framework\\src\\Illuminate\\Container\\Container.php(832): Illuminate\\Container\\Container->build('view')
#1 C:\\Users\\User\\OneDrive\\Dokumentumok\\GitHub\\TaskManagerBackEnd\\vendor\\laravel\\framework\\src\\Illuminate\\Foundation\\Application.php(1078): Illuminate\\Container\\Container->resolve('view', Array, true)
#2 C:\\Users\\User\\OneDrive\\Dokumentumok\\GitHub\\TaskManagerBackEnd\\vendor\\laravel\\framework\\src\\Illuminate\\Container\\Container.php(763): Illuminate\\Foundation\\Application->resolve('view', Array)
#3 C:\\Users\\User\\OneDrive\\Dokumentumok\\GitHub\\TaskManagerBackEnd\\vendor\\laravel\\framework\\src\\Illuminate\\Foundation\\Application.php(1058): Illuminate\\Container\\Container->make('view', Array)
#4 C:\\Users\\User\\OneDrive\\Dokumentumok\\GitHub\\TaskManagerBackEnd\\vendor\\laravel\\framework\\src\\Illuminate\\Foundation\\helpers.php(124): Illuminate\\Foundation\\Application->make('view', Array)
#5 Command line code(1): app('view')
#6 {main}
  thrown at C:\\Users\\User\\OneDrive\\Dokumentumok\\GitHub\\TaskManagerBackEnd\\vendor\\laravel\\framework\\src\\Illuminate\\Container\\Container.php:961)
[stacktrace]
#0 {main}
"} 
[2026-01-22 21:38:50] local.ERROR: Class "App\Providers\AuthServiceProvider" not found {"exception":"[object] (Error(code: 0): Class \"App\\Providers\\AuthServiceProvider\" not found at C:\\Users\\User\\OneDrive\\Dokumentumok\\GitHub\\TaskManagerBackEnd\\vendor\\laravel\\framework\\src\\Illuminate\\Foundation\\ProviderRepository.php:206)
[stacktrace]
#0 C:\\Users\\User\\OneDrive\\Dokumentumok\\GitHub\\TaskManagerBackEnd\\vendor\\laravel\\framework\\src\\Illuminate\\Foundation\\ProviderRepository.php(142): Illuminate\\Foundation\\ProviderRepository->createProvider('App\\\\Providers\\\\A...')
#1 C:\\Users\\User\\OneDrive\\Dokumentumok\\GitHub\\TaskManagerBackEnd\\vendor\\laravel\\framework\\src\\Illuminate\\Foundation\\ProviderRepository.php(61): Illuminate\\Foundation\\ProviderRepository->compileManifest(Array)
#2 C:\\Users\\User\\OneDrive\\Dokumentumok\\GitHub\\TaskManagerBackEnd\\vendor\\laravel\\framework\\src\\Illuminate\\Foundation\\Application.php(871): Illuminate\\Foundation\\ProviderRepository->load(Array)
#3 C:\\Users\\User\\OneDrive\\Dokumentumok\\GitHub\\TaskManagerBackEnd\\vendor\\laravel\\framework\\src\\Illuminate\\Foundation\\Bootstrap\\RegisterProviders.php(37): Illuminate\\Foundation\\Application->registerConfiguredProviders()
#4 C:\\Users\\User\\OneDrive\\Dokumentumok\\GitHub\\TaskManagerBackEnd\\vendor\\laravel\\framework\\src\\Illuminate\\Foundation\\Application.php(342): Illuminate\\Foundation\\Bootstrap\\RegisterProviders->bootstrap(Object(Illuminate\\Foundation\\Application))
#5 C:\\Users\\User\\OneDrive\\Dokumentumok\\GitHub\\TaskManagerBackEnd\\vendor\\laravel\\framework\\src\\Illuminate\\Foundation\\Console\\Kernel.php(474): Illuminate\\Foundation\\Application->bootstrapWith(Array)
#6 C:\\Users\\User\\OneDrive\\Dokumentumok\\GitHub\\TaskManagerBackEnd\\vendor\\laravel\\framework\\src\\Illuminate\\Foundation\\Console\\Kernel.php(196): Illuminate\\Foundation\\Console\\Kernel->bootstrap()
#7 Command line code(1): Illuminate\\Foundation\\Console\\Kernel->handle(Object(Symfony\\Component\\Console\\Input\\ArgvInput), Object(Symfony\\Component\\Console\\Output\\ConsoleOutput))
#8 {main}
"} 
[2026-01-22 21:38:50] local.ERROR: Uncaught ReflectionException: Class "view" does not exist in C:\Users\User\OneDrive\Dokumentumok\GitHub\TaskManagerBackEnd\vendor\laravel\framework\src\Illuminate\Container\Container.php:959
Stack trace:
#0 C:\Users\User\OneDrive\Dokumentumok\GitHub\TaskManagerBackEnd\vendor\laravel\framework\src\Illuminate\Container\Container.php(959): ReflectionClass->__construct('view')
#1 C:\Users\User\OneDrive\Dokumentumok\GitHub\TaskManagerBackEnd\vendor\laravel\framework\src\Illuminate\Container\Container.php(832): Illuminate\Container\Container->build('view')
#2 C:\Users\User\OneDrive\Dokumentumok\GitHub\TaskManagerBackEnd\vendor\laravel\framework\src\Illuminate\Foundation\Application.php(1078): Illuminate\Container\Container->resolve('view', Array, true)
#3 C:\Users\User\OneDrive\Dokumentumok\GitHub\TaskManagerBackEnd\vendor\laravel\framework\src\Illuminate\Container\Container.php(763): Illuminate\Foundation\Application->resolve('view', Array)
#4 C:\Users\User\OneDrive\Dokumentumok\GitHub\TaskManagerBackEnd\vendor\laravel\framework\src\Illuminate\Foundation\Application.php(1058): Illuminate\Container\Container->make('view', Array)
#5 C:\Users\User\OneDrive\Dokumentumok\GitHub\TaskManagerBackEnd\vendor\laravel\framework\src\Illuminate\Foundation\helpers.php(124): Illuminate\Foundation\Application->make('view', Array)
#6 Command line code(1): app('view')
#7 {main}

Next Illuminate\Contracts\Container\BindingResolutionException: Target class [view] does not exist. in C:\Users\User\OneDrive\Dokumentumok\GitHub\TaskManagerBackEnd\vendor\laravel\framework\src\Illuminate\Container\Container.php:961
Stack trace:
#0 C:\Users\User\OneDrive\Dokumentumok\GitHub\TaskManagerBackEnd\vendor\laravel\framework\src\Illuminate\Container\Container.php(832): Illuminate\Container\Container->build('view')
#1 C:\Users\User\OneDrive\Dokumentumok\GitHub\TaskManagerBackEnd\vendor\laravel\framework\src\Illuminate\Foundation\Application.php(1078): Illuminate\Container\Container->resolve('view', Array, true)
#2 C:\Users\User\OneDrive\Dokumentumok\GitHub\TaskManagerBackEnd\vendor\laravel\framework\src\Illuminate\Container\Container.php(763): Illuminate\Foundation\Application->resolve('view', Array)
#3 C:\Users\User\OneDrive\Dokumentumok\GitHub\TaskManagerBackEnd\vendor\laravel\framework\src\Illuminate\Foundation\Application.php(1058): Illuminate\Container\Container->make('view', Array)
#4 C:\Users\User\OneDrive\Dokumentumok\GitHub\TaskManagerBackEnd\vendor\laravel\framework\src\Illuminate\Foundation\helpers.php(124): Illuminate\Foundation\Application->make('view', Array)
#5 Command line code(1): app('view')
#6 {main}
  thrown {"exception":"[object] (Symfony\\Component\\ErrorHandler\\Error\\FatalError(code: 0): Uncaught ReflectionException: Class \"view\" does not exist in C:\\Users\\User\\OneDrive\\Dokumentumok\\GitHub\\TaskManagerBackEnd\\vendor\\laravel\\framework\\src\\Illuminate\\Container\\Container.php:959
Stack trace:
#0 C:\\Users\\User\\OneDrive\\Dokumentumok\\GitHub\\TaskManagerBackEnd\\vendor\\laravel\\framework\\src\\Illuminate\\Container\\Container.php(959): ReflectionClass->__construct('view')
#1 C:\\Users\\User\\OneDrive\\Dokumentumok\\GitHub\\TaskManagerBackEnd\\vendor\\laravel\\framework\\src\\Illuminate\\Container\\Container.php(832): Illuminate\\Container\\Container->build('view')
#2 C:\\Users\\User\\OneDrive\\Dokumentumok\\GitHub\\TaskManagerBackEnd\\vendor\\laravel\\framework\\src\\Illuminate\\Foundation\\Application.php(1078): Illuminate\\Container\\Container->resolve('view', Array, true)
#3 C:\\Users\\User\\OneDrive\\Dokumentumok\\GitHub\\TaskManagerBackEnd\\vendor\\laravel\\framework\\src\\Illuminate\\Container\\Container.php(763): Illuminate\\Foundation\\Application->resolve('view', Array)
#4 C:\\Users\\User\\OneDrive\\Dokumentumok\\GitHub\\TaskManagerBackEnd\\vendor\\laravel\\framework\\src\\Illuminate\\Foundation\\Application.php(1058): Illuminate\\Container\\Container->make('view', Array)
#5 C:\\Users\\User\\OneDrive\\Dokumentumok\\GitHub\\TaskManagerBackEnd\\vendor\\laravel\\framework\\src\\Illuminate\\Foundation\\helpers.php(124): Illuminate\\Foundation\\Application->make('view', Array)
#6 Command line code(1): app('view')
#7 {main}

Next Illuminate\\Contracts\\Container\\BindingResolutionException: Target class [view] does not exist. in C:\\Users\\User\\OneDrive\\Dokumentumok\\GitHub\\TaskManagerBackEnd\\vendor\\laravel\\framework\\src\\Illuminate\\Container\\Container.php:961
Stack trace:
#0 C:\\Users\\User\\OneDrive\\Dokumentumok\\GitHub\\TaskManagerBackEnd\\vendor\\laravel\\framework\\src\\Illuminate\\Container\\Container.php(832): Illuminate\\Container\\Container->build('view')
#1 C:\\Users\\User\\OneDrive\\Dokumentumok\\GitHub\\TaskManagerBackEnd\\vendor\\laravel\\framework\\src\\Illuminate\\Foundation\\Application.php(1078): Illuminate\\Container\\Container->resolve('view', Array, true)
#2 C:\\Users\\User\\OneDrive\\Dokumentumok\\GitHub\\TaskManagerBackEnd\\vendor\\laravel\\framework\\src\\Illuminate\\Container\\Container.php(763): Illuminate\\Foundation\\Application->resolve('view', Array)
#3 C:\\Users\\User\\OneDrive\\Dokumentumok\\GitHub\\TaskManagerBackEnd\\vendor\\laravel\\framework\\src\\Illuminate\\Foundation\\Application.php(1058): Illuminate\\Container\\Container->make('view', Array)
#4 C:\\Users\\User\\OneDrive\\Dokumentumok\\GitHub\\TaskManagerBackEnd\\vendor\\laravel\\framework\\src\\Illuminate\\Foundation\\helpers.php(124): Illuminate\\Foundation\\Application->make('view', Array)
#5 Command line code(1): app('view')
#6 {main}
  thrown at C:\\Users\\User\\OneDrive\\Dokumentumok\\GitHub\\TaskManagerBackEnd\\vendor\\laravel\\framework\\src\\Illuminate\\Container\\Container.php:961)
[stacktrace]
#0 {main}
"} 
[2026-01-22 21:38:52] local.ERROR: Class "App\Providers\AuthServiceProvider" not found {"exception":"[object] (Error(code: 0): Class \"App\\Providers\\AuthServiceProvider\" not found at C:\\Users\\User\\OneDrive\\Dokumentumok\\GitHub\\TaskManagerBackEnd\\vendor\\laravel\\framework\\src\\Illuminate\\Foundation\\ProviderRepository.php:206)
[stacktrace]
#0 C:\\Users\\User\\OneDrive\\Dokumentumok\\GitHub\\TaskManagerBackEnd\\vendor\\laravel\\framework\\src\\Illuminate\\Foundation\\ProviderRepository.php(142): Illuminate\\Foundation\\ProviderRepository->createProvider('App\\\\Providers\\\\A...')
#1 C:\\Users\\User\\OneDrive\\Dokumentumok\\GitHub\\TaskManagerBackEnd\\vendor\\laravel\\framework\\src\\Illuminate\\Foundation\\ProviderRepository.php(61): Illuminate\\Foundation\\ProviderRepository->compileManifest(Array)
#2 C:\\Users\\User\\OneDrive\\Dokumentumok\\GitHub\\TaskManagerBackEnd\\vendor\\laravel\\framework\\src\\Illuminate\\Foundation\\Application.php(871): Illuminate\\Foundation\\ProviderRepository->load(Array)
#3 C:\\Users\\User\\OneDrive\\Dokumentumok\\GitHub\\TaskManagerBackEnd\\vendor\\laravel\\framework\\src\\Illuminate\\Foundation\\Bootstrap\\RegisterProviders.php(37): Illuminate\\Foundation\\Application->registerConfiguredProviders()
#4 C:\\Users\\User\\OneDrive\\Dokumentumok\\GitHub\\TaskManagerBackEnd\\vendor\\laravel\\framework\\src\\Illuminate\\Foundation\\Application.php(342): Illuminate\\Foundation\\Bootstrap\\RegisterProviders->bootstrap(Object(Illuminate\\Foundation\\Application))
#5 C:\\Users\\User\\OneDrive\\Dokumentumok\\GitHub\\TaskManagerBackEnd\\vendor\\laravel\\framework\\src\\Illuminate\\Foundation\\Console\\Kernel.php(474): Illuminate\\Foundation\\Application->bootstrapWith(Array)
#6 C:\\Users\\User\\OneDrive\\Dokumentumok\\GitHub\\TaskManagerBackEnd\\vendor\\laravel\\framework\\src\\Illuminate\\Foundation\\Console\\Kernel.php(196): Illuminate\\Foundation\\Console\\Kernel->bootstrap()
#7 Command line code(1): Illuminate\\Foundation\\Console\\Kernel->handle(Object(Symfony\\Component\\Console\\Input\\ArgvInput), Object(Symfony\\Component\\Console\\Output\\ConsoleOutput))
#8 {main}
"} 
[2026-01-22 21:38:52] local.ERROR: Uncaught ReflectionException: Class "view" does not exist in C:\Users\User\OneDrive\Dokumentumok\GitHub\TaskManagerBackEnd\vendor\laravel\framework\src\Illuminate\Container\Container.php:959
Stack trace:
#0 C:\Users\User\OneDrive\Dokumentumok\GitHub\TaskManagerBackEnd\vendor\laravel\framework\src\Illuminate\Container\Container.php(959): ReflectionClass->__construct('view')
#1 C:\Users\User\OneDrive\Dokumentumok\GitHub\TaskManagerBackEnd\vendor\laravel\framework\src\Illuminate\Container\Container.php(832): Illuminate\Container\Container->build('view')
#2 C:\Users\User\OneDrive\Dokumentumok\GitHub\TaskManagerBackEnd\vendor\laravel\framework\src\Illuminate\Foundation\Application.php(1078): Illuminate\Container\Container->resolve('view', Array, true)
#3 C:\Users\User\OneDrive\Dokumentumok\GitHub\TaskManagerBackEnd\vendor\laravel\framework\src\Illuminate\Container\Container.php(763): Illuminate\Foundation\Application->resolve('view', Array)
#4 C:\Users\User\OneDrive\Dokumentumok\GitHub\TaskManagerBackEnd\vendor\laravel\framework\src\Illuminate\Foundation\Application.php(1058): Illuminate\Container\Container->make('view', Array)
#5 C:\Users\User\OneDrive\Dokumentumok\GitHub\TaskManagerBackEnd\vendor\laravel\framework\src\Illuminate\Foundation\helpers.php(124): Illuminate\Foundation\Application->make('view', Array)
#6 Command line code(1): app('view')
#7 {main}

Next Illuminate\Contracts\Container\BindingResolutionException: Target class [view] does not exist. in C:\Users\User\OneDrive\Dokumentumok\GitHub\TaskManagerBackEnd\vendor\laravel\framework\src\Illuminate\Container\Container.php:961
Stack trace:
#0 C:\Users\User\OneDrive\Dokumentumok\GitHub\TaskManagerBackEnd\vendor\laravel\framework\src\Illuminate\Container\Container.php(832): Illuminate\Container\Container->build('view')
#1 C:\Users\User\OneDrive\Dokumentumok\GitHub\TaskManagerBackEnd\vendor\laravel\framework\src\Illuminate\Foundation\Application.php(1078): Illuminate\Container\Container->resolve('view', Array, true)
#2 C:\Users\User\OneDrive\Dokumentumok\GitHub\TaskManagerBackEnd\vendor\laravel\framework\src\Illuminate\Container\Container.php(763): Illuminate\Foundation\Application->resolve('view', Array)
#3 C:\Users\User\OneDrive\Dokumentumok\GitHub\TaskManagerBackEnd\vendor\laravel\framework\src\Illuminate\Foundation\Application.php(1058): Illuminate\Container\Container->make('view', Array)
#4 C:\Users\User\OneDrive\Dokumentumok\GitHub\TaskManagerBackEnd\vendor\laravel\framework\src\Illuminate\Foundation\helpers.php(124): Illuminate\Foundation\Application->make('view', Array)
#5 Command line code(1): app('view')
#6 {main}
  thrown {"exception":"[object] (Symfony\\Component\\ErrorHandler\\Error\\FatalError(code: 0): Uncaught ReflectionException: Class \"view\" does not exist in C:\\Users\\User\\OneDrive\\Dokumentumok\\GitHub\\TaskManagerBackEnd\\vendor\\laravel\\framework\\src\\Illuminate\\Container\\Container.php:959
Stack trace:
#0 C:\\Users\\User\\OneDrive\\Dokumentumok\\GitHub\\TaskManagerBackEnd\\vendor\\laravel\\framework\\src\\Illuminate\\Container\\Container.php(959): ReflectionClass->__construct('view')
#1 C:\\Users\\User\\OneDrive\\Dokumentumok\\GitHub\\TaskManagerBackEnd\\vendor\\laravel\\framework\\src\\Illuminate\\Container\\Container.php(832): Illuminate\\Container\\Container->build('view')
#2 C:\\Users\\User\\OneDrive\\Dokumentumok\\GitHub\\TaskManagerBackEnd\\vendor\\laravel\\framework\\src\\Illuminate\\Foundation\\Application.php(1078): Illuminate\\Container\\Container->resolve('view', Array, true)
#3 C:\\Users\\User\\OneDrive\\Dokumentumok\\GitHub\\TaskManagerBackEnd\\vendor\\laravel\\framework\\src\\Illuminate\\Container\\Container.php(763): Illuminate\\Foundation\\Application->resolve('view', Array)
#4 C:\\Users\\User\\OneDrive\\Dokumentumok\\GitHub\\TaskManagerBackEnd\\vendor\\laravel\\framework\\src\\Illuminate\\Foundation\\Application.php(1058): Illuminate\\Container\\Container->make('view', Array)
#5 C:\\Users\\User\\OneDrive\\Dokumentumok\\GitHub\\TaskManagerBackEnd\\vendor\\laravel\\framework\\src\\Illuminate\\Foundation\\helpers.php(124): Illuminate\\Foundation\\Application->make('view', Array)
#6 Command line code(1): app('view')
#7 {main}

Next Illuminate\\Contracts\\Container\\BindingResolutionException: Target class [view] does not exist. in C:\\Users\\User\\OneDrive\\Dokumentumok\\GitHub\\TaskManagerBackEnd\\vendor\\laravel\\framework\\src\\Illuminate\\Container\\Container.php:961
Stack trace:
#0 C:\\Users\\User\\OneDrive\\Dokumentumok\\GitHub\\TaskManagerBackEnd\\vendor\\laravel\\framework\\src\\Illuminate\\Container\\Container.php(832): Illuminate\\Container\\Container->build('view')
#1 C:\\Users\\User\\OneDrive\\Dokumentumok\\GitHub\\TaskManagerBackEnd\\vendor\\laravel\\framework\\src\\Illuminate\\Foundation\\Application.php(1078): Illuminate\\Container\\Container->resolve('view', Array, true)
#2 C:\\Users\\User\\OneDrive\\Dokumentumok\\GitHub\\TaskManagerBackEnd\\vendor\\laravel\\framework\\src\\Illuminate\\Container\\Container.php(763): Illuminate\\Foundation\\Application->resolve('view', Array)
#3 C:\\Users\\User\\OneDrive\\Dokumentumok\\GitHub\\TaskManagerBackEnd\\vendor\\laravel\\framework\\src\\Illuminate\\Foundation\\Application.php(1058): Illuminate\\Container\\Container->make('view', Array)
#4 C:\\Users\\User\\OneDrive\\Dokumentumok\\GitHub\\TaskManagerBackEnd\\vendor\\laravel\\framework\\src\\Illuminate\\Foundation\\helpers.php(124): Illuminate\\Foundation\\Application->make('view', Array)
#5 Command line code(1): app('view')
#6 {main}
  thrown at C:\\Users\\User\\OneDrive\\Dokumentumok\\GitHub\\TaskManagerBackEnd\\vendor\\laravel\\framework\\src\\Illuminate\\Container\\Container.php:961)
[stacktrace]
#0 {main}
"} 
[2026-01-22 21:38:52] local.ERROR: Class "App\Providers\AuthServiceProvider" not found {"exception":"[object] (Error(code: 0): Class \"App\\Providers\\AuthServiceProvider\" not found at C:\\Users\\User\\OneDrive\\Dokumentumok\\GitHub\\TaskManagerBackEnd\\vendor\\laravel\\framework\\src\\Illuminate\\Foundation\\ProviderRepository.php:206)
[stacktrace]
#0 C:\\Users\\User\\OneDrive\\Dokumentumok\\GitHub\\TaskManagerBackEnd\\vendor\\laravel\\framework\\src\\Illuminate\\Foundation\\ProviderRepository.php(142): Illuminate\\Foundation\\ProviderRepository->createProvider('App\\\\Providers\\\\A...')
#1 C:\\Users\\User\\OneDrive\\Dokumentumok\\GitHub\\TaskManagerBackEnd\\vendor\\laravel\\framework\\src\\Illuminate\\Foundation\\ProviderRepository.php(61): Illuminate\\Foundation\\ProviderRepository->compileManifest(Array)
#2 C:\\Users\\User\\OneDrive\\Dokumentumok\\GitHub\\TaskManagerBackEnd\\vendor\\laravel\\framework\\src\\Illuminate\\Foundation\\Application.php(871): Illuminate\\Foundation\\ProviderRepository->load(Array)
#3 C:\\Users\\User\\OneDrive\\Dokumentumok\\GitHub\\TaskManagerBackEnd\\vendor\\laravel\\framework\\src\\Illuminate\\Foundation\\Bootstrap\\RegisterProviders.php(37): Illuminate\\Foundation\\Application->registerConfiguredProviders()
#4 C:\\Users\\User\\OneDrive\\Dokumentumok\\GitHub\\TaskManagerBackEnd\\vendor\\laravel\\framework\\src\\Illuminate\\Foundation\\Application.php(342): Illuminate\\Foundation\\Bootstrap\\RegisterProviders->bootstrap(Object(Illuminate\\Foundation\\Application))
#5 C:\\Users\\User\\OneDrive\\Dokumentumok\\GitHub\\TaskManagerBackEnd\\vendor\\laravel\\framework\\src\\Illuminate\\Foundation\\Console\\Kernel.php(474): Illuminate\\Foundation\\Application->bootstrapWith(Array)
#6 C:\\Users\\User\\OneDrive\\Dokumentumok\\GitHub\\TaskManagerBackEnd\\vendor\\laravel\\framework\\src\\Illuminate\\Foundation\\Console\\Kernel.php(196): Illuminate\\Foundation\\Console\\Kernel->bootstrap()
#7 Command line code(1): Illuminate\\Foundation\\Console\\Kernel->handle(Object(Symfony\\Component\\Console\\Input\\ArgvInput), Object(Symfony\\Component\\Console\\Output\\ConsoleOutput))
#8 {main}
"} 
[2026-01-22 21:38:52] local.ERROR: Uncaught ReflectionException: Class "view" does not exist in C:\Users\User\OneDrive\Dokumentumok\GitHub\TaskManagerBackEnd\vendor\laravel\framework\src\Illuminate\Container\Container.php:959
Stack trace:
#0 C:\Users\User\OneDrive\Dokumentumok\GitHub\TaskManagerBackEnd\vendor\laravel\framework\src\Illuminate\Container\Container.php(959): ReflectionClass->__construct('view')
#1 C:\Users\User\OneDrive\Dokumentumok\GitHub\TaskManagerBackEnd\vendor\laravel\framework\src\Illuminate\Container\Container.php(832): Illuminate\Container\Container->build('view')
#2 C:\Users\User\OneDrive\Dokumentumok\GitHub\TaskManagerBackEnd\vendor\laravel\framework\src\Illuminate\Foundation\Application.php(1078): Illuminate\Container\Container->resolve('view', Array, true)
#3 C:\Users\User\OneDrive\Dokumentumok\GitHub\TaskManagerBackEnd\vendor\laravel\framework\src\Illuminate\Container\Container.php(763): Illuminate\Foundation\Application->resolve('view', Array)
#4 C:\Users\User\OneDrive\Dokumentumok\GitHub\TaskManagerBackEnd\vendor\laravel\framework\src\Illuminate\Foundation\Application.php(1058): Illuminate\Container\Container->make('view', Array)
#5 C:\Users\User\OneDrive\Dokumentumok\GitHub\TaskManagerBackEnd\vendor\laravel\framework\src\Illuminate\Foundation\helpers.php(124): Illuminate\Foundation\Application->make('view', Array)
#6 Command line code(1): app('view')
#7 {main}

Next Illuminate\Contracts\Container\BindingResolutionException: Target class [view] does not exist. in C:\Users\User\OneDrive\Dokumentumok\GitHub\TaskManagerBackEnd\vendor\laravel\framework\src\Illuminate\Container\Container.php:961
Stack trace:
#0 C:\Users\User\OneDrive\Dokumentumok\GitHub\TaskManagerBackEnd\vendor\laravel\framework\src\Illuminate\Container\Container.php(832): Illuminate\Container\Container->build('view')
#1 C:\Users\User\OneDrive\Dokumentumok\GitHub\TaskManagerBackEnd\vendor\laravel\framework\src\Illuminate\Foundation\Application.php(1078): Illuminate\Container\Container->resolve('view', Array, true)
#2 C:\Users\User\OneDrive\Dokumentumok\GitHub\TaskManagerBackEnd\vendor\laravel\framework\src\Illuminate\Container\Container.php(763): Illuminate\Foundation\Application->resolve('view', Array)
#3 C:\Users\User\OneDrive\Dokumentumok\GitHub\TaskManagerBackEnd\vendor\laravel\framework\src\Illuminate\Foundation\Application.php(1058): Illuminate\Container\Container->make('view', Array)
#4 C:\Users\User\OneDrive\Dokumentumok\GitHub\TaskManagerBackEnd\vendor\laravel\framework\src\Illuminate\Foundation\helpers.php(124): Illuminate\Foundation\Application->make('view', Array)
#5 Command line code(1): app('view')
#6 {main}
  thrown {"exception":"[object] (Symfony\\Component\\ErrorHandler\\Error\\FatalError(code: 0): Uncaught ReflectionException: Class \"view\" does not exist in C:\\Users\\User\\OneDrive\\Dokumentumok\\GitHub\\TaskManagerBackEnd\\vendor\\laravel\\framework\\src\\Illuminate\\Container\\Container.php:959
Stack trace:
#0 C:\\Users\\User\\OneDrive\\Dokumentumok\\GitHub\\TaskManagerBackEnd\\vendor\\laravel\\framework\\src\\Illuminate\\Container\\Container.php(959): ReflectionClass->__construct('view')
#1 C:\\Users\\User\\OneDrive\\Dokumentumok\\GitHub\\TaskManagerBackEnd\\vendor\\laravel\\framework\\src\\Illuminate\\Container\\Container.php(832): Illuminate\\Container\\Container->build('view')
#2 C:\\Users\\User\\OneDrive\\Dokumentumok\\GitHub\\TaskManagerBackEnd\\vendor\\laravel\\framework\\src\\Illuminate\\Foundation\\Application.php(1078): Illuminate\\Container\\Container->resolve('view', Array, true)
#3 C:\\Users\\User\\OneDrive\\Dokumentumok\\GitHub\\TaskManagerBackEnd\\vendor\\laravel\\framework\\src\\Illuminate\\Container\\Container.php(763): Illuminate\\Foundation\\Application->resolve('view', Array)
#4 C:\\Users\\User\\OneDrive\\Dokumentumok\\GitHub\\TaskManagerBackEnd\\vendor\\laravel\\framework\\src\\Illuminate\\Foundation\\Application.php(1058): Illuminate\\Container\\Container->make('view', Array)
#5 C:\\Users\\User\\OneDrive\\Dokumentumok\\GitHub\\TaskManagerBackEnd\\vendor\\laravel\\framework\\src\\Illuminate\\Foundation\\helpers.php(124): Illuminate\\Foundation\\Application->make('view', Array)
#6 Command line code(1): app('view')
#7 {main}

Next Illuminate\\Contracts\\Container\\BindingResolutionException: Target class [view] does not exist. in C:\\Users\\User\\OneDrive\\Dokumentumok\\GitHub\\TaskManagerBackEnd\\vendor\\laravel\\framework\\src\\Illuminate\\Container\\Container.php:961
Stack trace:
#0 C:\\Users\\User\\OneDrive\\Dokumentumok\\GitHub\\TaskManagerBackEnd\\vendor\\laravel\\framework\\src\\Illuminate\\Container\\Container.php(832): Illuminate\\Container\\Container->build('view')
#1 C:\\Users\\User\\OneDrive\\Dokumentumok\\GitHub\\TaskManagerBackEnd\\vendor\\laravel\\framework\\src\\Illuminate\\Foundation\\Application.php(1078): Illuminate\\Container\\Container->resolve('view', Array, true)
#2 C:\\Users\\User\\OneDrive\\Dokumentumok\\GitHub\\TaskManagerBackEnd\\vendor\\laravel\\framework\\src\\Illuminate\\Container\\Container.php(763): Illuminate\\Foundation\\Application->resolve('view', Array)
#3 C:\\Users\\User\\OneDrive\\Dokumentumok\\GitHub\\TaskManagerBackEnd\\vendor\\laravel\\framework\\src\\Illuminate\\Foundation\\Application.php(1058): Illuminate\\Container\\Container->make('view', Array)
#4 C:\\Users\\User\\OneDrive\\Dokumentumok\\GitHub\\TaskManagerBackEnd\\vendor\\laravel\\framework\\src\\Illuminate\\Foundation\\helpers.php(124): Illuminate\\Foundation\\Application->make('view', Array)
#5 Command line code(1): app('view')
#6 {main}
  thrown at C:\\Users\\User\\OneDrive\\Dokumentumok\\GitHub\\TaskManagerBackEnd\\vendor\\laravel\\framework\\src\\Illuminate\\Container\\Container.php:961)
[stacktrace]
#0 {main}
"} 
[2026-01-22 21:38:53] local.ERROR: Class "App\Providers\AuthServiceProvider" not found {"exception":"[object] (Error(code: 0): Class \"App\\Providers\\AuthServiceProvider\" not found at C:\\Users\\User\\OneDrive\\Dokumentumok\\GitHub\\TaskManagerBackEnd\\vendor\\laravel\\framework\\src\\Illuminate\\Foundation\\ProviderRepository.php:206)
[stacktrace]
#0 C:\\Users\\User\\OneDrive\\Dokumentumok\\GitHub\\TaskManagerBackEnd\\vendor\\laravel\\framework\\src\\Illuminate\\Foundation\\ProviderRepository.php(142): Illuminate\\Foundation\\ProviderRepository->createProvider('App\\\\Providers\\\\A...')
#1 C:\\Users\\User\\OneDrive\\Dokumentumok\\GitHub\\TaskManagerBackEnd\\vendor\\laravel\\framework\\src\\Illuminate\\Foundation\\ProviderRepository.php(61): Illuminate\\Foundation\\ProviderRepository->compileManifest(Array)
#2 C:\\Users\\User\\OneDrive\\Dokumentumok\\GitHub\\TaskManagerBackEnd\\vendor\\laravel\\framework\\src\\Illuminate\\Foundation\\Application.php(871): Illuminate\\Foundation\\ProviderRepository->load(Array)
#3 C:\\Users\\User\\OneDrive\\Dokumentumok\\GitHub\\TaskManagerBackEnd\\vendor\\laravel\\framework\\src\\Illuminate\\Foundation\\Bootstrap\\RegisterProviders.php(37): Illuminate\\Foundation\\Application->registerConfiguredProviders()
#4 C:\\Users\\User\\OneDrive\\Dokumentumok\\GitHub\\TaskManagerBackEnd\\vendor\\laravel\\framework\\src\\Illuminate\\Foundation\\Application.php(342): Illuminate\\Foundation\\Bootstrap\\RegisterProviders->bootstrap(Object(Illuminate\\Foundation\\Application))
#5 C:\\Users\\User\\OneDrive\\Dokumentumok\\GitHub\\TaskManagerBackEnd\\vendor\\laravel\\framework\\src\\Illuminate\\Foundation\\Console\\Kernel.php(474): Illuminate\\Foundation\\Application->bootstrapWith(Array)
#6 C:\\Users\\User\\OneDrive\\Dokumentumok\\GitHub\\TaskManagerBackEnd\\vendor\\laravel\\framework\\src\\Illuminate\\Foundation\\Console\\Kernel.php(196): Illuminate\\Foundation\\Console\\Kernel->bootstrap()
#7 Command line code(1): Illuminate\\Foundation\\Console\\Kernel->handle(Object(Symfony\\Component\\Console\\Input\\ArgvInput), Object(Symfony\\Component\\Console\\Output\\ConsoleOutput))
#8 {main}
"} 
[2026-01-22 21:38:53] local.ERROR: Uncaught ReflectionException: Class "view" does not exist in C:\Users\User\OneDrive\Dokumentumok\GitHub\TaskManagerBackEnd\vendor\laravel\framework\src\Illuminate\Container\Container.php:959
Stack trace:
#0 C:\Users\User\OneDrive\Dokumentumok\GitHub\TaskManagerBackEnd\vendor\laravel\framework\src\Illuminate\Container\Container.php(959): ReflectionClass->__construct('view')
#1 C:\Users\User\OneDrive\Dokumentumok\GitHub\TaskManagerBackEnd\vendor\laravel\framework\src\Illuminate\Container\Container.php(832): Illuminate\Container\Container->build('view')
#2 C:\Users\User\OneDrive\Dokumentumok\GitHub\TaskManagerBackEnd\vendor\laravel\framework\src\Illuminate\Foundation\Application.php(1078): Illuminate\Container\Container->resolve('view', Array, true)
#3 C:\Users\User\OneDrive\Dokumentumok\GitHub\TaskManagerBackEnd\vendor\laravel\framework\src\Illuminate\Container\Container.php(763): Illuminate\Foundation\Application->resolve('view', Array)
#4 C:\Users\User\OneDrive\Dokumentumok\GitHub\TaskManagerBackEnd\vendor\laravel\framework\src\Illuminate\Foundation\Application.php(1058): Illuminate\Container\Container->make('view', Array)
#5 C:\Users\User\OneDrive\Dokumentumok\GitHub\TaskManagerBackEnd\vendor\laravel\framework\src\Illuminate\Foundation\helpers.php(124): Illuminate\Foundation\Application->make('view', Array)
#6 Command line code(1): app('view')
#7 {main}

Next Illuminate\Contracts\Container\BindingResolutionException: Target class [view] does not exist. in C:\Users\User\OneDrive\Dokumentumok\GitHub\TaskManagerBackEnd\vendor\laravel\framework\src\Illuminate\Container\Container.php:961
Stack trace:
#0 C:\Users\User\OneDrive\Dokumentumok\GitHub\TaskManagerBackEnd\vendor\laravel\framework\src\Illuminate\Container\Container.php(832): Illuminate\Container\Container->build('view')
#1 C:\Users\User\OneDrive\Dokumentumok\GitHub\TaskManagerBackEnd\vendor\laravel\framework\src\Illuminate\Foundation\Application.php(1078): Illuminate\Container\Container->resolve('view', Array, true)
#2 C:\Users\User\OneDrive\Dokumentumok\GitHub\TaskManagerBackEnd\vendor\laravel\framework\src\Illuminate\Container\Container.php(763): Illuminate\Foundation\Application->resolve('view', Array)
#3 C:\Users\User\OneDrive\Dokumentumok\GitHub\TaskManagerBackEnd\vendor\laravel\framework\src\Illuminate\Foundation\Application.php(1058): Illuminate\Container\Container->make('view', Array)
#4 C:\Users\User\OneDrive\Dokumentumok\GitHub\TaskManagerBackEnd\vendor\laravel\framework\src\Illuminate\Foundation\helpers.php(124): Illuminate\Foundation\Application->make('view', Array)
#5 Command line code(1): app('view')
#6 {main}
  thrown {"exception":"[object] (Symfony\\Component\\ErrorHandler\\Error\\FatalError(code: 0): Uncaught ReflectionException: Class \"view\" does not exist in C:\\Users\\User\\OneDrive\\Dokumentumok\\GitHub\\TaskManagerBackEnd\\vendor\\laravel\\framework\\src\\Illuminate\\Container\\Container.php:959
Stack trace:
#0 C:\\Users\\User\\OneDrive\\Dokumentumok\\GitHub\\TaskManagerBackEnd\\vendor\\laravel\\framework\\src\\Illuminate\\Container\\Container.php(959): ReflectionClass->__construct('view')
#1 C:\\Users\\User\\OneDrive\\Dokumentumok\\GitHub\\TaskManagerBackEnd\\vendor\\laravel\\framework\\src\\Illuminate\\Container\\Container.php(832): Illuminate\\Container\\Container->build('view')
#2 C:\\Users\\User\\OneDrive\\Dokumentumok\\GitHub\\TaskManagerBackEnd\\vendor\\laravel\\framework\\src\\Illuminate\\Foundation\\Application.php(1078): Illuminate\\Container\\Container->resolve('view', Array, true)
#3 C:\\Users\\User\\OneDrive\\Dokumentumok\\GitHub\\TaskManagerBackEnd\\vendor\\laravel\\framework\\src\\Illuminate\\Container\\Container.php(763): Illuminate\\Foundation\\Application->resolve('view', Array)
#4 C:\\Users\\User\\OneDrive\\Dokumentumok\\GitHub\\TaskManagerBackEnd\\vendor\\laravel\\framework\\src\\Illuminate\\Foundation\\Application.php(1058): Illuminate\\Container\\Container->make('view', Array)
#5 C:\\Users\\User\\OneDrive\\Dokumentumok\\GitHub\\TaskManagerBackEnd\\vendor\\laravel\\framework\\src\\Illuminate\\Foundation\\helpers.php(124): Illuminate\\Foundation\\Application->make('view', Array)
#6 Command line code(1): app('view')
#7 {main}

Next Illuminate\\Contracts\\Container\\BindingResolutionException: Target class [view] does not exist. in C:\\Users\\User\\OneDrive\\Dokumentumok\\GitHub\\TaskManagerBackEnd\\vendor\\laravel\\framework\\src\\Illuminate\\Container\\Container.php:961
Stack trace:
#0 C:\\Users\\User\\OneDrive\\Dokumentumok\\GitHub\\TaskManagerBackEnd\\vendor\\laravel\\framework\\src\\Illuminate\\Container\\Container.php(832): Illuminate\\Container\\Container->build('view')
#1 C:\\Users\\User\\OneDrive\\Dokumentumok\\GitHub\\TaskManagerBackEnd\\vendor\\laravel\\framework\\src\\Illuminate\\Foundation\\Application.php(1078): Illuminate\\Container\\Container->resolve('view', Array, true)
#2 C:\\Users\\User\\OneDrive\\Dokumentumok\\GitHub\\TaskManagerBackEnd\\vendor\\laravel\\framework\\src\\Illuminate\\Container\\Container.php(763): Illuminate\\Foundation\\Application->resolve('view', Array)
#3 C:\\Users\\User\\OneDrive\\Dokumentumok\\GitHub\\TaskManagerBackEnd\\vendor\\laravel\\framework\\src\\Illuminate\\Foundation\\Application.php(1058): Illuminate\\Container\\Container->make('view', Array)
#4 C:\\Users\\User\\OneDrive\\Dokumentumok\\GitHub\\TaskManagerBackEnd\\vendor\\laravel\\framework\\src\\Illuminate\\Foundation\\helpers.php(124): Illuminate\\Foundation\\Application->make('view', Array)
#5 Command line code(1): app('view')
#6 {main}
  thrown at C:\\Users\\User\\OneDrive\\Dokumentumok\\GitHub\\TaskManagerBackEnd\\vendor\\laravel\\framework\\src\\Illuminate\\Container\\Container.php:961)
[stacktrace]
#0 {main}
"} 
[2026-01-22 21:38:54] local.ERROR: Class "App\Providers\AuthServiceProvider" not found {"exception":"[object] (Error(code: 0): Class \"App\\Providers\\AuthServiceProvider\" not found at C:\\Users\\User\\OneDrive\\Dokumentumok\\GitHub\\TaskManagerBackEnd\\vendor\\laravel\\framework\\src\\Illuminate\\Foundation\\ProviderRepository.php:206)
[stacktrace]
#0 C:\\Users\\User\\OneDrive\\Dokumentumok\\GitHub\\TaskManagerBackEnd\\vendor\\laravel\\framework\\src\\Illuminate\\Foundation\\ProviderRepository.php(142): Illuminate\\Foundation\\ProviderRepository->createProvider('App\\\\Providers\\\\A...')
#1 C:\\Users\\User\\OneDrive\\Dokumentumok\\GitHub\\TaskManagerBackEnd\\vendor\\laravel\\framework\\src\\Illuminate\\Foundation\\ProviderRepository.php(61): Illuminate\\Foundation\\ProviderRepository->compileManifest(Array)
#2 C:\\Users\\User\\OneDrive\\Dokumentumok\\GitHub\\TaskManagerBackEnd\\vendor\\laravel\\framework\\src\\Illuminate\\Foundation\\Application.php(871): Illuminate\\Foundation\\ProviderRepository->load(Array)
#3 C:\\Users\\User\\OneDrive\\Dokumentumok\\GitHub\\TaskManagerBackEnd\\vendor\\laravel\\framework\\src\\Illuminate\\Foundation\\Bootstrap\\RegisterProviders.php(37): Illuminate\\Foundation\\Application->registerConfiguredProviders()
#4 C:\\Users\\User\\OneDrive\\Dokumentumok\\GitHub\\TaskManagerBackEnd\\vendor\\laravel\\framework\\src\\Illuminate\\Foundation\\Application.php(342): Illuminate\\Foundation\\Bootstrap\\RegisterProviders->bootstrap(Object(Illuminate\\Foundation\\Application))
#5 C:\\Users\\User\\OneDrive\\Dokumentumok\\GitHub\\TaskManagerBackEnd\\vendor\\laravel\\framework\\src\\Illuminate\\Foundation\\Console\\Kernel.php(474): Illuminate\\Foundation\\Application->bootstrapWith(Array)
#6 C:\\Users\\User\\OneDrive\\Dokumentumok\\GitHub\\TaskManagerBackEnd\\vendor\\laravel\\framework\\src\\Illuminate\\Foundation\\Console\\Kernel.php(196): Illuminate\\Foundation\\Console\\Kernel->bootstrap()
#7 Command line code(1): Illuminate\\Foundation\\Console\\Kernel->handle(Object(Symfony\\Component\\Console\\Input\\ArgvInput), Object(Symfony\\Component\\Console\\Output\\ConsoleOutput))
#8 {main}
"} 
[2026-01-22 21:38:54] local.ERROR: Uncaught ReflectionException: Class "view" does not exist in C:\Users\User\OneDrive\Dokumentumok\GitHub\TaskManagerBackEnd\vendor\laravel\framework\src\Illuminate\Container\Container.php:959
Stack trace:
#0 C:\Users\User\OneDrive\Dokumentumok\GitHub\TaskManagerBackEnd\vendor\laravel\framework\src\Illuminate\Container\Container.php(959): ReflectionClass->__construct('view')
#1 C:\Users\User\OneDrive\Dokumentumok\GitHub\TaskManagerBackEnd\vendor\laravel\framework\src\Illuminate\Container\Container.php(832): Illuminate\Container\Container->build('view')
#2 C:\Users\User\OneDrive\Dokumentumok\GitHub\TaskManagerBackEnd\vendor\laravel\framework\src\Illuminate\Foundation\Application.php(1078): Illuminate\Container\Container->resolve('view', Array, true)
#3 C:\Users\User\OneDrive\Dokumentumok\GitHub\TaskManagerBackEnd\vendor\laravel\framework\src\Illuminate\Container\Container.php(763): Illuminate\Foundation\Application->resolve('view', Array)
#4 C:\Users\User\OneDrive\Dokumentumok\GitHub\TaskManagerBackEnd\vendor\laravel\framework\src\Illuminate\Foundation\Application.php(1058): Illuminate\Container\Container->make('view', Array)
#5 C:\Users\User\OneDrive\Dokumentumok\GitHub\TaskManagerBackEnd\vendor\laravel\framework\src\Illuminate\Foundation\helpers.php(124): Illuminate\Foundation\Application->make('view', Array)
#6 Command line code(1): app('view')
#7 {main}

Next Illuminate\Contracts\Container\BindingResolutionException: Target class [view] does not exist. in C:\Users\User\OneDrive\Dokumentumok\GitHub\TaskManagerBackEnd\vendor\laravel\framework\src\Illuminate\Container\Container.php:961
Stack trace:
#0 C:\Users\User\OneDrive\Dokumentumok\GitHub\TaskManagerBackEnd\vendor\laravel\framework\src\Illuminate\Container\Container.php(832): Illuminate\Container\Container->build('view')
#1 C:\Users\User\OneDrive\Dokumentumok\GitHub\TaskManagerBackEnd\vendor\laravel\framework\src\Illuminate\Foundation\Application.php(1078): Illuminate\Container\Container->resolve('view', Array, true)
#2 C:\Users\User\OneDrive\Dokumentumok\GitHub\TaskManagerBackEnd\vendor\laravel\framework\src\Illuminate\Container\Container.php(763): Illuminate\Foundation\Application->resolve('view', Array)
#3 C:\Users\User\OneDrive\Dokumentumok\GitHub\TaskManagerBackEnd\vendor\laravel\framework\src\Illuminate\Foundation\Application.php(1058): Illuminate\Container\Container->make('view', Array)
#4 C:\Users\User\OneDrive\Dokumentumok\GitHub\TaskManagerBackEnd\vendor\laravel\framework\src\Illuminate\Foundation\helpers.php(124): Illuminate\Foundation\Application->make('view', Array)
#5 Command line code(1): app('view')
#6 {main}
  thrown {"exception":"[object] (Symfony\\Component\\ErrorHandler\\Error\\FatalError(code: 0): Uncaught ReflectionException: Class \"view\" does not exist in C:\\Users\\User\\OneDrive\\Dokumentumok\\GitHub\\TaskManagerBackEnd\\vendor\\laravel\\framework\\src\\Illuminate\\Container\\Container.php:959
Stack trace:
#0 C:\\Users\\User\\OneDrive\\Dokumentumok\\GitHub\\TaskManagerBackEnd\\vendor\\laravel\\framework\\src\\Illuminate\\Container\\Container.php(959): ReflectionClass->__construct('view')
#1 C:\\Users\\User\\OneDrive\\Dokumentumok\\GitHub\\TaskManagerBackEnd\\vendor\\laravel\\framework\\src\\Illuminate\\Container\\Container.php(832): Illuminate\\Container\\Container->build('view')
#2 C:\\Users\\User\\OneDrive\\Dokumentumok\\GitHub\\TaskManagerBackEnd\\vendor\\laravel\\framework\\src\\Illuminate\\Foundation\\Application.php(1078): Illuminate\\Container\\Container->resolve('view', Array, true)
#3 C:\\Users\\User\\OneDrive\\Dokumentumok\\GitHub\\TaskManagerBackEnd\\vendor\\laravel\\framework\\src\\Illuminate\\Container\\Container.php(763): Illuminate\\Foundation\\Application->resolve('view', Array)
#4 C:\\Users\\User\\OneDrive\\Dokumentumok\\GitHub\\TaskManagerBackEnd\\vendor\\laravel\\framework\\src\\Illuminate\\Foundation\\Application.php(1058): Illuminate\\Container\\Container->make('view', Array)
#5 C:\\Users\\User\\OneDrive\\Dokumentumok\\GitHub\\TaskManagerBackEnd\\vendor\\laravel\\framework\\src\\Illuminate\\Foundation\\helpers.php(124): Illuminate\\Foundation\\Application->make('view', Array)
#6 Command line code(1): app('view')
#7 {main}

Next Illuminate\\Contracts\\Container\\BindingResolutionException: Target class [view] does not exist. in C:\\Users\\User\\OneDrive\\Dokumentumok\\GitHub\\TaskManagerBackEnd\\vendor\\laravel\\framework\\src\\Illuminate\\Container\\Container.php:961
Stack trace:
#0 C:\\Users\\User\\OneDrive\\Dokumentumok\\GitHub\\TaskManagerBackEnd\\vendor\\laravel\\framework\\src\\Illuminate\\Container\\Container.php(832): Illuminate\\Container\\Container->build('view')
#1 C:\\Users\\User\\OneDrive\\Dokumentumok\\GitHub\\TaskManagerBackEnd\\vendor\\laravel\\framework\\src\\Illuminate\\Foundation\\Application.php(1078): Illuminate\\Container\\Container->resolve('view', Array, true)
#2 C:\\Users\\User\\OneDrive\\Dokumentumok\\GitHub\\TaskManagerBackEnd\\vendor\\laravel\\framework\\src\\Illuminate\\Container\\Container.php(763): Illuminate\\Foundation\\Application->resolve('view', Array)
#3 C:\\Users\\User\\OneDrive\\Dokumentumok\\GitHub\\TaskManagerBackEnd\\vendor\\laravel\\framework\\src\\Illuminate\\Foundation\\Application.php(1058): Illuminate\\Container\\Container->make('view', Array)
#4 C:\\Users\\User\\OneDrive\\Dokumentumok\\GitHub\\TaskManagerBackEnd\\vendor\\laravel\\framework\\src\\Illuminate\\Foundation\\helpers.php(124): Illuminate\\Foundation\\Application->make('view', Array)
#5 Command line code(1): app('view')
#6 {main}
  thrown at C:\\Users\\User\\OneDrive\\Dokumentumok\\GitHub\\TaskManagerBackEnd\\vendor\\laravel\\framework\\src\\Illuminate\\Container\\Container.php:961)
[stacktrace]
#0 {main}
"} 
[2026-01-22 21:38:55] local.ERROR: Class "App\Providers\AuthServiceProvider" not found {"exception":"[object] (Error(code: 0): Class \"App\\Providers\\AuthServiceProvider\" not found at C:\\Users\\User\\OneDrive\\Dokumentumok\\GitHub\\TaskManagerBackEnd\\vendor\\laravel\\framework\\src\\Illuminate\\Foundation\\ProviderRepository.php:206)
[stacktrace]
#0 C:\\Users\\User\\OneDrive\\Dokumentumok\\GitHub\\TaskManagerBackEnd\\vendor\\laravel\\framework\\src\\Illuminate\\Foundation\\ProviderRepository.php(142): Illuminate\\Foundation\\ProviderRepository->createProvider('App\\\\Providers\\\\A...')
#1 C:\\Users\\User\\OneDrive\\Dokumentumok\\GitHub\\TaskManagerBackEnd\\vendor\\laravel\\framework\\src\\Illuminate\\Foundation\\ProviderRepository.php(61): Illuminate\\Foundation\\ProviderRepository->compileManifest(Array)
#2 C:\\Users\\User\\OneDrive\\Dokumentumok\\GitHub\\TaskManagerBackEnd\\vendor\\laravel\\framework\\src\\Illuminate\\Foundation\\Application.php(871): Illuminate\\Foundation\\ProviderRepository->load(Array)
#3 C:\\Users\\User\\OneDrive\\Dokumentumok\\GitHub\\TaskManagerBackEnd\\vendor\\laravel\\framework\\src\\Illuminate\\Foundation\\Bootstrap\\RegisterProviders.php(37): Illuminate\\Foundation\\Application->registerConfiguredProviders()
#4 C:\\Users\\User\\OneDrive\\Dokumentumok\\GitHub\\TaskManagerBackEnd\\vendor\\laravel\\framework\\src\\Illuminate\\Foundation\\Application.php(342): Illuminate\\Foundation\\Bootstrap\\RegisterProviders->bootstrap(Object(Illuminate\\Foundation\\Application))
#5 C:\\Users\\User\\OneDrive\\Dokumentumok\\GitHub\\TaskManagerBackEnd\\vendor\\laravel\\framework\\src\\Illuminate\\Foundation\\Console\\Kernel.php(474): Illuminate\\Foundation\\Application->bootstrapWith(Array)
#6 C:\\Users\\User\\OneDrive\\Dokumentumok\\GitHub\\TaskManagerBackEnd\\vendor\\laravel\\framework\\src\\Illuminate\\Foundation\\Console\\Kernel.php(196): Illuminate\\Foundation\\Console\\Kernel->bootstrap()
#7 Command line code(1): Illuminate\\Foundation\\Console\\Kernel->handle(Object(Symfony\\Component\\Console\\Input\\ArgvInput), Object(Symfony\\Component\\Console\\Output\\ConsoleOutput))
#8 {main}
"} 
[2026-01-22 21:38:55] local.ERROR: Uncaught ReflectionException: Class "view" does not exist in C:\Users\User\OneDrive\Dokumentumok\GitHub\TaskManagerBackEnd\vendor\laravel\framework\src\Illuminate\Container\Container.php:959
Stack trace:
#0 C:\Users\User\OneDrive\Dokumentumok\GitHub\TaskManagerBackEnd\vendor\laravel\framework\src\Illuminate\Container\Container.php(959): ReflectionClass->__construct('view')
#1 C:\Users\User\OneDrive\Dokumentumok\GitHub\TaskManagerBackEnd\vendor\laravel\framework\src\Illuminate\Container\Container.php(832): Illuminate\Container\Container->build('view')
#2 C:\Users\User\OneDrive\Dokumentumok\GitHub\TaskManagerBackEnd\vendor\laravel\framework\src\Illuminate\Foundation\Application.php(1078): Illuminate\Container\Container->resolve('view', Array, true)
#3 C:\Users\User\OneDrive\Dokumentumok\GitHub\TaskManagerBackEnd\vendor\laravel\framework\src\Illuminate\Container\Container.php(763): Illuminate\Foundation\Application->resolve('view', Array)
#4 C:\Users\User\OneDrive\Dokumentumok\GitHub\TaskManagerBackEnd\vendor\laravel\framework\src\Illuminate\Foundation\Application.php(1058): Illuminate\Container\Container->make('view', Array)
#5 C:\Users\User\OneDrive\Dokumentumok\GitHub\TaskManagerBackEnd\vendor\laravel\framework\src\Illuminate\Foundation\helpers.php(124): Illuminate\Foundation\Application->make('view', Array)
#6 Command line code(1): app('view')
#7 {main}

Next Illuminate\Contracts\Container\BindingResolutionException: Target class [view] does not exist. in C:\Users\User\OneDrive\Dokumentumok\GitHub\TaskManagerBackEnd\vendor\laravel\framework\src\Illuminate\Container\Container.php:961
Stack trace:
#0 C:\Users\User\OneDrive\Dokumentumok\GitHub\TaskManagerBackEnd\vendor\laravel\framework\src\Illuminate\Container\Container.php(832): Illuminate\Container\Container->build('view')
#1 C:\Users\User\OneDrive\Dokumentumok\GitHub\TaskManagerBackEnd\vendor\laravel\framework\src\Illuminate\Foundation\Application.php(1078): Illuminate\Container\Container->resolve('view', Array, true)
#2 C:\Users\User\OneDrive\Dokumentumok\GitHub\TaskManagerBackEnd\vendor\laravel\framework\src\Illuminate\Container\Container.php(763): Illuminate\Foundation\Application->resolve('view', Array)
#3 C:\Users\User\OneDrive\Dokumentumok\GitHub\TaskManagerBackEnd\vendor\laravel\framework\src\Illuminate\Foundation\Application.php(1058): Illuminate\Container\Container->make('view', Array)
#4 C:\Users\User\OneDrive\Dokumentumok\GitHub\TaskManagerBackEnd\vendor\laravel\framework\src\Illuminate\Foundation\helpers.php(124): Illuminate\Foundation\Application->make('view', Array)
#5 Command line code(1): app('view')
#6 {main}
  thrown {"exception":"[object] (Symfony\\Component\\ErrorHandler\\Error\\FatalError(code: 0): Uncaught ReflectionException: Class \"view\" does not exist in C:\\Users\\User\\OneDrive\\Dokumentumok\\GitHub\\TaskManagerBackEnd\\vendor\\laravel\\framework\\src\\Illuminate\\Container\\Container.php:959
Stack trace:
#0 C:\\Users\\User\\OneDrive\\Dokumentumok\\GitHub\\TaskManagerBackEnd\\vendor\\laravel\\framework\\src\\Illuminate\\Container\\Container.php(959): ReflectionClass->__construct('view')
#1 C:\\Users\\User\\OneDrive\\Dokumentumok\\GitHub\\TaskManagerBackEnd\\vendor\\laravel\\framework\\src\\Illuminate\\Container\\Container.php(832): Illuminate\\Container\\Container->build('view')
#2 C:\\Users\\User\\OneDrive\\Dokumentumok\\GitHub\\TaskManagerBackEnd\\vendor\\laravel\\framework\\src\\Illuminate\\Foundation\\Application.php(1078): Illuminate\\Container\\Container->resolve('view', Array, true)
#3 C:\\Users\\User\\OneDrive\\Dokumentumok\\GitHub\\TaskManagerBackEnd\\vendor\\laravel\\framework\\src\\Illuminate\\Container\\Container.php(763): Illuminate\\Foundation\\Application->resolve('view', Array)
#4 C:\\Users\\User\\OneDrive\\Dokumentumok\\GitHub\\TaskManagerBackEnd\\vendor\\laravel\\framework\\src\\Illuminate\\Foundation\\Application.php(1058): Illuminate\\Container\\Container->make('view', Array)
#5 C:\\Users\\User\\OneDrive\\Dokumentumok\\GitHub\\TaskManagerBackEnd\\vendor\\laravel\\framework\\src\\Illuminate\\Foundation\\helpers.php(124): Illuminate\\Foundation\\Application->make('view', Array)
#6 Command line code(1): app('view')
#7 {main}

Next Illuminate\\Contracts\\Container\\BindingResolutionException: Target class [view] does not exist. in C:\\Users\\User\\OneDrive\\Dokumentumok\\GitHub\\TaskManagerBackEnd\\vendor\\laravel\\framework\\src\\Illuminate\\Container\\Container.php:961
Stack trace:
#0 C:\\Users\\User\\OneDrive\\Dokumentumok\\GitHub\\TaskManagerBackEnd\\vendor\\laravel\\framework\\src\\Illuminate\\Container\\Container.php(832): Illuminate\\Container\\Container->build('view')
#1 C:\\Users\\User\\OneDrive\\Dokumentumok\\GitHub\\TaskManagerBackEnd\\vendor\\laravel\\framework\\src\\Illuminate\\Foundation\\Application.php(1078): Illuminate\\Container\\Container->resolve('view', Array, true)
#2 C:\\Users\\User\\OneDrive\\Dokumentumok\\GitHub\\TaskManagerBackEnd\\vendor\\laravel\\framework\\src\\Illuminate\\Container\\Container.php(763): Illuminate\\Foundation\\Application->resolve('view', Array)
#3 C:\\Users\\User\\OneDrive\\Dokumentumok\\GitHub\\TaskManagerBackEnd\\vendor\\laravel\\framework\\src\\Illuminate\\Foundation\\Application.php(1058): Illuminate\\Container\\Container->make('view', Array)
#4 C:\\Users\\User\\OneDrive\\Dokumentumok\\GitHub\\TaskManagerBackEnd\\vendor\\laravel\\framework\\src\\Illuminate\\Foundation\\helpers.php(124): Illuminate\\Foundation\\Application->make('view', Array)
#5 Command line code(1): app('view')
#6 {main}
  thrown at C:\\Users\\User\\OneDrive\\Dokumentumok\\GitHub\\TaskManagerBackEnd\\vendor\\laravel\\framework\\src\\Illuminate\\Container\\Container.php:961)
[stacktrace]
#0 {main}
"} 
[2026-01-22 21:38:57] local.ERROR: Class "App\Providers\AuthServiceProvider" not found {"exception":"[object] (Error(code: 0): Class \"App\\Providers\\AuthServiceProvider\" not found at C:\\Users\\User\\OneDrive\\Dokumentumok\\GitHub\\TaskManagerBackEnd\\vendor\\laravel\\framework\\src\\Illuminate\\Foundation\\ProviderRepository.php:206)
[stacktrace]
#0 C:\\Users\\User\\OneDrive\\Dokumentumok\\GitHub\\TaskManagerBackEnd\\vendor\\laravel\\framework\\src\\Illuminate\\Foundation\\ProviderRepository.php(142): Illuminate\\Foundation\\ProviderRepository->createProvider('App\\\\Providers\\\\A...')
#1 C:\\Users\\User\\OneDrive\\Dokumentumok\\GitHub\\TaskManagerBackEnd\\vendor\\laravel\\framework\\src\\Illuminate\\Foundation\\ProviderRepository.php(61): Illuminate\\Foundation\\ProviderRepository->compileManifest(Array)
#2 C:\\Users\\User\\OneDrive\\Dokumentumok\\GitHub\\TaskManagerBackEnd\\vendor\\laravel\\framework\\src\\Illuminate\\Foundation\\Application.php(871): Illuminate\\Foundation\\ProviderRepository->load(Array)
#3 C:\\Users\\User\\OneDrive\\Dokumentumok\\GitHub\\TaskManagerBackEnd\\vendor\\laravel\\framework\\src\\Illuminate\\Foundation\\Bootstrap\\RegisterProviders.php(37): Illuminate\\Foundation\\Application->registerConfiguredProviders()
#4 C:\\Users\\User\\OneDrive\\Dokumentumok\\GitHub\\TaskManagerBackEnd\\vendor\\laravel\\framework\\src\\Illuminate\\Foundation\\Application.php(342): Illuminate\\Foundation\\Bootstrap\\RegisterProviders->bootstrap(Object(Illuminate\\Foundation\\Application))
#5 C:\\Users\\User\\OneDrive\\Dokumentumok\\GitHub\\TaskManagerBackEnd\\vendor\\laravel\\framework\\src\\Illuminate\\Foundation\\Console\\Kernel.php(474): Illuminate\\Foundation\\Application->bootstrapWith(Array)
#6 C:\\Users\\User\\OneDrive\\Dokumentumok\\GitHub\\TaskManagerBackEnd\\vendor\\laravel\\framework\\src\\Illuminate\\Foundation\\Console\\Kernel.php(196): Illuminate\\Foundation\\Console\\Kernel->bootstrap()
#7 Command line code(1): Illuminate\\Foundation\\Console\\Kernel->handle(Object(Symfony\\Component\\Console\\Input\\ArgvInput), Object(Symfony\\Component\\Console\\Output\\ConsoleOutput))
#8 {main}
"} 
[2026-01-22 21:38:57] local.ERROR: Uncaught ReflectionException: Class "view" does not exist in C:\Users\User\OneDrive\Dokumentumok\GitHub\TaskManagerBackEnd\vendor\laravel\framework\src\Illuminate\Container\Container.php:959
Stack trace:
#0 C:\Users\User\OneDrive\Dokumentumok\GitHub\TaskManagerBackEnd\vendor\laravel\framework\src\Illuminate\Container\Container.php(959): ReflectionClass->__construct('view')
#1 C:\Users\User\OneDrive\Dokumentumok\GitHub\TaskManagerBackEnd\vendor\laravel\framework\src\Illuminate\Container\Container.php(832): Illuminate\Container\Container->build('view')
#2 C:\Users\User\OneDrive\Dokumentumok\GitHub\TaskManagerBackEnd\vendor\laravel\framework\src\Illuminate\Foundation\Application.php(1078): Illuminate\Container\Container->resolve('view', Array, true)
#3 C:\Users\User\OneDrive\Dokumentumok\GitHub\TaskManagerBackEnd\vendor\laravel\framework\src\Illuminate\Container\Container.php(763): Illuminate\Foundation\Application->resolve('view', Array)
#4 C:\Users\User\OneDrive\Dokumentumok\GitHub\TaskManagerBackEnd\vendor\laravel\framework\src\Illuminate\Foundation\Application.php(1058): Illuminate\Container\Container->make('view', Array)
#5 C:\Users\User\OneDrive\Dokumentumok\GitHub\TaskManagerBackEnd\vendor\laravel\framework\src\Illuminate\Foundation\helpers.php(124): Illuminate\Foundation\Application->make('view', Array)
#6 Command line code(1): app('view')
#7 {main}

Next Illuminate\Contracts\Container\BindingResolutionException: Target class [view] does not exist. in C:\Users\User\OneDrive\Dokumentumok\GitHub\TaskManagerBackEnd\vendor\laravel\framework\src\Illuminate\Container\Container.php:961
Stack trace:
#0 C:\Users\User\OneDrive\Dokumentumok\GitHub\TaskManagerBackEnd\vendor\laravel\framework\src\Illuminate\Container\Container.php(832): Illuminate\Container\Container->build('view')
#1 C:\Users\User\OneDrive\Dokumentumok\GitHub\TaskManagerBackEnd\vendor\laravel\framework\src\Illuminate\Foundation\Application.php(1078): Illuminate\Container\Container->resolve('view', Array, true)
#2 C:\Users\User\OneDrive\Dokumentumok\GitHub\TaskManagerBackEnd\vendor\laravel\framework\src\Illuminate\Container\Container.php(763): Illuminate\Foundation\Application->resolve('view', Array)
#3 C:\Users\User\OneDrive\Dokumentumok\GitHub\TaskManagerBackEnd\vendor\laravel\framework\src\Illuminate\Foundation\Application.php(1058): Illuminate\Container\Container->make('view', Array)
#4 C:\Users\User\OneDrive\Dokumentumok\GitHub\TaskManagerBackEnd\vendor\laravel\framework\src\Illuminate\Foundation\helpers.php(124): Illuminate\Foundation\Application->make('view', Array)
#5 Command line code(1): app('view')
#6 {main}
  thrown {"exception":"[object] (Symfony\\Component\\ErrorHandler\\Error\\FatalError(code: 0): Uncaught ReflectionException: Class \"view\" does not exist in C:\\Users\\User\\OneDrive\\Dokumentumok\\GitHub\\TaskManagerBackEnd\\vendor\\laravel\\framework\\src\\Illuminate\\Container\\Container.php:959
Stack trace:
#0 C:\\Users\\User\\OneDrive\\Dokumentumok\\GitHub\\TaskManagerBackEnd\\vendor\\laravel\\framework\\src\\Illuminate\\Container\\Container.php(959): ReflectionClass->__construct('view')
#1 C:\\Users\\User\\OneDrive\\Dokumentumok\\GitHub\\TaskManagerBackEnd\\vendor\\laravel\\framework\\src\\Illuminate\\Container\\Container.php(832): Illuminate\\Container\\Container->build('view')
#2 C:\\Users\\User\\OneDrive\\Dokumentumok\\GitHub\\TaskManagerBackEnd\\vendor\\laravel\\framework\\src\\Illuminate\\Foundation\\Application.php(1078): Illuminate\\Container\\Container->resolve('view', Array, true)
#3 C:\\Users\\User\\OneDrive\\Dokumentumok\\GitHub\\TaskManagerBackEnd\\vendor\\laravel\\framework\\src\\Illuminate\\Container\\Container.php(763): Illuminate\\Foundation\\Application->resolve('view', Array)
#4 C:\\Users\\User\\OneDrive\\Dokumentumok\\GitHub\\TaskManagerBackEnd\\vendor\\laravel\\framework\\src\\Illuminate\\Foundation\\Application.php(1058): Illuminate\\Container\\Container->make('view', Array)
#5 C:\\Users\\User\\OneDrive\\Dokumentumok\\GitHub\\TaskManagerBackEnd\\vendor\\laravel\\framework\\src\\Illuminate\\Foundation\\helpers.php(124): Illuminate\\Foundation\\Application->make('view', Array)
#6 Command line code(1): app('view')
#7 {main}

Next Illuminate\\Contracts\\Container\\BindingResolutionException: Target class [view] does not exist. in C:\\Users\\User\\OneDrive\\Dokumentumok\\GitHub\\TaskManagerBackEnd\\vendor\\laravel\\framework\\src\\Illuminate\\Container\\Container.php:961
Stack trace:
#0 C:\\Users\\User\\OneDrive\\Dokumentumok\\GitHub\\TaskManagerBackEnd\\vendor\\laravel\\framework\\src\\Illuminate\\Container\\Container.php(832): Illuminate\\Container\\Container->build('view')
#1 C:\\Users\\User\\OneDrive\\Dokumentumok\\GitHub\\TaskManagerBackEnd\\vendor\\laravel\\framework\\src\\Illuminate\\Foundation\\Application.php(1078): Illuminate\\Container\\Container->resolve('view', Array, true)
#2 C:\\Users\\User\\OneDrive\\Dokumentumok\\GitHub\\TaskManagerBackEnd\\vendor\\laravel\\framework\\src\\Illuminate\\Container\\Container.php(763): Illuminate\\Foundation\\Application->resolve('view', Array)
#3 C:\\Users\\User\\OneDrive\\Dokumentumok\\GitHub\\TaskManagerBackEnd\\vendor\\laravel\\framework\\src\\Illuminate\\Foundation\\Application.php(1058): Illuminate\\Container\\Container->make('view', Array)
#4 C:\\Users\\User\\OneDrive\\Dokumentumok\\GitHub\\TaskManagerBackEnd\\vendor\\laravel\\framework\\src\\Illuminate\\Foundation\\helpers.php(124): Illuminate\\Foundation\\Application->make('view', Array)
#5 Command line code(1): app('view')
#6 {main}
  thrown at C:\\Users\\User\\OneDrive\\Dokumentumok\\GitHub\\TaskManagerBackEnd\\vendor\\laravel\\framework\\src\\Illuminate\\Container\\Container.php:961)
[stacktrace]
#0 {main}
"} 
[2026-01-22 21:38:57] local.ERROR: Class "App\Providers\AuthServiceProvider" not found {"exception":"[object] (Error(code: 0): Class \"App\\Providers\\AuthServiceProvider\" not found at C:\\Users\\User\\OneDrive\\Dokumentumok\\GitHub\\TaskManagerBackEnd\\vendor\\laravel\\framework\\src\\Illuminate\\Foundation\\ProviderRepository.php:206)
[stacktrace]
#0 C:\\Users\\User\\OneDrive\\Dokumentumok\\GitHub\\TaskManagerBackEnd\\vendor\\laravel\\framework\\src\\Illuminate\\Foundation\\ProviderRepository.php(142): Illuminate\\Foundation\\ProviderRepository->createProvider('App\\\\Providers\\\\A...')
#1 C:\\Users\\User\\OneDrive\\Dokumentumok\\GitHub\\TaskManagerBackEnd\\vendor\\laravel\\framework\\src\\Illuminate\\Foundation\\ProviderRepository.php(61): Illuminate\\Foundation\\ProviderRepository->compileManifest(Array)
#2 C:\\Users\\User\\OneDrive\\Dokumentumok\\GitHub\\TaskManagerBackEnd\\vendor\\laravel\\framework\\src\\Illuminate\\Foundation\\Application.php(871): Illuminate\\Foundation\\ProviderRepository->load(Array)
#3 C:\\Users\\User\\OneDrive\\Dokumentumok\\GitHub\\TaskManagerBackEnd\\vendor\\laravel\\framework\\src\\Illuminate\\Foundation\\Bootstrap\\RegisterProviders.php(37): Illuminate\\Foundation\\Application->registerConfiguredProviders()
#4 C:\\Users\\User\\OneDrive\\Dokumentumok\\GitHub\\TaskManagerBackEnd\\vendor\\laravel\\framework\\src\\Illuminate\\Foundation\\Application.php(342): Illuminate\\Foundation\\Bootstrap\\RegisterProviders->bootstrap(Object(Illuminate\\Foundation\\Application))
#5 C:\\Users\\User\\OneDrive\\Dokumentumok\\GitHub\\TaskManagerBackEnd\\vendor\\laravel\\framework\\src\\Illuminate\\Foundation\\Console\\Kernel.php(474): Illuminate\\Foundation\\Application->bootstrapWith(Array)
#6 C:\\Users\\User\\OneDrive\\Dokumentumok\\GitHub\\TaskManagerBackEnd\\vendor\\laravel\\framework\\src\\Illuminate\\Foundation\\Console\\Kernel.php(196): Illuminate\\Foundation\\Console\\Kernel->bootstrap()
#7 Command line code(1): Illuminate\\Foundation\\Console\\Kernel->handle(Object(Symfony\\Component\\Console\\Input\\ArgvInput), Object(Symfony\\Component\\Console\\Output\\ConsoleOutput))
#8 {main}
"} 
[2026-01-22 21:38:57] local.ERROR: Uncaught ReflectionException: Class "view" does not exist in C:\Users\User\OneDrive\Dokumentumok\GitHub\TaskManagerBackEnd\vendor\laravel\framework\src\Illuminate\Container\Container.php:959
Stack trace:
#0 C:\Users\User\OneDrive\Dokumentumok\GitHub\TaskManagerBackEnd\vendor\laravel\framework\src\Illuminate\Container\Container.php(959): ReflectionClass->__construct('view')
#1 C:\Users\User\OneDrive\Dokumentumok\GitHub\TaskManagerBackEnd\vendor\laravel\framework\src\Illuminate\Container\Container.php(832): Illuminate\Container\Container->build('view')
#2 C:\Users\User\OneDrive\Dokumentumok\GitHub\TaskManagerBackEnd\vendor\laravel\framework\src\Illuminate\Foundation\Application.php(1078): Illuminate\Container\Container->resolve('view', Array, true)
#3 C:\Users\User\OneDrive\Dokumentumok\GitHub\TaskManagerBackEnd\vendor\laravel\framework\src\Illuminate\Container\Container.php(763): Illuminate\Foundation\Application->resolve('view', Array)
#4 C:\Users\User\OneDrive\Dokumentumok\GitHub\TaskManagerBackEnd\vendor\laravel\framework\src\Illuminate\Foundation\Application.php(1058): Illuminate\Container\Container->make('view', Array)
#5 C:\Users\User\OneDrive\Dokumentumok\GitHub\TaskManagerBackEnd\vendor\laravel\framework\src\Illuminate\Foundation\helpers.php(124): Illuminate\Foundation\Application->make('view', Array)
#6 Command line code(1): app('view')
#7 {main}

Next Illuminate\Contracts\Container\BindingResolutionException: Target class [view] does not exist. in C:\Users\User\OneDrive\Dokumentumok\GitHub\TaskManagerBackEnd\vendor\laravel\framework\src\Illuminate\Container\Container.php:961
Stack trace:
#0 C:\Users\User\OneDrive\Dokumentumok\GitHub\TaskManagerBackEnd\vendor\laravel\framework\src\Illuminate\Container\Container.php(832): Illuminate\Container\Container->build('view')
#1 C:\Users\User\OneDrive\Dokumentumok\GitHub\TaskManagerBackEnd\vendor\laravel\framework\src\Illuminate\Foundation\Application.php(1078): Illuminate\Container\Container->resolve('view', Array, true)
#2 C:\Users\User\OneDrive\Dokumentumok\GitHub\TaskManagerBackEnd\vendor\laravel\framework\src\Illuminate\Container\Container.php(763): Illuminate\Foundation\Application->resolve('view', Array)
#3 C:\Users\User\OneDrive\Dokumentumok\GitHub\TaskManagerBackEnd\vendor\laravel\framework\src\Illuminate\Foundation\Application.php(1058): Illuminate\Container\Container->make('view', Array)
#4 C:\Users\User\OneDrive\Dokumentumok\GitHub\TaskManagerBackEnd\vendor\laravel\framework\src\Illuminate\Foundation\helpers.php(124): Illuminate\Foundation\Application->make('view', Array)
#5 Command line code(1): app('view')
#6 {main}
  thrown {"exception":"[object] (Symfony\\Component\\ErrorHandler\\Error\\FatalError(code: 0): Uncaught ReflectionException: Class \"view\" does not exist in C:\\Users\\User\\OneDrive\\Dokumentumok\\GitHub\\TaskManagerBackEnd\\vendor\\laravel\\framework\\src\\Illuminate\\Container\\Container.php:959
Stack trace:
#0 C:\\Users\\User\\OneDrive\\Dokumentumok\\GitHub\\TaskManagerBackEnd\\vendor\\laravel\\framework\\src\\Illuminate\\Container\\Container.php(959): ReflectionClass->__construct('view')
#1 C:\\Users\\User\\OneDrive\\Dokumentumok\\GitHub\\TaskManagerBackEnd\\vendor\\laravel\\framework\\src\\Illuminate\\Container\\Container.php(832): Illuminate\\Container\\Container->build('view')
#2 C:\\Users\\User\\OneDrive\\Dokumentumok\\GitHub\\TaskManagerBackEnd\\vendor\\laravel\\framework\\src\\Illuminate\\Foundation\\Application.php(1078): Illuminate\\Container\\Container->resolve('view', Array, true)
#3 C:\\Users\\User\\OneDrive\\Dokumentumok\\GitHub\\TaskManagerBackEnd\\vendor\\laravel\\framework\\src\\Illuminate\\Container\\Container.php(763): Illuminate\\Foundation\\Application->resolve('view', Array)
#4 C:\\Users\\User\\OneDrive\\Dokumentumok\\GitHub\\TaskManagerBackEnd\\vendor\\laravel\\framework\\src\\Illuminate\\Foundation\\Application.php(1058): Illuminate\\Container\\Container->make('view', Array)
#5 C:\\Users\\User\\OneDrive\\Dokumentumok\\GitHub\\TaskManagerBackEnd\\vendor\\laravel\\framework\\src\\Illuminate\\Foundation\\helpers.php(124): Illuminate\\Foundation\\Application->make('view', Array)
#6 Command line code(1): app('view')
#7 {main}

Next Illuminate\\Contracts\\Container\\BindingResolutionException: Target class [view] does not exist. in C:\\Users\\User\\OneDrive\\Dokumentumok\\GitHub\\TaskManagerBackEnd\\vendor\\laravel\\framework\\src\\Illuminate\\Container\\Container.php:961
Stack trace:
#0 C:\\Users\\User\\OneDrive\\Dokumentumok\\GitHub\\TaskManagerBackEnd\\vendor\\laravel\\framework\\src\\Illuminate\\Container\\Container.php(832): Illuminate\\Container\\Container->build('view')
#1 C:\\Users\\User\\OneDrive\\Dokumentumok\\GitHub\\TaskManagerBackEnd\\vendor\\laravel\\framework\\src\\Illuminate\\Foundation\\Application.php(1078): Illuminate\\Container\\Container->resolve('view', Array, true)
#2 C:\\Users\\User\\OneDrive\\Dokumentumok\\GitHub\\TaskManagerBackEnd\\vendor\\laravel\\framework\\src\\Illuminate\\Container\\Container.php(763): Illuminate\\Foundation\\Application->resolve('view', Array)
#3 C:\\Users\\User\\OneDrive\\Dokumentumok\\GitHub\\TaskManagerBackEnd\\vendor\\laravel\\framework\\src\\Illuminate\\Foundation\\Application.php(1058): Illuminate\\Container\\Container->make('view', Array)
#4 C:\\Users\\User\\OneDrive\\Dokumentumok\\GitHub\\TaskManagerBackEnd\\vendor\\laravel\\framework\\src\\Illuminate\\Foundation\\helpers.php(124): Illuminate\\Foundation\\Application->make('view', Array)
#5 Command line code(1): app('view')
#6 {main}
  thrown at C:\\Users\\User\\OneDrive\\Dokumentumok\\GitHub\\TaskManagerBackEnd\\vendor\\laravel\\framework\\src\\Illuminate\\Container\\Container.php:961)
[stacktrace]
#0 {main}
"} 
[2026-01-22 21:38:58] local.ERROR: Class "App\Providers\AuthServiceProvider" not found {"exception":"[object] (Error(code: 0): Class \"App\\Providers\\AuthServiceProvider\" not found at C:\\Users\\User\\OneDrive\\Dokumentumok\\GitHub\\TaskManagerBackEnd\\vendor\\laravel\\framework\\src\\Illuminate\\Foundation\\ProviderRepository.php:206)
[stacktrace]
#0 C:\\Users\\User\\OneDrive\\Dokumentumok\\GitHub\\TaskManagerBackEnd\\vendor\\laravel\\framework\\src\\Illuminate\\Foundation\\ProviderRepository.php(142): Illuminate\\Foundation\\ProviderRepository->createProvider('App\\\\Providers\\\\A...')
#1 C:\\Users\\User\\OneDrive\\Dokumentumok\\GitHub\\TaskManagerBackEnd\\vendor\\laravel\\framework\\src\\Illuminate\\Foundation\\ProviderRepository.php(61): Illuminate\\Foundation\\ProviderRepository->compileManifest(Array)
#2 C:\\Users\\User\\OneDrive\\Dokumentumok\\GitHub\\TaskManagerBackEnd\\vendor\\laravel\\framework\\src\\Illuminate\\Foundation\\Application.php(871): Illuminate\\Foundation\\ProviderRepository->load(Array)
#3 C:\\Users\\User\\OneDrive\\Dokumentumok\\GitHub\\TaskManagerBackEnd\\vendor\\laravel\\framework\\src\\Illuminate\\Foundation\\Bootstrap\\RegisterProviders.php(37): Illuminate\\Foundation\\Application->registerConfiguredProviders()
#4 C:\\Users\\User\\OneDrive\\Dokumentumok\\GitHub\\TaskManagerBackEnd\\vendor\\laravel\\framework\\src\\Illuminate\\Foundation\\Application.php(342): Illuminate\\Foundation\\Bootstrap\\RegisterProviders->bootstrap(Object(Illuminate\\Foundation\\Application))
#5 C:\\Users\\User\\OneDrive\\Dokumentumok\\GitHub\\TaskManagerBackEnd\\vendor\\laravel\\framework\\src\\Illuminate\\Foundation\\Console\\Kernel.php(474): Illuminate\\Foundation\\Application->bootstrapWith(Array)
#6 C:\\Users\\User\\OneDrive\\Dokumentumok\\GitHub\\TaskManagerBackEnd\\vendor\\laravel\\framework\\src\\Illuminate\\Foundation\\Console\\Kernel.php(196): Illuminate\\Foundation\\Console\\Kernel->bootstrap()
#7 Command line code(1): Illuminate\\Foundation\\Console\\Kernel->handle(Object(Symfony\\Component\\Console\\Input\\ArgvInput), Object(Symfony\\Component\\Console\\Output\\ConsoleOutput))
#8 {main}
"} 
[2026-01-22 21:38:58] local.ERROR: Uncaught ReflectionException: Class "view" does not exist in C:\Users\User\OneDrive\Dokumentumok\GitHub\TaskManagerBackEnd\vendor\laravel\framework\src\Illuminate\Container\Container.php:959
Stack trace:
#0 C:\Users\User\OneDrive\Dokumentumok\GitHub\TaskManagerBackEnd\vendor\laravel\framework\src\Illuminate\Container\Container.php(959): ReflectionClass->__construct('view')
#1 C:\Users\User\OneDrive\Dokumentumok\GitHub\TaskManagerBackEnd\vendor\laravel\framework\src\Illuminate\Container\Container.php(832): Illuminate\Container\Container->build('view')
#2 C:\Users\User\OneDrive\Dokumentumok\GitHub\TaskManagerBackEnd\vendor\laravel\framework\src\Illuminate\Foundation\Application.php(1078): Illuminate\Container\Container->resolve('view', Array, true)
#3 C:\Users\User\OneDrive\Dokumentumok\GitHub\TaskManagerBackEnd\vendor\laravel\framework\src\Illuminate\Container\Container.php(763): Illuminate\Foundation\Application->resolve('view', Array)
#4 C:\Users\User\OneDrive\Dokumentumok\GitHub\TaskManagerBackEnd\vendor\laravel\framework\src\Illuminate\Foundation\Application.php(1058): Illuminate\Container\Container->make('view', Array)
#5 C:\Users\User\OneDrive\Dokumentumok\GitHub\TaskManagerBackEnd\vendor\laravel\framework\src\Illuminate\Foundation\helpers.php(124): Illuminate\Foundation\Application->make('view', Array)
#6 Command line code(1): app('view')
#7 {main}

Next Illuminate\Contracts\Container\BindingResolutionException: Target class [view] does not exist. in C:\Users\User\OneDrive\Dokumentumok\GitHub\TaskManagerBackEnd\vendor\laravel\framework\src\Illuminate\Container\Container.php:961
Stack trace:
#0 C:\Users\User\OneDrive\Dokumentumok\GitHub\TaskManagerBackEnd\vendor\laravel\framework\src\Illuminate\Container\Container.php(832): Illuminate\Container\Container->build('view')
#1 C:\Users\User\OneDrive\Dokumentumok\GitHub\TaskManagerBackEnd\vendor\laravel\framework\src\Illuminate\Foundation\Application.php(1078): Illuminate\Container\Container->resolve('view', Array, true)
#2 C:\Users\User\OneDrive\Dokumentumok\GitHub\TaskManagerBackEnd\vendor\laravel\framework\src\Illuminate\Container\Container.php(763): Illuminate\Foundation\Application->resolve('view', Array)
#3 C:\Users\User\OneDrive\Dokumentumok\GitHub\TaskManagerBackEnd\vendor\laravel\framework\src\Illuminate\Foundation\Application.php(1058): Illuminate\Container\Container->make('view', Array)
#4 C:\Users\User\OneDrive\Dokumentumok\GitHub\TaskManagerBackEnd\vendor\laravel\framework\src\Illuminate\Foundation\helpers.php(124): Illuminate\Foundation\Application->make('view', Array)
#5 Command line code(1): app('view')
#6 {main}
  thrown {"exception":"[object] (Symfony\\Component\\ErrorHandler\\Error\\FatalError(code: 0): Uncaught ReflectionException: Class \"view\" does not exist in C:\\Users\\User\\OneDrive\\Dokumentumok\\GitHub\\TaskManagerBackEnd\\vendor\\laravel\\framework\\src\\Illuminate\\Container\\Container.php:959
Stack trace:
#0 C:\\Users\\User\\OneDrive\\Dokumentumok\\GitHub\\TaskManagerBackEnd\\vendor\\laravel\\framework\\src\\Illuminate\\Container\\Container.php(959): ReflectionClass->__construct('view')
#1 C:\\Users\\User\\OneDrive\\Dokumentumok\\GitHub\\TaskManagerBackEnd\\vendor\\laravel\\framework\\src\\Illuminate\\Container\\Container.php(832): Illuminate\\Container\\Container->build('view')
#2 C:\\Users\\User\\OneDrive\\Dokumentumok\\GitHub\\TaskManagerBackEnd\\vendor\\laravel\\framework\\src\\Illuminate\\Foundation\\Application.php(1078): Illuminate\\Container\\Container->resolve('view', Array, true)
#3 C:\\Users\\User\\OneDrive\\Dokumentumok\\GitHub\\TaskManagerBackEnd\\vendor\\laravel\\framework\\src\\Illuminate\\Container\\Container.php(763): Illuminate\\Foundation\\Application->resolve('view', Array)
#4 C:\\Users\\User\\OneDrive\\Dokumentumok\\GitHub\\TaskManagerBackEnd\\vendor\\laravel\\framework\\src\\Illuminate\\Foundation\\Application.php(1058): Illuminate\\Container\\Container->make('view', Array)
#5 C:\\Users\\User\\OneDrive\\Dokumentumok\\GitHub\\TaskManagerBackEnd\\vendor\\laravel\\framework\\src\\Illuminate\\Foundation\\helpers.php(124): Illuminate\\Foundation\\Application->make('view', Array)
#6 Command line code(1): app('view')
#7 {main}

Next Illuminate\\Contracts\\Container\\BindingResolutionException: Target class [view] does not exist. in C:\\Users\\User\\OneDrive\\Dokumentumok\\GitHub\\TaskManagerBackEnd\\vendor\\laravel\\framework\\src\\Illuminate\\Container\\Container.php:961
Stack trace:
#0 C:\\Users\\User\\OneDrive\\Dokumentumok\\GitHub\\TaskManagerBackEnd\\vendor\\laravel\\framework\\src\\Illuminate\\Container\\Container.php(832): Illuminate\\Container\\Container->build('view')
#1 C:\\Users\\User\\OneDrive\\Dokumentumok\\GitHub\\TaskManagerBackEnd\\vendor\\laravel\\framework\\src\\Illuminate\\Foundation\\Application.php(1078): Illuminate\\Container\\Container->resolve('view', Array, true)
#2 C:\\Users\\User\\OneDrive\\Dokumentumok\\GitHub\\TaskManagerBackEnd\\vendor\\laravel\\framework\\src\\Illuminate\\Container\\Container.php(763): Illuminate\\Foundation\\Application->resolve('view', Array)
#3 C:\\Users\\User\\OneDrive\\Dokumentumok\\GitHub\\TaskManagerBackEnd\\vendor\\laravel\\framework\\src\\Illuminate\\Foundation\\Application.php(1058): Illuminate\\Container\\Container->make('view', Array)
#4 C:\\Users\\User\\OneDrive\\Dokumentumok\\GitHub\\TaskManagerBackEnd\\vendor\\laravel\\framework\\src\\Illuminate\\Foundation\\helpers.php(124): Illuminate\\Foundation\\Application->make('view', Array)
#5 Command line code(1): app('view')
#6 {main}
  thrown at C:\\Users\\User\\OneDrive\\Dokumentumok\\GitHub\\TaskManagerBackEnd\\vendor\\laravel\\framework\\src\\Illuminate\\Container\\Container.php:961)
[stacktrace]
#0 {main}
"} 
[2026-01-22 21:38:59] local.ERROR: Class "App\Providers\AuthServiceProvider" not found {"exception":"[object] (Error(code: 0): Class \"App\\Providers\\AuthServiceProvider\" not found at C:\\Users\\User\\OneDrive\\Dokumentumok\\GitHub\\TaskManagerBackEnd\\vendor\\laravel\\framework\\src\\Illuminate\\Foundation\\ProviderRepository.php:206)
[stacktrace]
#0 C:\\Users\\User\\OneDrive\\Dokumentumok\\GitHub\\TaskManagerBackEnd\\vendor\\laravel\\framework\\src\\Illuminate\\Foundation\\ProviderRepository.php(142): Illuminate\\Foundation\\ProviderRepository->createProvider('App\\\\Providers\\\\A...')
#1 C:\\Users\\User\\OneDrive\\Dokumentumok\\GitHub\\TaskManagerBackEnd\\vendor\\laravel\\framework\\src\\Illuminate\\Foundation\\ProviderRepository.php(61): Illuminate\\Foundation\\ProviderRepository->compileManifest(Array)
#2 C:\\Users\\User\\OneDrive\\Dokumentumok\\GitHub\\TaskManagerBackEnd\\vendor\\laravel\\framework\\src\\Illuminate\\Foundation\\Application.php(871): Illuminate\\Foundation\\ProviderRepository->load(Array)
#3 C:\\Users\\User\\OneDrive\\Dokumentumok\\GitHub\\TaskManagerBackEnd\\vendor\\laravel\\framework\\src\\Illuminate\\Foundation\\Bootstrap\\RegisterProviders.php(37): Illuminate\\Foundation\\Application->registerConfiguredProviders()
#4 C:\\Users\\User\\OneDrive\\Dokumentumok\\GitHub\\TaskManagerBackEnd\\vendor\\laravel\\framework\\src\\Illuminate\\Foundation\\Application.php(342): Illuminate\\Foundation\\Bootstrap\\RegisterProviders->bootstrap(Object(Illuminate\\Foundation\\Application))
#5 C:\\Users\\User\\OneDrive\\Dokumentumok\\GitHub\\TaskManagerBackEnd\\vendor\\laravel\\framework\\src\\Illuminate\\Foundation\\Console\\Kernel.php(474): Illuminate\\Foundation\\Application->bootstrapWith(Array)
#6 C:\\Users\\User\\OneDrive\\Dokumentumok\\GitHub\\TaskManagerBackEnd\\vendor\\laravel\\framework\\src\\Illuminate\\Foundation\\Console\\Kernel.php(196): Illuminate\\Foundation\\Console\\Kernel->bootstrap()
#7 Command line code(1): Illuminate\\Foundation\\Console\\Kernel->handle(Object(Symfony\\Component\\Console\\Input\\ArgvInput), Object(Symfony\\Component\\Console\\Output\\ConsoleOutput))
#8 {main}
"} 
[2026-01-22 21:38:59] local.ERROR: Uncaught ReflectionException: Class "view" does not exist in C:\Users\User\OneDrive\Dokumentumok\GitHub\TaskManagerBackEnd\vendor\laravel\framework\src\Illuminate\Container\Container.php:959
Stack trace:
#0 C:\Users\User\OneDrive\Dokumentumok\GitHub\TaskManagerBackEnd\vendor\laravel\framework\src\Illuminate\Container\Container.php(959): ReflectionClass->__construct('view')
#1 C:\Users\User\OneDrive\Dokumentumok\GitHub\TaskManagerBackEnd\vendor\laravel\framework\src\Illuminate\Container\Container.php(832): Illuminate\Container\Container->build('view')
#2 C:\Users\User\OneDrive\Dokumentumok\GitHub\TaskManagerBackEnd\vendor\laravel\framework\src\Illuminate\Foundation\Application.php(1078): Illuminate\Container\Container->resolve('view', Array, true)
#3 C:\Users\User\OneDrive\Dokumentumok\GitHub\TaskManagerBackEnd\vendor\laravel\framework\src\Illuminate\Container\Container.php(763): Illuminate\Foundation\Application->resolve('view', Array)
#4 C:\Users\User\OneDrive\Dokumentumok\GitHub\TaskManagerBackEnd\vendor\laravel\framework\src\Illuminate\Foundation\Application.php(1058): Illuminate\Container\Container->make('view', Array)
#5 C:\Users\User\OneDrive\Dokumentumok\GitHub\TaskManagerBackEnd\vendor\laravel\framework\src\Illuminate\Foundation\helpers.php(124): Illuminate\Foundation\Application->make('view', Array)
#6 Command line code(1): app('view')
#7 {main}

Next Illuminate\Contracts\Container\BindingResolutionException: Target class [view] does not exist. in C:\Users\User\OneDrive\Dokumentumok\GitHub\TaskManagerBackEnd\vendor\laravel\framework\src\Illuminate\Container\Container.php:961
Stack trace:
#0 C:\Users\User\OneDrive\Dokumentumok\GitHub\TaskManagerBackEnd\vendor\laravel\framework\src\Illuminate\Container\Container.php(832): Illuminate\Container\Container->build('view')
#1 C:\Users\User\OneDrive\Dokumentumok\GitHub\TaskManagerBackEnd\vendor\laravel\framework\src\Illuminate\Foundation\Application.php(1078): Illuminate\Container\Container->resolve('view', Array, true)
#2 C:\Users\User\OneDrive\Dokumentumok\GitHub\TaskManagerBackEnd\vendor\laravel\framework\src\Illuminate\Container\Container.php(763): Illuminate\Foundation\Application->resolve('view', Array)
#3 C:\Users\User\OneDrive\Dokumentumok\GitHub\TaskManagerBackEnd\vendor\laravel\framework\src\Illuminate\Foundation\Application.php(1058): Illuminate\Container\Container->make('view', Array)
#4 C:\Users\User\OneDrive\Dokumentumok\GitHub\TaskManagerBackEnd\vendor\laravel\framework\src\Illuminate\Foundation\helpers.php(124): Illuminate\Foundation\Application->make('view', Array)
#5 Command line code(1): app('view')
#6 {main}
  thrown {"exception":"[object] (Symfony\\Component\\ErrorHandler\\Error\\FatalError(code: 0): Uncaught ReflectionException: Class \"view\" does not exist in C:\\Users\\User\\OneDrive\\Dokumentumok\\GitHub\\TaskManagerBackEnd\\vendor\\laravel\\framework\\src\\Illuminate\\Container\\Container.php:959
Stack trace:
#0 C:\\Users\\User\\OneDrive\\Dokumentumok\\GitHub\\TaskManagerBackEnd\\vendor\\laravel\\framework\\src\\Illuminate\\Container\\Container.php(959): ReflectionClass->__construct('view')
#1 C:\\Users\\User\\OneDrive\\Dokumentumok\\GitHub\\TaskManagerBackEnd\\vendor\\laravel\\framework\\src\\Illuminate\\Container\\Container.php(832): Illuminate\\Container\\Container->build('view')
#2 C:\\Users\\User\\OneDrive\\Dokumentumok\\GitHub\\TaskManagerBackEnd\\vendor\\laravel\\framework\\src\\Illuminate\\Foundation\\Application.php(1078): Illuminate\\Container\\Container->resolve('view', Array, true)
#3 C:\\Users\\User\\OneDrive\\Dokumentumok\\GitHub\\TaskManagerBackEnd\\vendor\\laravel\\framework\\src\\Illuminate\\Container\\Container.php(763): Illuminate\\Foundation\\Application->resolve('view', Array)
#4 C:\\Users\\User\\OneDrive\\Dokumentumok\\GitHub\\TaskManagerBackEnd\\vendor\\laravel\\framework\\src\\Illuminate\\Foundation\\Application.php(1058): Illuminate\\Container\\Container->make('view', Array)
#5 C:\\Users\\User\\OneDrive\\Dokumentumok\\GitHub\\TaskManagerBackEnd\\vendor\\laravel\\framework\\src\\Illuminate\\Foundation\\helpers.php(124): Illuminate\\Foundation\\Application->make('view', Array)
#6 Command line code(1): app('view')
#7 {main}

Next Illuminate\\Contracts\\Container\\BindingResolutionException: Target class [view] does not exist. in C:\\Users\\User\\OneDrive\\Dokumentumok\\GitHub\\TaskManagerBackEnd\\vendor\\laravel\\framework\\src\\Illuminate\\Container\\Container.php:961
Stack trace:
#0 C:\\Users\\User\\OneDrive\\Dokumentumok\\GitHub\\TaskManagerBackEnd\\vendor\\laravel\\framework\\src\\Illuminate\\Container\\Container.php(832): Illuminate\\Container\\Container->build('view')
#1 C:\\Users\\User\\OneDrive\\Dokumentumok\\GitHub\\TaskManagerBackEnd\\vendor\\laravel\\framework\\src\\Illuminate\\Foundation\\Application.php(1078): Illuminate\\Container\\Container->resolve('view', Array, true)
#2 C:\\Users\\User\\OneDrive\\Dokumentumok\\GitHub\\TaskManagerBackEnd\\vendor\\laravel\\framework\\src\\Illuminate\\Container\\Container.php(763): Illuminate\\Foundation\\Application->resolve('view', Array)
#3 C:\\Users\\User\\OneDrive\\Dokumentumok\\GitHub\\TaskManagerBackEnd\\vendor\\laravel\\framework\\src\\Illuminate\\Foundation\\Application.php(1058): Illuminate\\Container\\Container->make('view', Array)
#4 C:\\Users\\User\\OneDrive\\Dokumentumok\\GitHub\\TaskManagerBackEnd\\vendor\\laravel\\framework\\src\\Illuminate\\Foundation\\helpers.php(124): Illuminate\\Foundation\\Application->make('view', Array)
#5 Command line code(1): app('view')
#6 {main}
  thrown at C:\\Users\\User\\OneDrive\\Dokumentumok\\GitHub\\TaskManagerBackEnd\\vendor\\laravel\\framework\\src\\Illuminate\\Container\\Container.php:961)
[stacktrace]
#0 {main}
"} 
